Using pre-set license
Built from '2023.2/staging' branch; Version is '2023.2.20f1 (0e25a174756c) revision 927137'; Using compiler version '193431935'; Build Type 'Release'
OS: 'Windows 10  (10.0.19045) 64bit CoreSingleLanguage' Language: 'en' Physical Memory: 15775 MB
BatchMode: 1, IsHumanControllingUs: 0, StartBugReporterOnCrash: 0, Is64bit: 1, IsPro: 1

COMMAND LINE ARGUMENTS:
C:\Program Files\Unity\Hub\Editor\2023.2.20f1\Editor\Unity.exe
-adb2
-batchMode
-noUpm
-name
AssetImportWorker2
-projectPath
C:/Users/ASUS/Documents/GitHub/GDENG01-GameJam-Home/GDENG-GameJam1
-logFile
Logs/AssetImportWorker2.log
-srvPort
54227
-job-worker-count
7
-background-job-worker-count
8
-asset-garbage-collectors
1
Successfully changed project path to: C:/Users/ASUS/Documents/GitHub/GDENG01-GameJam-Home/GDENG-GameJam1
C:/Users/ASUS/Documents/GitHub/GDENG01-GameJam-Home/GDENG-GameJam1
[UnityMemory] Configuration Parameters - Can be set up in boot.config
    "memorysetup-bucket-allocator-granularity=16"
    "memorysetup-bucket-allocator-bucket-count=8"
    "memorysetup-bucket-allocator-block-size=33554432"
    "memorysetup-bucket-allocator-block-count=8"
    "memorysetup-main-allocator-block-size=16777216"
    "memorysetup-thread-allocator-block-size=16777216"
    "memorysetup-gfx-main-allocator-block-size=16777216"
    "memorysetup-gfx-thread-allocator-block-size=16777216"
    "memorysetup-cache-allocator-block-size=4194304"
    "memorysetup-typetree-allocator-block-size=2097152"
    "memorysetup-profiler-bucket-allocator-granularity=16"
    "memorysetup-profiler-bucket-allocator-bucket-count=8"
    "memorysetup-profiler-bucket-allocator-block-size=33554432"
    "memorysetup-profiler-bucket-allocator-block-count=8"
    "memorysetup-profiler-allocator-block-size=16777216"
    "memorysetup-profiler-editor-allocator-block-size=1048576"
    "memorysetup-temp-allocator-size-main=16777216"
    "memorysetup-job-temp-allocator-block-size=2097152"
    "memorysetup-job-temp-allocator-block-size-background=1048576"
    "memorysetup-job-temp-allocator-reduction-small-platforms=262144"
    "memorysetup-allocator-temp-initial-block-size-main=262144"
    "memorysetup-allocator-temp-initial-block-size-worker=262144"
    "memorysetup-temp-allocator-size-background-worker=32768"
    "memorysetup-temp-allocator-size-job-worker=262144"
    "memorysetup-temp-allocator-size-preload-manager=33554432"
    "memorysetup-temp-allocator-size-nav-mesh-worker=65536"
    "memorysetup-temp-allocator-size-audio-worker=65536"
    "memorysetup-temp-allocator-size-cloud-worker=32768"
    "memorysetup-temp-allocator-size-gi-baking-worker=262144"
    "memorysetup-temp-allocator-size-gi-baking-worker=262144"
    "memorysetup-temp-allocator-size-gi-baking-worker=262144"
    "memorysetup-temp-allocator-size-gi-baking-worker=262144"
    "memorysetup-temp-allocator-size-gfx=262144"
Player connection [6212] Host "[IP] 192.168.18.9 [Port] 0 [Flags] 2 [Guid] 2822812582 [EditorId] 2822812582 [Version] 1048832 [Id] WindowsEditor(7,DESKTOP-LOCDEUQ) [Debug] 1 [PackageName] WindowsEditor [ProjectName] Editor" joined multi-casting on [225.0.0.222:54997]...
Player connection [6212] Host "[IP] 192.168.18.9 [Port] 0 [Flags] 2 [Guid] 2822812582 [EditorId] 2822812582 [Version] 1048832 [Id] WindowsEditor(7,DESKTOP-LOCDEUQ) [Debug] 1 [PackageName] WindowsEditor [ProjectName] Editor" joined alternative multi-casting on [225.0.0.222:34997]...
JobSystem: Creating JobQueue using job-worker-count value 7
[Physics::Module] Initialized MultithreadedJobDispatcher with 7 workers.
Library Redirect Path: Library/
Refreshing native plugins compatible for Editor in 1.98 ms, found 3 plugins.
Preloading 0 native plugins for Editor in 0.00 ms.
Initialize engine version: 2023.2.20f1 (0e25a174756c)
[Subsystems] Discovering subsystems at path C:/Program Files/Unity/Hub/Editor/2023.2.20f1/Editor/Data/Resources/UnitySubsystems
[Subsystems] Discovering subsystems at path C:/Users/ASUS/Documents/GitHub/GDENG01-GameJam-Home/GDENG-GameJam1/Assets
GfxDevice: creating device client; kGfxThreadingModeNonThreaded
Direct3D:
    Version:  Direct3D 11.0 [level 11.1]
    Renderer: NVIDIA GeForce RTX 3050 Laptop GPU (ID=0x25a2)
    Vendor:   NVIDIA
    VRAM:     3964 MB
    Driver:   32.0.15.6607
Initialize mono
Mono path[0] = 'C:/Program Files/Unity/Hub/Editor/2023.2.20f1/Editor/Data/Managed'
Mono path[1] = 'C:/Program Files/Unity/Hub/Editor/2023.2.20f1/Editor/Data/MonoBleedingEdge/lib/mono/unityjit-win32'
Mono config path = 'C:/Program Files/Unity/Hub/Editor/2023.2.20f1/Editor/Data/MonoBleedingEdge/etc'
Using monoOptions --debugger-agent=transport=dt_socket,embedding=1,server=y,suspend=n,address=127.0.0.1:56092
Begin MonoManager ReloadAssembly
Registering precompiled unity dll's ...
Register platform support module: C:/Program Files/Unity/Hub/Editor/2023.2.20f1/Editor/Data/PlaybackEngines/WindowsStandaloneSupport/UnityEditor.WindowsStandalone.Extensions.dll
Register platform support module: C:/Program Files/Unity/Hub/Editor/2023.2.20f1/Editor/Data/PlaybackEngines/AndroidPlayer/UnityEditor.Android.Extensions.dll
Registered in 0.006735 seconds.
- Loaded All Assemblies, in  0.576 seconds
Native extension for Android target not found
Android Extension - Scanning For ADB Devices 291 ms
Native extension for WindowsStandalone target not found
Mono: successfully reloaded assembly
- Finished resetting the current domain, in  0.702 seconds
Domain Reload Profiling: 1274ms
	BeginReloadAssembly (204ms)
		ExecutionOrderSort (0ms)
		DisableScriptedObjects (0ms)
		BackupInstance (0ms)
		ReleaseScriptingObjects (0ms)
		CreateAndSetChildDomain (2ms)
	RebuildCommonClasses (48ms)
	RebuildNativeTypeToScriptingClass (14ms)
	initialDomainReloadingComplete (76ms)
	LoadAllAssembliesAndSetupDomain (229ms)
		LoadAssemblies (200ms)
		RebuildTransferFunctionScriptingTraits (0ms)
		AnalyzeDomain (224ms)
			TypeCache.Refresh (222ms)
				TypeCache.ScanAssembly (203ms)
			BuildScriptInfoCaches (0ms)
			ResolveRequiredComponents (1ms)
	FinalizeReload (703ms)
		ReleaseScriptCaches (0ms)
		RebuildScriptCaches (0ms)
		SetupLoadedEditorAssemblies (649ms)
			LogAssemblyErrors (0ms)
			InitializePlatformSupportModulesInManaged (420ms)
			SetLoadedEditorAssemblies (4ms)
			BeforeProcessingInitializeOnLoad (7ms)
			ProcessInitializeOnLoadAttributes (165ms)
			ProcessInitializeOnLoadMethodAttributes (54ms)
			AfterProcessingInitializeOnLoad (0ms)
			EditorAssembliesLoaded (0ms)
		ExecutionOrderSort2 (0ms)
		AwakeInstancesAfterBackupRestoration (0ms)
========================================================================
Worker process is ready to serve import requests
Import Worker Mode flag is 0x00
Begin MonoManager ReloadAssembly
Symbol file LoadedFromMemory doesn't match image C:\Users\ASUS\Documents\GitHub\GDENG01-GameJam-Home\GDENG-GameJam1\Library\PackageCache\com.unity.visualscripting@1.8.0\Editor\VisualScripting.Core\Dependencies\YamlDotNet\Unity.VisualScripting.YamlDotNet.dll
Symbol file LoadedFromMemory doesn't match image C:\Users\ASUS\Documents\GitHub\GDENG01-GameJam-Home\GDENG-GameJam1\Library\PackageCache\com.unity.visualscripting@1.8.0\Editor\VisualScripting.Core\Dependencies\DotNetZip\Unity.VisualScripting.IonicZip.dll
- Loaded All Assemblies, in  1.307 seconds
Refreshing native plugins compatible for Editor in 0.80 ms, found 3 plugins.
Native extension for Android target not found
Native extension for WindowsStandalone target not found
Mono: successfully reloaded assembly
- Finished resetting the current domain, in  0.762 seconds
Domain Reload Profiling: 2064ms
	BeginReloadAssembly (657ms)
		ExecutionOrderSort (0ms)
		DisableScriptedObjects (6ms)
		BackupInstance (0ms)
		ReleaseScriptingObjects (0ms)
		CreateAndSetChildDomain (44ms)
	RebuildCommonClasses (39ms)
	RebuildNativeTypeToScriptingClass (13ms)
	initialDomainReloadingComplete (42ms)
	LoadAllAssembliesAndSetupDomain (550ms)
		LoadAssemblies (495ms)
		RebuildTransferFunctionScriptingTraits (0ms)
		AnalyzeDomain (184ms)
			TypeCache.Refresh (154ms)
				TypeCache.ScanAssembly (140ms)
			BuildScriptInfoCaches (21ms)
			ResolveRequiredComponents (5ms)
	FinalizeReload (763ms)
		ReleaseScriptCaches (0ms)
		RebuildScriptCaches (0ms)
		SetupLoadedEditorAssemblies (572ms)
			LogAssemblyErrors (0ms)
			InitializePlatformSupportModulesInManaged (20ms)
			SetLoadedEditorAssemblies (3ms)
			BeforeProcessingInitializeOnLoad (44ms)
			ProcessInitializeOnLoadAttributes (477ms)
			ProcessInitializeOnLoadMethodAttributes (20ms)
			AfterProcessingInitializeOnLoad (7ms)
			EditorAssembliesLoaded (0ms)
		ExecutionOrderSort2 (0ms)
		AwakeInstancesAfterBackupRestoration (8ms)
Launched and connected shader compiler UnityShaderCompiler.exe after 0.01 seconds
Refreshing native plugins compatible for Editor in 1.21 ms, found 3 plugins.
Preloading 0 native plugins for Editor in 0.00 ms.
Unloading 63 Unused Serialized files (Serialized files now loaded: 0)
Unloading 3675 unused Assets / (1.8 MB). Loaded Objects now: 4308.
Memory consumption went from 128.1 MB to 126.3 MB.
Total: 9.043900 ms (FindLiveObjects: 0.566200 ms CreateObjectMapping: 0.265200 ms MarkObjects: 6.572700 ms  DeleteObjects: 1.639200 ms)

========================================================================
Received Import Request.
  Time since last request: 1420754.637091 seconds.
  path: Assets/Package04_Free_Kitchen/FreeKitchen/Prefabs/Version02/FreeCabinet03_DrawerBig.prefab
  artifactKey: Guid(c0adec9f6a2d84c79bff54e8417e3cf6) Importer(815301076,1909f56bfc062723c751e8b465ee728b)
Start importing Assets/Package04_Free_Kitchen/FreeKitchen/Prefabs/Version02/FreeCabinet03_DrawerBig.prefab using Guid(c0adec9f6a2d84c79bff54e8417e3cf6) Importer(815301076,1909f56bfc062723c751e8b465ee728b) (PreviewImporter) -> (artifact id: '269fceba44f87b15f14c4f9522655c47') in 0.2407869 seconds
Number of updated asset objects reloaded before import = 0Number of asset objects unloaded after import = 13

========================================================================
Received Import Request.
  Time since last request: 0.000031 seconds.
  path: Assets/Package04_Free_Kitchen/FreeKitchen/Prefabs/Version02/FreeChair.prefab
  artifactKey: Guid(5521dabf3993b4491b917cb3de33b0b4) Importer(815301076,1909f56bfc062723c751e8b465ee728b)
Start importing Assets/Package04_Free_Kitchen/FreeKitchen/Prefabs/Version02/FreeChair.prefab using Guid(5521dabf3993b4491b917cb3de33b0b4) Importer(815301076,1909f56bfc062723c751e8b465ee728b) (PreviewImporter) -> (artifact id: 'ad6b49aa26a78ea5844c21da91a71021') in 0.0323863 seconds
Number of updated asset objects reloaded before import = 0Number of asset objects unloaded after import = 13

========================================================================
Received Import Request.
  Time since last request: 0.000036 seconds.
  path: Assets/Package04_Free_Kitchen/FreeKitchen/Prefabs/Version02/FreePotBig.prefab
  artifactKey: Guid(35d3766b796fd4242b5f5eaf018ade79) Importer(815301076,1909f56bfc062723c751e8b465ee728b)
Start importing Assets/Package04_Free_Kitchen/FreeKitchen/Prefabs/Version02/FreePotBig.prefab using Guid(35d3766b796fd4242b5f5eaf018ade79) Importer(815301076,1909f56bfc062723c751e8b465ee728b) (PreviewImporter) -> (artifact id: '5818e59b9394f54ca5e2a0e278b61a6c') in 0.0293652 seconds
Number of updated asset objects reloaded before import = 0Number of asset objects unloaded after import = 21

========================================================================
Received Import Request.
  Time since last request: 0.000053 seconds.
  path: Assets/Package04_Free_Kitchen/FreeKitchen/Prefabs/Version02/FreeSpatula03.prefab
  artifactKey: Guid(e2013dc2188d6423f8e140a476a0739e) Importer(815301076,1909f56bfc062723c751e8b465ee728b)
Start importing Assets/Package04_Free_Kitchen/FreeKitchen/Prefabs/Version02/FreeSpatula03.prefab using Guid(e2013dc2188d6423f8e140a476a0739e) Importer(815301076,1909f56bfc062723c751e8b465ee728b) (PreviewImporter) -> (artifact id: '8610b831f66c500802a374b5cdb65f86') in 0.0295557 seconds
Number of updated asset objects reloaded before import = 0Number of asset objects unloaded after import = 13

========================================================================
Received Import Request.
  Time since last request: 0.000017 seconds.
  path: Assets/Package04_Free_Kitchen/FreeKitchen/Prefabs/Version02/FreePepperShaker.prefab
  artifactKey: Guid(51c217fc5967344cfbbdfe07d710b205) Importer(815301076,1909f56bfc062723c751e8b465ee728b)
Start importing Assets/Package04_Free_Kitchen/FreeKitchen/Prefabs/Version02/FreePepperShaker.prefab using Guid(51c217fc5967344cfbbdfe07d710b205) Importer(815301076,1909f56bfc062723c751e8b465ee728b) (PreviewImporter) -> (artifact id: 'a17655936a072181d58d0a9fd2b28e3c') in 0.0317043 seconds
Number of updated asset objects reloaded before import = 0Number of asset objects unloaded after import = 13

========================================================================
Received Import Request.
  Time since last request: 0.000019 seconds.
  path: Assets/Package04_Free_Kitchen/FreeKitchen/Prefabs/Version02/FreeVase.prefab
  artifactKey: Guid(f8e0bfb15ae794407b47305682a43dcb) Importer(815301076,1909f56bfc062723c751e8b465ee728b)
Start importing Assets/Package04_Free_Kitchen/FreeKitchen/Prefabs/Version02/FreeVase.prefab using Guid(f8e0bfb15ae794407b47305682a43dcb) Importer(815301076,1909f56bfc062723c751e8b465ee728b) (PreviewImporter) -> (artifact id: '8d2c3d47fbd9b6476f03627f87bc0dc0') in 0.0306767 seconds
Number of updated asset objects reloaded before import = 0Number of asset objects unloaded after import = 13

========================================================================
Received Import Request.
  Time since last request: 0.000034 seconds.
  path: Assets/Package04_Free_Kitchen/FreeKitchen/Prefabs/Version02/FreeExtractorHood.prefab
  artifactKey: Guid(c7e29f9db90054909a07a4b7127fc57d) Importer(815301076,1909f56bfc062723c751e8b465ee728b)
Start importing Assets/Package04_Free_Kitchen/FreeKitchen/Prefabs/Version02/FreeExtractorHood.prefab using Guid(c7e29f9db90054909a07a4b7127fc57d) Importer(815301076,1909f56bfc062723c751e8b465ee728b) (PreviewImporter) -> (artifact id: 'f31981db3a21c7b5bf7c92cee839cbb8') in 0.0298289 seconds
Number of updated asset objects reloaded before import = 0Number of asset objects unloaded after import = 13

========================================================================
Received Import Request.
  Time since last request: 0.000019 seconds.
  path: Assets/Package04_Free_Kitchen/FreeKitchen/Prefabs/Version02/FreeStove.prefab
  artifactKey: Guid(2748183b26eb5462ab1b3d094bc13ae9) Importer(815301076,1909f56bfc062723c751e8b465ee728b)
Start importing Assets/Package04_Free_Kitchen/FreeKitchen/Prefabs/Version02/FreeStove.prefab using Guid(2748183b26eb5462ab1b3d094bc13ae9) Importer(815301076,1909f56bfc062723c751e8b465ee728b) (PreviewImporter) -> (artifact id: '846f9aa9d0a07a0712822d22d00a0e7f') in 0.0332656 seconds
Number of updated asset objects reloaded before import = 0Number of asset objects unloaded after import = 21

========================================================================
Received Import Request.
  Time since last request: 0.000027 seconds.
  path: Assets/Package04_Free_Kitchen/FreeKitchen/Prefabs/Version02/StoveWithExtractorHood.prefab
  artifactKey: Guid(81cc080e38296414190455d95818ac80) Importer(815301076,1909f56bfc062723c751e8b465ee728b)
Start importing Assets/Package04_Free_Kitchen/FreeKitchen/Prefabs/Version02/StoveWithExtractorHood.prefab using Guid(81cc080e38296414190455d95818ac80) Importer(815301076,1909f56bfc062723c751e8b465ee728b) (PreviewImporter) -> (artifact id: 'a0671b989cc29f585ec33d74ef8b666e') in 0.0286408 seconds
Number of updated asset objects reloaded before import = 0Number of asset objects unloaded after import = 50

========================================================================
Received Import Request.
  Time since last request: 0.000021 seconds.
  path: Assets/Package04_Free_Kitchen/FreeKitchen/Prefabs/Version02/FreeRoom_Version02.prefab
  artifactKey: Guid(df50b00d653da4daeb7be587a0685c4d) Importer(815301076,1909f56bfc062723c751e8b465ee728b)
Start importing Assets/Package04_Free_Kitchen/FreeKitchen/Prefabs/Version02/FreeRoom_Version02.prefab using Guid(df50b00d653da4daeb7be587a0685c4d) Importer(815301076,1909f56bfc062723c751e8b465ee728b) (PreviewImporter) -> (artifact id: '16e4b9652a38ebf71799cf14d2c890ea') in 0.2423014 seconds
Number of updated asset objects reloaded before import = 0Number of asset objects unloaded after import = 1216

========================================================================
Received Import Request.
  Time since last request: 0.000079 seconds.
  path: Assets/Package04_Free_Kitchen/FreeKitchen/Prefabs/Version02/FreeLampPart.prefab
  artifactKey: Guid(80ecaebe26d0a4d1e9dca4b7b6956d5c) Importer(815301076,1909f56bfc062723c751e8b465ee728b)
Start importing Assets/Package04_Free_Kitchen/FreeKitchen/Prefabs/Version02/FreeLampPart.prefab using Guid(80ecaebe26d0a4d1e9dca4b7b6956d5c) Importer(815301076,1909f56bfc062723c751e8b465ee728b) (PreviewImporter) -> (artifact id: '88c71ca2b736a1cc0b3cd5c4256fe21d') in 0.0356456 seconds
Number of updated asset objects reloaded before import = 0Number of asset objects unloaded after import = 45

========================================================================
Received Import Request.
  Time since last request: 0.000033 seconds.
  path: Assets/Package04_Free_Kitchen/FreeKitchen/Prefabs/Version02/FreeRefrigerator.prefab
  artifactKey: Guid(8d5e9548b0e8c40808e15b9393d08ade) Importer(815301076,1909f56bfc062723c751e8b465ee728b)
Start importing Assets/Package04_Free_Kitchen/FreeKitchen/Prefabs/Version02/FreeRefrigerator.prefab using Guid(8d5e9548b0e8c40808e15b9393d08ade) Importer(815301076,1909f56bfc062723c751e8b465ee728b) (PreviewImporter) -> (artifact id: 'b237ab8f084cd38483566c3cf37492b2') in 0.0351218 seconds
Number of updated asset objects reloaded before import = 0Number of asset objects unloaded after import = 27

========================================================================
Received Import Request.
  Time since last request: 0.536751 seconds.
  path: Assets/Package04_Free_Kitchen/FreeKitchen/Prefabs/Version02/Cabinet01WithEquipment.prefab
  artifactKey: Guid(7734db661ffff4dc9ab2fb743c270b77) Importer(815301076,1909f56bfc062723c751e8b465ee728b)
Start importing Assets/Package04_Free_Kitchen/FreeKitchen/Prefabs/Version02/Cabinet01WithEquipment.prefab using Guid(7734db661ffff4dc9ab2fb743c270b77) Importer(815301076,1909f56bfc062723c751e8b465ee728b) (PreviewImporter) -> (artifact id: '4f5af5895ebe946af8dbe603b7ac8c8a') in 0.0875782 seconds
Number of updated asset objects reloaded before import = 0Number of asset objects unloaded after import = 183

========================================================================
Received Import Request.
  Time since last request: 0.000030 seconds.
  path: Assets/Package04_Free_Kitchen/FreeKitchen/Prefabs/Version02/FreeCabinet01_DoorLeft.prefab
  artifactKey: Guid(99ee90d1610c340478aa3a25e9c2b009) Importer(815301076,1909f56bfc062723c751e8b465ee728b)
Start importing Assets/Package04_Free_Kitchen/FreeKitchen/Prefabs/Version02/FreeCabinet01_DoorLeft.prefab using Guid(99ee90d1610c340478aa3a25e9c2b009) Importer(815301076,1909f56bfc062723c751e8b465ee728b) (PreviewImporter) -> (artifact id: 'e991e80e5d77e9ec66ff372a88d1ab63') in 0.0324487 seconds
Number of updated asset objects reloaded before import = 0Number of asset objects unloaded after import = 13

========================================================================
Received Import Request.
  Time since last request: 0.000029 seconds.
  path: Assets/Package04_Free_Kitchen/FreeKitchen/Prefabs/Version02/FreeBowl02.prefab
  artifactKey: Guid(37a684543466346ddad0629d23c32189) Importer(815301076,1909f56bfc062723c751e8b465ee728b)
Start importing Assets/Package04_Free_Kitchen/FreeKitchen/Prefabs/Version02/FreeBowl02.prefab using Guid(37a684543466346ddad0629d23c32189) Importer(815301076,1909f56bfc062723c751e8b465ee728b) (PreviewImporter) -> (artifact id: '5ef7ee41ba960d850de6e63c6c73b907') in 0.0391525 seconds
Number of updated asset objects reloaded before import = 0Number of asset objects unloaded after import = 13

========================================================================
Received Import Request.
  Time since last request: 0.000026 seconds.
  path: Assets/Package04_Free_Kitchen/FreeKitchen/Prefabs/Version02/FreeBowl01.prefab
  artifactKey: Guid(f9b46880c7d52469a8c1b79e124a0b45) Importer(815301076,1909f56bfc062723c751e8b465ee728b)
Start importing Assets/Package04_Free_Kitchen/FreeKitchen/Prefabs/Version02/FreeBowl01.prefab using Guid(f9b46880c7d52469a8c1b79e124a0b45) Importer(815301076,1909f56bfc062723c751e8b465ee728b) (PreviewImporter) -> (artifact id: 'd05dff77d07c6a98f65329f7f0e732cd') in 0.0341459 seconds
Number of updated asset objects reloaded before import = 0Number of asset objects unloaded after import = 13

========================================================================
Received Import Request.
  Time since last request: 0.000025 seconds.
  path: Assets/Package04_Free_Kitchen/FreeKitchen/Prefabs/Version02/FreeCabinet01_DoorRight.prefab
  artifactKey: Guid(8db0836c2768d4672b6a6a5769326053) Importer(815301076,1909f56bfc062723c751e8b465ee728b)
Start importing Assets/Package04_Free_Kitchen/FreeKitchen/Prefabs/Version02/FreeCabinet01_DoorRight.prefab using Guid(8db0836c2768d4672b6a6a5769326053) Importer(815301076,1909f56bfc062723c751e8b465ee728b) (PreviewImporter) -> (artifact id: '793781979006fd14cc3fa76013e80806') in 0.0335104 seconds
Number of updated asset objects reloaded before import = 0Number of asset objects unloaded after import = 13

========================================================================
Received Import Request.
  Time since last request: 0.000035 seconds.
  path: Assets/Package04_Free_Kitchen/FreeKitchen/Prefabs/Version02/FreeCabinet01.prefab
  artifactKey: Guid(d449a4154505d4b9aacfd3fd4b49b299) Importer(815301076,1909f56bfc062723c751e8b465ee728b)
Start importing Assets/Package04_Free_Kitchen/FreeKitchen/Prefabs/Version02/FreeCabinet01.prefab using Guid(d449a4154505d4b9aacfd3fd4b49b299) Importer(815301076,1909f56bfc062723c751e8b465ee728b) (PreviewImporter) -> (artifact id: '36c2199668a4a4017f74ca21a4fc6565') in 0.0313043 seconds
Number of updated asset objects reloaded before import = 0Number of asset objects unloaded after import = 51

========================================================================
Received Import Request.
  Time since last request: 1.248761 seconds.
  path: Assets/Package04_Free_Kitchen/FreeKitchen/Prefabs/Version03/Cabinet01WithEquipment.prefab
  artifactKey: Guid(3ee430363e58744599433f823828dae8) Importer(815301076,1909f56bfc062723c751e8b465ee728b)
Start importing Assets/Package04_Free_Kitchen/FreeKitchen/Prefabs/Version03/Cabinet01WithEquipment.prefab using Guid(3ee430363e58744599433f823828dae8) Importer(815301076,1909f56bfc062723c751e8b465ee728b) (PreviewImporter) -> (artifact id: '9d492ed8518490e226ea6650b2cccb3b') in 0.098292 seconds
Number of updated asset objects reloaded before import = 0Number of asset objects unloaded after import = 183

========================================================================
Received Import Request.
  Time since last request: 0.000079 seconds.
  path: Assets/Package04_Free_Kitchen/FreeKitchen/Prefabs/Version03/FreeBowl02.prefab
  artifactKey: Guid(e846334a742a443e3bea8b7fb0ad986e) Importer(815301076,1909f56bfc062723c751e8b465ee728b)
Start importing Assets/Package04_Free_Kitchen/FreeKitchen/Prefabs/Version03/FreeBowl02.prefab using Guid(e846334a742a443e3bea8b7fb0ad986e) Importer(815301076,1909f56bfc062723c751e8b465ee728b) (PreviewImporter) -> (artifact id: '5f8aba100fd414b4e754610594c0b434') in 0.0438576 seconds
Number of updated asset objects reloaded before import = 0Number of asset objects unloaded after import = 13

========================================================================
Received Import Request.
  Time since last request: 0.000060 seconds.
  path: Assets/Package04_Free_Kitchen/FreeKitchen/Prefabs/Version03/FreeStove.prefab
  artifactKey: Guid(298895b511241425b89c241ef25303b4) Importer(815301076,1909f56bfc062723c751e8b465ee728b)
Start importing Assets/Package04_Free_Kitchen/FreeKitchen/Prefabs/Version03/FreeStove.prefab using Guid(298895b511241425b89c241ef25303b4) Importer(815301076,1909f56bfc062723c751e8b465ee728b) (PreviewImporter) -> (artifact id: '4ec53f91684c40646774d84047fc4036') in 0.0432069 seconds
Number of updated asset objects reloaded before import = 0Number of asset objects unloaded after import = 21

========================================================================
Received Import Request.
  Time since last request: 0.000021 seconds.
  path: Assets/Package04_Free_Kitchen/FreeKitchen/Prefabs/Version03/FreeCabinet02.prefab
  artifactKey: Guid(1cf3fa848684a40c89252e5dfeb46937) Importer(815301076,1909f56bfc062723c751e8b465ee728b)
Start importing Assets/Package04_Free_Kitchen/FreeKitchen/Prefabs/Version03/FreeCabinet02.prefab using Guid(1cf3fa848684a40c89252e5dfeb46937) Importer(815301076,1909f56bfc062723c751e8b465ee728b) (PreviewImporter) -> (artifact id: 'ebe304fe94862c852766941b73eab3ef') in 0.0325431 seconds
Number of updated asset objects reloaded before import = 0Number of asset objects unloaded after import = 32

========================================================================
Received Import Request.
  Time since last request: 0.000023 seconds.
  path: Assets/Package04_Free_Kitchen/FreeKitchen/Prefabs/Version03/FreeSpatula03.prefab
  artifactKey: Guid(668b5f2d7a1ae4d7487f27b276c1585e) Importer(815301076,1909f56bfc062723c751e8b465ee728b)
Start importing Assets/Package04_Free_Kitchen/FreeKitchen/Prefabs/Version03/FreeSpatula03.prefab using Guid(668b5f2d7a1ae4d7487f27b276c1585e) Importer(815301076,1909f56bfc062723c751e8b465ee728b) (PreviewImporter) -> (artifact id: 'fc06743814b21cb976d5c679906a8568') in 0.0344843 seconds
Number of updated asset objects reloaded before import = 0Number of asset objects unloaded after import = 13

========================================================================
Received Import Request.
  Time since last request: 0.000024 seconds.
  path: Assets/Package04_Free_Kitchen/FreeKitchen/Prefabs/Version03/ShelfWithEquipment02.prefab
  artifactKey: Guid(aa1df0f72b9ae4474bc51acbd4283775) Importer(815301076,1909f56bfc062723c751e8b465ee728b)
Start importing Assets/Package04_Free_Kitchen/FreeKitchen/Prefabs/Version03/ShelfWithEquipment02.prefab using Guid(aa1df0f72b9ae4474bc51acbd4283775) Importer(815301076,1909f56bfc062723c751e8b465ee728b) (PreviewImporter) -> (artifact id: 'd133ef0530e7619dcd8ad2228abe0e38') in 0.0510065 seconds
Number of updated asset objects reloaded before import = 0Number of asset objects unloaded after import = 85

========================================================================
Received Import Request.
  Time since last request: 0.000023 seconds.
  path: Assets/Package04_Free_Kitchen/FreeKitchen/Prefabs/Version03/FreeShelf.prefab
  artifactKey: Guid(3c53d06be5fe04d0daa38ac01bb2ae2f) Importer(815301076,1909f56bfc062723c751e8b465ee728b)
Start importing Assets/Package04_Free_Kitchen/FreeKitchen/Prefabs/Version03/FreeShelf.prefab using Guid(3c53d06be5fe04d0daa38ac01bb2ae2f) Importer(815301076,1909f56bfc062723c751e8b465ee728b) (PreviewImporter) -> (artifact id: 'e672fc8c3b12f7489bc3d91d39c1ea24') in 0.0344762 seconds
Number of updated asset objects reloaded before import = 0Number of asset objects unloaded after import = 13

========================================================================
Received Import Request.
  Time since last request: 0.000027 seconds.
  path: Assets/Package04_Free_Kitchen/FreeKitchen/Prefabs/Version03/FreeMirkowave.prefab
  artifactKey: Guid(81f07854633244b8589d1a4e251a438a) Importer(815301076,1909f56bfc062723c751e8b465ee728b)
Start importing Assets/Package04_Free_Kitchen/FreeKitchen/Prefabs/Version03/FreeMirkowave.prefab using Guid(81f07854633244b8589d1a4e251a438a) Importer(815301076,1909f56bfc062723c751e8b465ee728b) (PreviewImporter) -> (artifact id: 'c193a4f33bc3cfab457f5343684cc2f3') in 0.0362092 seconds
Number of updated asset objects reloaded before import = 0Number of asset objects unloaded after import = 21

========================================================================
Received Import Request.
  Time since last request: 0.000039 seconds.
  path: Assets/Package04_Free_Kitchen/FreeKitchen/Prefabs/Version03/FreePotSmall.prefab
  artifactKey: Guid(1b7ac749de9164278ab354e436c4445b) Importer(815301076,1909f56bfc062723c751e8b465ee728b)
Start importing Assets/Package04_Free_Kitchen/FreeKitchen/Prefabs/Version03/FreePotSmall.prefab using Guid(1b7ac749de9164278ab354e436c4445b) Importer(815301076,1909f56bfc062723c751e8b465ee728b) (PreviewImporter) -> (artifact id: '4c752947aff7e0d339c9de3bc0ba7d69') in 0.0360414 seconds
Number of updated asset objects reloaded before import = 0Number of asset objects unloaded after import = 13

========================================================================
Received Import Request.
  Time since last request: 0.000022 seconds.
  path: Assets/Package04_Free_Kitchen/FreeKitchen/Prefabs/Version03/FreeCabinet01_DoorRight.prefab
  artifactKey: Guid(fb99711c181754fd9b52ac203b135dd9) Importer(815301076,1909f56bfc062723c751e8b465ee728b)
Start importing Assets/Package04_Free_Kitchen/FreeKitchen/Prefabs/Version03/FreeCabinet01_DoorRight.prefab using Guid(fb99711c181754fd9b52ac203b135dd9) Importer(815301076,1909f56bfc062723c751e8b465ee728b) (PreviewImporter) -> (artifact id: 'ac9bc45685c9cb2200ed154e7ef99b20') in 0.0332832 seconds
Number of updated asset objects reloaded before import = 0Number of asset objects unloaded after import = 13

========================================================================
Received Import Request.
  Time since last request: 0.000030 seconds.
  path: Assets/Package04_Free_Kitchen/FreeKitchen/Prefabs/Version03/FreeCabinet03_DrawerBig.prefab
  artifactKey: Guid(db2dc204cd5a442a9be3b4488af257be) Importer(815301076,1909f56bfc062723c751e8b465ee728b)
Start importing Assets/Package04_Free_Kitchen/FreeKitchen/Prefabs/Version03/FreeCabinet03_DrawerBig.prefab using Guid(db2dc204cd5a442a9be3b4488af257be) Importer(815301076,1909f56bfc062723c751e8b465ee728b) (PreviewImporter) -> (artifact id: 'f1b5da68eaec0b89ef17b68069a050b2') in 0.0329592 seconds
Number of updated asset objects reloaded before import = 0Number of asset objects unloaded after import = 13

========================================================================
Received Import Request.
  Time since last request: 0.000028 seconds.
  path: Assets/Package04_Free_Kitchen/FreeKitchen/Prefabs/Version03/FreeSpoon.prefab
  artifactKey: Guid(c1f9c36f50fdd477297e3ddc26b2da5a) Importer(815301076,1909f56bfc062723c751e8b465ee728b)
Start importing Assets/Package04_Free_Kitchen/FreeKitchen/Prefabs/Version03/FreeSpoon.prefab using Guid(c1f9c36f50fdd477297e3ddc26b2da5a) Importer(815301076,1909f56bfc062723c751e8b465ee728b) (PreviewImporter) -> (artifact id: 'c25a519700f529f71d8a33c31b888ca1') in 0.0342301 seconds
Number of updated asset objects reloaded before import = 0Number of asset objects unloaded after import = 13

========================================================================
Received Import Request.
  Time since last request: 0.000019 seconds.
  path: Assets/Package04_Free_Kitchen/FreeKitchen/Prefabs/Version03/FreeRefrigerator.prefab
  artifactKey: Guid(c666c7257fe3046859d7986a4dd9700c) Importer(815301076,1909f56bfc062723c751e8b465ee728b)
Start importing Assets/Package04_Free_Kitchen/FreeKitchen/Prefabs/Version03/FreeRefrigerator.prefab using Guid(c666c7257fe3046859d7986a4dd9700c) Importer(815301076,1909f56bfc062723c751e8b465ee728b) (PreviewImporter) -> (artifact id: 'e0f08f97526650d27416450b31548fd5') in 0.0326556 seconds
Number of updated asset objects reloaded before import = 0Number of asset objects unloaded after import = 27

========================================================================
Received Import Request.
  Time since last request: 0.000024 seconds.
  path: Assets/Package04_Free_Kitchen/FreeKitchen/Prefabs/Version03/CoffeeMakerWithPlateCup.prefab
  artifactKey: Guid(79ff948927cc442ffa2a06f2220b64c1) Importer(815301076,1909f56bfc062723c751e8b465ee728b)
Start importing Assets/Package04_Free_Kitchen/FreeKitchen/Prefabs/Version03/CoffeeMakerWithPlateCup.prefab using Guid(79ff948927cc442ffa2a06f2220b64c1) Importer(815301076,1909f56bfc062723c751e8b465ee728b) (PreviewImporter) -> (artifact id: '08d39db2d35a22d40cc6da579e0fe04b') in 0.0534392 seconds
Number of updated asset objects reloaded before import = 0Number of asset objects unloaded after import = 53

========================================================================
Received Import Request.
  Time since last request: 0.000028 seconds.
  path: Assets/Package04_Free_Kitchen/FreeKitchen/Prefabs/Version03/FreeSpatula02.prefab
  artifactKey: Guid(c5d95c401ebb6498abb86c916d32dc5b) Importer(815301076,1909f56bfc062723c751e8b465ee728b)
Start importing Assets/Package04_Free_Kitchen/FreeKitchen/Prefabs/Version03/FreeSpatula02.prefab using Guid(c5d95c401ebb6498abb86c916d32dc5b) Importer(815301076,1909f56bfc062723c751e8b465ee728b) (PreviewImporter) -> (artifact id: '8939bb531bd9726492bfceccb88db0dd') in 0.0335337 seconds
Number of updated asset objects reloaded before import = 0Number of asset objects unloaded after import = 13

========================================================================
Received Import Request.
  Time since last request: 0.000041 seconds.
  path: Assets/Package04_Free_Kitchen/FreeKitchen/Prefabs/Version03/FreeCabinet01.prefab
  artifactKey: Guid(5b5aea8c3144544028063b38853a8c80) Importer(815301076,1909f56bfc062723c751e8b465ee728b)
Start importing Assets/Package04_Free_Kitchen/FreeKitchen/Prefabs/Version03/FreeCabinet01.prefab using Guid(5b5aea8c3144544028063b38853a8c80) Importer(815301076,1909f56bfc062723c751e8b465ee728b) (PreviewImporter) -> (artifact id: 'ea0c816b787314f69db3844a56bdc074') in 0.0354676 seconds
Number of updated asset objects reloaded before import = 0Number of asset objects unloaded after import = 51

========================================================================
Received Import Request.
  Time since last request: 0.000020 seconds.
  path: Assets/Package04_Free_Kitchen/FreeKitchen/Prefabs/Version03/FreeSaltShaker.prefab
  artifactKey: Guid(7f496ac96f3ab4b058545abc0cfec9ca) Importer(815301076,1909f56bfc062723c751e8b465ee728b)
Start importing Assets/Package04_Free_Kitchen/FreeKitchen/Prefabs/Version03/FreeSaltShaker.prefab using Guid(7f496ac96f3ab4b058545abc0cfec9ca) Importer(815301076,1909f56bfc062723c751e8b465ee728b) (PreviewImporter) -> (artifact id: '85d8a37d1ce4e16f460ad96c4a1895b5') in 0.0310786 seconds
Number of updated asset objects reloaded before import = 0Number of asset objects unloaded after import = 13

========================================================================
Received Import Request.
  Time since last request: 0.000021 seconds.
  path: Assets/Package04_Free_Kitchen/FreeKitchen/Prefabs/Version03/FreeVase.prefab
  artifactKey: Guid(c8fbde3cd96d6478585af9ba54a74908) Importer(815301076,1909f56bfc062723c751e8b465ee728b)
Start importing Assets/Package04_Free_Kitchen/FreeKitchen/Prefabs/Version03/FreeVase.prefab using Guid(c8fbde3cd96d6478585af9ba54a74908) Importer(815301076,1909f56bfc062723c751e8b465ee728b) (PreviewImporter) -> (artifact id: '2b46c0153c830bf0da7644779fecd43c') in 0.0296746 seconds
Number of updated asset objects reloaded before import = 0Number of asset objects unloaded after import = 13

========================================================================
Received Import Request.
  Time since last request: 0.000026 seconds.
  path: Assets/Package04_Free_Kitchen/FreeKitchen/Prefabs/Version03/FreeCoffeeMaker.prefab
  artifactKey: Guid(0975a667bd2f1479ea80c8967b87cf9f) Importer(815301076,1909f56bfc062723c751e8b465ee728b)
Start importing Assets/Package04_Free_Kitchen/FreeKitchen/Prefabs/Version03/FreeCoffeeMaker.prefab using Guid(0975a667bd2f1479ea80c8967b87cf9f) Importer(815301076,1909f56bfc062723c751e8b465ee728b) (PreviewImporter) -> (artifact id: 'ed0502dddba3cfadaf325ef778e92d6a') in 0.0369901 seconds
Number of updated asset objects reloaded before import = 0Number of asset objects unloaded after import = 13

========================================================================
Received Import Request.
  Time since last request: 0.000023 seconds.
  path: Assets/Package04_Free_Kitchen/FreeKitchen/Prefabs/Version03/FreePlate.prefab
  artifactKey: Guid(177c52344eee54631af8ac52503d1ea3) Importer(815301076,1909f56bfc062723c751e8b465ee728b)
Start importing Assets/Package04_Free_Kitchen/FreeKitchen/Prefabs/Version03/FreePlate.prefab using Guid(177c52344eee54631af8ac52503d1ea3) Importer(815301076,1909f56bfc062723c751e8b465ee728b) (PreviewImporter) -> (artifact id: '9b86aed1821754acf5c5c798fe2886f6') in 0.0353545 seconds
Number of updated asset objects reloaded before import = 0Number of asset objects unloaded after import = 13

========================================================================
Received Import Request.
  Time since last request: 0.000023 seconds.
  path: Assets/Package04_Free_Kitchen/FreeKitchen/Prefabs/Version03/ShelfWithEquipment01.prefab
  artifactKey: Guid(b1682c080b95e4d0cbad249d2c896d99) Importer(815301076,1909f56bfc062723c751e8b465ee728b)
Start importing Assets/Package04_Free_Kitchen/FreeKitchen/Prefabs/Version03/ShelfWithEquipment01.prefab using Guid(b1682c080b95e4d0cbad249d2c896d99) Importer(815301076,1909f56bfc062723c751e8b465ee728b) (PreviewImporter) -> (artifact id: 'b34f62caa3093348d596d2d39403c453') in 0.0841442 seconds
Number of updated asset objects reloaded before import = 0Number of asset objects unloaded after import = 196

========================================================================
Received Import Request.
  Time since last request: 429.650382 seconds.
  path: Assets/Low_poly_Kitchen_set
  artifactKey: Guid(a505ed42a0d42dd4496b89e52a7b9f90) Importer(815301076,1909f56bfc062723c751e8b465ee728b)
Start importing Assets/Low_poly_Kitchen_set using Guid(a505ed42a0d42dd4496b89e52a7b9f90) Importer(815301076,1909f56bfc062723c751e8b465ee728b) (PreviewImporter) -> (artifact id: '38c64d91d4f65bec7587fa2fadc22669') in 0.0008117 seconds
Number of updated asset objects reloaded before import = 0Number of asset objects unloaded after import = 0

========================================================================
Received Import Request.
  Time since last request: 2.581130 seconds.
  path: Assets/Low_poly_Kitchen_set/HDRP
  artifactKey: Guid(40f7bf976a49eaf4188fb1f5ab3ac21f) Importer(815301076,1909f56bfc062723c751e8b465ee728b)
Start importing Assets/Low_poly_Kitchen_set/HDRP using Guid(40f7bf976a49eaf4188fb1f5ab3ac21f) Importer(815301076,1909f56bfc062723c751e8b465ee728b) (PreviewImporter) -> (artifact id: 'b4f034524adab077aa1d3f50d5259285') in 0.0005696 seconds
Number of updated asset objects reloaded before import = 0Number of asset objects unloaded after import = 0

========================================================================
Received Import Request.
  Time since last request: 0.763415 seconds.
  path: Assets/Low_poly_Kitchen_set/HDRP/prefeb
  artifactKey: Guid(29fcd73d0d8570741ac58f38ca85ab3a) Importer(815301076,1909f56bfc062723c751e8b465ee728b)
Start importing Assets/Low_poly_Kitchen_set/HDRP/prefeb using Guid(29fcd73d0d8570741ac58f38ca85ab3a) Importer(815301076,1909f56bfc062723c751e8b465ee728b) (PreviewImporter) -> (artifact id: 'fe08978e542a13c19513d634fba5992d') in 0.0005167 seconds
Number of updated asset objects reloaded before import = 0Number of asset objects unloaded after import = 0

========================================================================
Received Import Request.
  Time since last request: 0.031741 seconds.
  path: Assets/Low_poly_Kitchen_set/HDRP/prefeb/apple.prefab
  artifactKey: Guid(99a5e5eb73c574c45bc42ee203e06a64) Importer(815301076,1909f56bfc062723c751e8b465ee728b)
Start importing Assets/Low_poly_Kitchen_set/HDRP/prefeb/apple.prefab using Guid(99a5e5eb73c574c45bc42ee203e06a64) Importer(815301076,1909f56bfc062723c751e8b465ee728b) (PreviewImporter) -> (artifact id: '0279bc457e8b5c8b3f8954d3e514cf69') in 0.0236906 seconds
Number of updated asset objects reloaded before import = 0Number of asset objects unloaded after import = 20

========================================================================
Received Import Request.
  Time since last request: 0.000020 seconds.
  path: Assets/Low_poly_Kitchen_set/HDRP/prefeb/flower_pot.prefab
  artifactKey: Guid(eb8e3395a4c6b834fbd66276d512887d) Importer(815301076,1909f56bfc062723c751e8b465ee728b)
Start importing Assets/Low_poly_Kitchen_set/HDRP/prefeb/flower_pot.prefab using Guid(eb8e3395a4c6b834fbd66276d512887d) Importer(815301076,1909f56bfc062723c751e8b465ee728b) (PreviewImporter) -> (artifact id: 'b6fbaa9c32e6a56886ba38bcded5b34b') in 0.033795 seconds
Number of updated asset objects reloaded before import = 0Number of asset objects unloaded after import = 20

========================================================================
Received Import Request.
  Time since last request: 0.000019 seconds.
  path: Assets/Low_poly_Kitchen_set/HDRP/prefeb/kitchen_set (1).prefab
  artifactKey: Guid(f59a0e50abed6f447867c22c79d362a7) Importer(815301076,1909f56bfc062723c751e8b465ee728b)
Start importing Assets/Low_poly_Kitchen_set/HDRP/prefeb/kitchen_set (1).prefab using Guid(f59a0e50abed6f447867c22c79d362a7) Importer(815301076,1909f56bfc062723c751e8b465ee728b) (PreviewImporter) -> (artifact id: '1637c79b00ba86f8c98cd3bc2e483bf2') in 0.0367152 seconds
Number of updated asset objects reloaded before import = 0Number of asset objects unloaded after import = 169

========================================================================
Received Import Request.
  Time since last request: 0.000034 seconds.
  path: Assets/Low_poly_Kitchen_set/HDRP/prefeb/plate_3.prefab
  artifactKey: Guid(c6b1a92b5291d844585a5883a4aae97b) Importer(815301076,1909f56bfc062723c751e8b465ee728b)
Start importing Assets/Low_poly_Kitchen_set/HDRP/prefeb/plate_3.prefab using Guid(c6b1a92b5291d844585a5883a4aae97b) Importer(815301076,1909f56bfc062723c751e8b465ee728b) (PreviewImporter) -> (artifact id: 'f024717fa220a46cdb0e3923a8e8f5d5') in 0.0274668 seconds
Number of updated asset objects reloaded before import = 0Number of asset objects unloaded after import = 20

========================================================================
Received Import Request.
  Time since last request: 0.000031 seconds.
  path: Assets/Low_poly_Kitchen_set/HDRP/prefeb/pan.prefab
  artifactKey: Guid(2c4576859e877f04ca970be676c0f7cc) Importer(815301076,1909f56bfc062723c751e8b465ee728b)
Start importing Assets/Low_poly_Kitchen_set/HDRP/prefeb/pan.prefab using Guid(2c4576859e877f04ca970be676c0f7cc) Importer(815301076,1909f56bfc062723c751e8b465ee728b) (PreviewImporter) -> (artifact id: '6ff60167009afb6902fcf730551ffd6a') in 0.0262329 seconds
Number of updated asset objects reloaded before import = 0Number of asset objects unloaded after import = 22

========================================================================
Received Import Request.
  Time since last request: 0.000061 seconds.
  path: Assets/Low_poly_Kitchen_set/HDRP/prefeb/cloth.prefab
  artifactKey: Guid(edbd3a50a06371f409b7dbe3355e1f9d) Importer(815301076,1909f56bfc062723c751e8b465ee728b)
Start importing Assets/Low_poly_Kitchen_set/HDRP/prefeb/cloth.prefab using Guid(edbd3a50a06371f409b7dbe3355e1f9d) Importer(815301076,1909f56bfc062723c751e8b465ee728b) (PreviewImporter) -> (artifact id: '718b195bb8849cd1681aeeb37348dfea') in 0.0272439 seconds
Number of updated asset objects reloaded before import = 0Number of asset objects unloaded after import = 20

========================================================================
Received Import Request.
  Time since last request: 0.000178 seconds.
  path: Assets/Low_poly_Kitchen_set/HDRP/prefeb/tea_cup.prefab
  artifactKey: Guid(11a8f16b2ded4d64f93b489cc784f5a0) Importer(815301076,1909f56bfc062723c751e8b465ee728b)
Start importing Assets/Low_poly_Kitchen_set/HDRP/prefeb/tea_cup.prefab using Guid(11a8f16b2ded4d64f93b489cc784f5a0) Importer(815301076,1909f56bfc062723c751e8b465ee728b) (PreviewImporter) -> (artifact id: 'bfe4c17bf1bd37350af880845c095f8b') in 0.0265517 seconds
Number of updated asset objects reloaded before import = 0Number of asset objects unloaded after import = 20

========================================================================
Received Import Request.
  Time since last request: 0.000042 seconds.
  path: Assets/Low_poly_Kitchen_set/HDRP/prefeb/Table.prefab
  artifactKey: Guid(3654f06da69fc7840a2892f200f5751f) Importer(815301076,1909f56bfc062723c751e8b465ee728b)
Start importing Assets/Low_poly_Kitchen_set/HDRP/prefeb/Table.prefab using Guid(3654f06da69fc7840a2892f200f5751f) Importer(815301076,1909f56bfc062723c751e8b465ee728b) (PreviewImporter) -> (artifact id: '0ef4364451d778f4645f3c6a555f2ccb') in 0.019794 seconds
Number of updated asset objects reloaded before import = 0Number of asset objects unloaded after import = 20

========================================================================
Received Import Request.
  Time since last request: 0.000026 seconds.
  path: Assets/Low_poly_Kitchen_set/HDRP/prefeb/knife.prefab
  artifactKey: Guid(3888bd7327236fe40bca2d3e24f2c6ed) Importer(815301076,1909f56bfc062723c751e8b465ee728b)
Start importing Assets/Low_poly_Kitchen_set/HDRP/prefeb/knife.prefab using Guid(3888bd7327236fe40bca2d3e24f2c6ed) Importer(815301076,1909f56bfc062723c751e8b465ee728b) (PreviewImporter) -> (artifact id: '7a02691a89d3654ee23c87bb974c4e31') in 0.0205504 seconds
Number of updated asset objects reloaded before import = 0Number of asset objects unloaded after import = 22

========================================================================
Received Import Request.
  Time since last request: 0.000023 seconds.
  path: Assets/Low_poly_Kitchen_set/HDRP/prefeb/pan_2.prefab
  artifactKey: Guid(39719cd251c25a04fb98611d9d5ed7d3) Importer(815301076,1909f56bfc062723c751e8b465ee728b)
Start importing Assets/Low_poly_Kitchen_set/HDRP/prefeb/pan_2.prefab using Guid(39719cd251c25a04fb98611d9d5ed7d3) Importer(815301076,1909f56bfc062723c751e8b465ee728b) (PreviewImporter) -> (artifact id: 'ba6b4a7acf2d91f5dd98803b6ddc9222') in 0.0226913 seconds
Number of updated asset objects reloaded before import = 0Number of asset objects unloaded after import = 20

========================================================================
Received Import Request.
  Time since last request: 0.000026 seconds.
  path: Assets/Low_poly_Kitchen_set/HDRP/prefeb/plate_2.prefab
  artifactKey: Guid(4e855777026bbf54481c06a5bb840cfb) Importer(815301076,1909f56bfc062723c751e8b465ee728b)
Start importing Assets/Low_poly_Kitchen_set/HDRP/prefeb/plate_2.prefab using Guid(4e855777026bbf54481c06a5bb840cfb) Importer(815301076,1909f56bfc062723c751e8b465ee728b) (PreviewImporter) -> (artifact id: '8d4ff1c38ad88da18b5292346c9f2038') in 0.0209101 seconds
Number of updated asset objects reloaded before import = 0Number of asset objects unloaded after import = 9

========================================================================
Received Import Request.
  Time since last request: 0.000022 seconds.
  path: Assets/Low_poly_Kitchen_set/HDRP/prefeb/plate.prefab
  artifactKey: Guid(32d5aa07cf7c9574aa29c2a08c845030) Importer(815301076,1909f56bfc062723c751e8b465ee728b)
Start importing Assets/Low_poly_Kitchen_set/HDRP/prefeb/plate.prefab using Guid(32d5aa07cf7c9574aa29c2a08c845030) Importer(815301076,1909f56bfc062723c751e8b465ee728b) (PreviewImporter) -> (artifact id: 'fed3e18c92cb56f246d489b93bccf2d9') in 0.0196763 seconds
Number of updated asset objects reloaded before import = 0Number of asset objects unloaded after import = 20

========================================================================
Received Import Request.
  Time since last request: 0.000022 seconds.
  path: Assets/Low_poly_Kitchen_set/HDRP/prefeb/bottle_2.prefab
  artifactKey: Guid(e52c33da6db382f4e937694bc4cd3be3) Importer(815301076,1909f56bfc062723c751e8b465ee728b)
Start importing Assets/Low_poly_Kitchen_set/HDRP/prefeb/bottle_2.prefab using Guid(e52c33da6db382f4e937694bc4cd3be3) Importer(815301076,1909f56bfc062723c751e8b465ee728b) (PreviewImporter) -> (artifact id: '36c5333534e88f99ac2763fe8c16b0a2') in 0.0213983 seconds
Number of updated asset objects reloaded before import = 0Number of asset objects unloaded after import = 37

========================================================================
Received Import Request.
  Time since last request: 0.000029 seconds.
  path: Assets/Low_poly_Kitchen_set/HDRP/prefeb/microwave.prefab
  artifactKey: Guid(6b58084e9ec0f77469e7cb19277069cf) Importer(815301076,1909f56bfc062723c751e8b465ee728b)
Start importing Assets/Low_poly_Kitchen_set/HDRP/prefeb/microwave.prefab using Guid(6b58084e9ec0f77469e7cb19277069cf) Importer(815301076,1909f56bfc062723c751e8b465ee728b) (PreviewImporter) -> (artifact id: 'b0a00e347fdd727174a29dd65e89fb72') in 0.0204087 seconds
Number of updated asset objects reloaded before import = 0Number of asset objects unloaded after import = 20

========================================================================
Received Import Request.
  Time since last request: 2.504625 seconds.
  path: Assets/Low_poly_Kitchen_set/Built_in
  artifactKey: Guid(e340e7e34b6427745b06a6538bab61e5) Importer(815301076,1909f56bfc062723c751e8b465ee728b)
Start importing Assets/Low_poly_Kitchen_set/Built_in using Guid(e340e7e34b6427745b06a6538bab61e5) Importer(815301076,1909f56bfc062723c751e8b465ee728b) (PreviewImporter) -> (artifact id: 'c75e81ed1f5f5794c78ba67746295225') in 0.00096 seconds
Number of updated asset objects reloaded before import = 0Number of asset objects unloaded after import = 0

========================================================================
Received Import Request.
  Time since last request: 0.615730 seconds.
  path: Assets/Low_poly_Kitchen_set/Built_in/prefeb
  artifactKey: Guid(a4e0f4450f881474f860f805ded4b6e3) Importer(815301076,1909f56bfc062723c751e8b465ee728b)
Start importing Assets/Low_poly_Kitchen_set/Built_in/prefeb using Guid(a4e0f4450f881474f860f805ded4b6e3) Importer(815301076,1909f56bfc062723c751e8b465ee728b) (PreviewImporter) -> (artifact id: 'b6eb170a734e454542c2a0435ceed74e') in 0.00068 seconds
Number of updated asset objects reloaded before import = 0Number of asset objects unloaded after import = 0

========================================================================
Received Import Request.
  Time since last request: 0.054970 seconds.
  path: Assets/Low_poly_Kitchen_set/Built_in/prefeb/apple.prefab
  artifactKey: Guid(a9b6e4c98c53f6a4791a76b43bc7df67) Importer(815301076,1909f56bfc062723c751e8b465ee728b)
Start importing Assets/Low_poly_Kitchen_set/Built_in/prefeb/apple.prefab using Guid(a9b6e4c98c53f6a4791a76b43bc7df67) Importer(815301076,1909f56bfc062723c751e8b465ee728b) (PreviewImporter) -> (artifact id: '4c4f2d5b681335722139c1674d394b3e') in 0.1171975 seconds
Number of updated asset objects reloaded before import = 0Number of asset objects unloaded after import = 20

========================================================================
Received Import Request.
  Time since last request: 0.000028 seconds.
  path: Assets/Low_poly_Kitchen_set/Built_in/prefeb/clock.prefab
  artifactKey: Guid(cc7cd4778fc9be141b7c42958a2db1a1) Importer(815301076,1909f56bfc062723c751e8b465ee728b)
Start importing Assets/Low_poly_Kitchen_set/Built_in/prefeb/clock.prefab using Guid(cc7cd4778fc9be141b7c42958a2db1a1) Importer(815301076,1909f56bfc062723c751e8b465ee728b) (PreviewImporter) -> (artifact id: 'd2b538b728067cb4be5f87c840096606') in 0.0305557 seconds
Number of updated asset objects reloaded before import = 0Number of asset objects unloaded after import = 22

========================================================================
Received Import Request.
  Time since last request: 0.000032 seconds.
  path: Assets/Low_poly_Kitchen_set/Built_in/prefeb/pan_2.prefab
  artifactKey: Guid(ba22777ad56ccac47be80e2e8a2159af) Importer(815301076,1909f56bfc062723c751e8b465ee728b)
Start importing Assets/Low_poly_Kitchen_set/Built_in/prefeb/pan_2.prefab using Guid(ba22777ad56ccac47be80e2e8a2159af) Importer(815301076,1909f56bfc062723c751e8b465ee728b) (PreviewImporter) -> (artifact id: '630a8bfbbe97f570338ef95d3e476772') in 0.0225434 seconds
Number of updated asset objects reloaded before import = 0Number of asset objects unloaded after import = 20

========================================================================
Received Import Request.
  Time since last request: 0.000036 seconds.
  path: Assets/Low_poly_Kitchen_set/Built_in/prefeb/cloth.prefab
  artifactKey: Guid(625f3708ec42fe442981b5420020eba0) Importer(815301076,1909f56bfc062723c751e8b465ee728b)
Start importing Assets/Low_poly_Kitchen_set/Built_in/prefeb/cloth.prefab using Guid(625f3708ec42fe442981b5420020eba0) Importer(815301076,1909f56bfc062723c751e8b465ee728b) (PreviewImporter) -> (artifact id: '74f4ac128c00bdd353878e934af5da97') in 0.0253016 seconds
Number of updated asset objects reloaded before import = 0Number of asset objects unloaded after import = 20

========================================================================
Received Import Request.
  Time since last request: 0.000024 seconds.
  path: Assets/Low_poly_Kitchen_set/Built_in/prefeb/pepper.prefab
  artifactKey: Guid(36ece6ff4b0e2aa4185bd0f95a3ccd62) Importer(815301076,1909f56bfc062723c751e8b465ee728b)
Start importing Assets/Low_poly_Kitchen_set/Built_in/prefeb/pepper.prefab using Guid(36ece6ff4b0e2aa4185bd0f95a3ccd62) Importer(815301076,1909f56bfc062723c751e8b465ee728b) (PreviewImporter) -> (artifact id: '45b72b2f21e55cec3b084cdeac296904') in 0.0252705 seconds
Number of updated asset objects reloaded before import = 0Number of asset objects unloaded after import = 22

========================================================================
Received Import Request.
  Time since last request: 0.000033 seconds.
  path: Assets/Low_poly_Kitchen_set/Built_in/prefeb/sponge.prefab
  artifactKey: Guid(0c63201504eb9124e89f31908cbdf7d4) Importer(815301076,1909f56bfc062723c751e8b465ee728b)
Start importing Assets/Low_poly_Kitchen_set/Built_in/prefeb/sponge.prefab using Guid(0c63201504eb9124e89f31908cbdf7d4) Importer(815301076,1909f56bfc062723c751e8b465ee728b) (PreviewImporter) -> (artifact id: '1d5b099baf80aa21de95dd44d804b2e0') in 0.0222996 seconds
Number of updated asset objects reloaded before import = 0Number of asset objects unloaded after import = 20

========================================================================
Received Import Request.
  Time since last request: 0.000028 seconds.
  path: Assets/Low_poly_Kitchen_set/Built_in/prefeb/plate_2.prefab
  artifactKey: Guid(c50269bacdbd357448dac48904b6dadb) Importer(815301076,1909f56bfc062723c751e8b465ee728b)
Start importing Assets/Low_poly_Kitchen_set/Built_in/prefeb/plate_2.prefab using Guid(c50269bacdbd357448dac48904b6dadb) Importer(815301076,1909f56bfc062723c751e8b465ee728b) (PreviewImporter) -> (artifact id: 'e71fe7f5e3b14999a46361993c0a3b30') in 0.0222041 seconds
Number of updated asset objects reloaded before import = 0Number of asset objects unloaded after import = 9

========================================================================
Received Import Request.
  Time since last request: 0.000025 seconds.
  path: Assets/Low_poly_Kitchen_set/Built_in/prefeb/chimney.prefab
  artifactKey: Guid(f31f09493e6732142ae5c1ad14063270) Importer(815301076,1909f56bfc062723c751e8b465ee728b)
Start importing Assets/Low_poly_Kitchen_set/Built_in/prefeb/chimney.prefab using Guid(f31f09493e6732142ae5c1ad14063270) Importer(815301076,1909f56bfc062723c751e8b465ee728b) (PreviewImporter) -> (artifact id: 'dc8c218537a13074a7abb87d924efa03') in 0.0237262 seconds
Number of updated asset objects reloaded before import = 0Number of asset objects unloaded after import = 20

========================================================================
Received Import Request.
  Time since last request: 0.000021 seconds.
  path: Assets/Low_poly_Kitchen_set/Built_in/prefeb/mixer.prefab
  artifactKey: Guid(01bb8ac7d2bee8a428b1d9ed4f9c4e79) Importer(815301076,1909f56bfc062723c751e8b465ee728b)
Start importing Assets/Low_poly_Kitchen_set/Built_in/prefeb/mixer.prefab using Guid(01bb8ac7d2bee8a428b1d9ed4f9c4e79) Importer(815301076,1909f56bfc062723c751e8b465ee728b) (PreviewImporter) -> (artifact id: 'a219a04c2f89e9ffb2f8888d389b0fc0') in 0.025816 seconds
Number of updated asset objects reloaded before import = 0Number of asset objects unloaded after import = 39

========================================================================
Received Import Request.
  Time since last request: 0.000033 seconds.
  path: Assets/Low_poly_Kitchen_set/Built_in/prefeb/knife.prefab
  artifactKey: Guid(37bb6387ed226284cb6e7bfbe742613b) Importer(815301076,1909f56bfc062723c751e8b465ee728b)
Start importing Assets/Low_poly_Kitchen_set/Built_in/prefeb/knife.prefab using Guid(37bb6387ed226284cb6e7bfbe742613b) Importer(815301076,1909f56bfc062723c751e8b465ee728b) (PreviewImporter) -> (artifact id: 'c64473f3c3fab84186f1581e51fcbec1') in 0.0270836 seconds
Number of updated asset objects reloaded before import = 0Number of asset objects unloaded after import = 22

========================================================================
Received Import Request.
  Time since last request: 0.000028 seconds.
  path: Assets/Low_poly_Kitchen_set/Built_in/prefeb/flower_pot.prefab
  artifactKey: Guid(e9251b7d6c8db29488db234e8bdcf170) Importer(815301076,1909f56bfc062723c751e8b465ee728b)
Start importing Assets/Low_poly_Kitchen_set/Built_in/prefeb/flower_pot.prefab using Guid(e9251b7d6c8db29488db234e8bdcf170) Importer(815301076,1909f56bfc062723c751e8b465ee728b) (PreviewImporter) -> (artifact id: 'ffda5c797bd59e0fe7d03e00464cc903') in 0.0243295 seconds
Number of updated asset objects reloaded before import = 0Number of asset objects unloaded after import = 20

========================================================================
Received Import Request.
  Time since last request: 0.000031 seconds.
  path: Assets/Low_poly_Kitchen_set/Built_in/prefeb/bottle_3.prefab
  artifactKey: Guid(fe8a0de9464163343a14e587621e3736) Importer(815301076,1909f56bfc062723c751e8b465ee728b)
Start importing Assets/Low_poly_Kitchen_set/Built_in/prefeb/bottle_3.prefab using Guid(fe8a0de9464163343a14e587621e3736) Importer(815301076,1909f56bfc062723c751e8b465ee728b) (PreviewImporter) -> (artifact id: '443488d1252451a48835af51a56e1dda') in 0.192546 seconds
Number of updated asset objects reloaded before import = 0Number of asset objects unloaded after import = 36

========================================================================
Received Import Request.
  Time since last request: 0.000055 seconds.
  path: Assets/Low_poly_Kitchen_set/Built_in/prefeb/bread toaster.prefab
  artifactKey: Guid(d398c092dee74854ebc196dd989396f9) Importer(815301076,1909f56bfc062723c751e8b465ee728b)
Start importing Assets/Low_poly_Kitchen_set/Built_in/prefeb/bread toaster.prefab using Guid(d398c092dee74854ebc196dd989396f9) Importer(815301076,1909f56bfc062723c751e8b465ee728b) (PreviewImporter) -> (artifact id: 'a13f14a7d759ab27765a295ea4d76eca') in 0.0309286 seconds
Number of updated asset objects reloaded before import = 0Number of asset objects unloaded after import = 13

========================================================================
Received Import Request.
  Time since last request: 0.000046 seconds.
  path: Assets/Low_poly_Kitchen_set/Built_in/prefeb/kitchen_cabinet.prefab
  artifactKey: Guid(fee2552d1310134479bcfd39eb52942f) Importer(815301076,1909f56bfc062723c751e8b465ee728b)
Start importing Assets/Low_poly_Kitchen_set/Built_in/prefeb/kitchen_cabinet.prefab using Guid(fee2552d1310134479bcfd39eb52942f) Importer(815301076,1909f56bfc062723c751e8b465ee728b) (PreviewImporter) -> (artifact id: 'cfb8b927d3399a70994ebece52f84967') in 0.0296577 seconds
Number of updated asset objects reloaded before import = 0Number of asset objects unloaded after import = 67

========================================================================
Received Import Request.
  Time since last request: 0.000031 seconds.
  path: Assets/Low_poly_Kitchen_set/Built_in/prefeb/plate_3.prefab
  artifactKey: Guid(fafe01d0dadb560459a30c8d60f4da47) Importer(815301076,1909f56bfc062723c751e8b465ee728b)
Start importing Assets/Low_poly_Kitchen_set/Built_in/prefeb/plate_3.prefab using Guid(fafe01d0dadb560459a30c8d60f4da47) Importer(815301076,1909f56bfc062723c751e8b465ee728b) (PreviewImporter) -> (artifact id: 'fd1ad234f0334a5d2baa88c5bde26945') in 0.0303421 seconds
Number of updated asset objects reloaded before import = 0Number of asset objects unloaded after import = 20

========================================================================
Received Prepare
Begin MonoManager ReloadAssembly
Symbol file LoadedFromMemory doesn't match image C:\Users\ASUS\Documents\GitHub\GDENG01-GameJam-Home\GDENG-GameJam1\Library\PackageCache\com.unity.visualscripting@1.8.0\Editor\VisualScripting.Core\Dependencies\YamlDotNet\Unity.VisualScripting.YamlDotNet.dll
Symbol file LoadedFromMemory doesn't match image C:\Users\ASUS\Documents\GitHub\GDENG01-GameJam-Home\GDENG-GameJam1\Library\PackageCache\com.unity.visualscripting@1.8.0\Editor\VisualScripting.Core\Dependencies\DotNetZip\Unity.VisualScripting.IonicZip.dll
- Loaded All Assemblies, in  0.700 seconds
Refreshing native plugins compatible for Editor in 1.12 ms, found 3 plugins.
Native extension for Android target not found
Native extension for WindowsStandalone target not found
Mono: successfully reloaded assembly
- Finished resetting the current domain, in  0.947 seconds
Domain Reload Profiling: 1642ms
	BeginReloadAssembly (208ms)
		ExecutionOrderSort (0ms)
		DisableScriptedObjects (5ms)
		BackupInstance (0ms)
		ReleaseScriptingObjects (0ms)
		CreateAndSetChildDomain (47ms)
	RebuildCommonClasses (38ms)
	RebuildNativeTypeToScriptingClass (14ms)
	initialDomainReloadingComplete (34ms)
	LoadAllAssembliesAndSetupDomain (401ms)
		LoadAssemblies (380ms)
		RebuildTransferFunctionScriptingTraits (0ms)
		AnalyzeDomain (133ms)
			TypeCache.Refresh (6ms)
				TypeCache.ScanAssembly (0ms)
			BuildScriptInfoCaches (119ms)
			ResolveRequiredComponents (5ms)
	FinalizeReload (948ms)
		ReleaseScriptCaches (0ms)
		RebuildScriptCaches (0ms)
		SetupLoadedEditorAssemblies (697ms)
			LogAssemblyErrors (0ms)
			InitializePlatformSupportModulesInManaged (23ms)
			SetLoadedEditorAssemblies (3ms)
			BeforeProcessingInitializeOnLoad (58ms)
			ProcessInitializeOnLoadAttributes (575ms)
			ProcessInitializeOnLoadMethodAttributes (28ms)
			AfterProcessingInitializeOnLoad (10ms)
			EditorAssembliesLoaded (0ms)
		ExecutionOrderSort2 (0ms)
		AwakeInstancesAfterBackupRestoration (12ms)
Refreshing native plugins compatible for Editor in 1.36 ms, found 3 plugins.
Preloading 0 native plugins for Editor in 0.00 ms.
Unloading 3 Unused Serialized files (Serialized files now loaded: 0)
Unloading 3674 unused Assets / (1.8 MB). Loaded Objects now: 4317.
Memory consumption went from 117.2 MB to 115.4 MB.
Total: 11.732400 ms (FindLiveObjects: 0.558100 ms CreateObjectMapping: 0.753100 ms MarkObjects: 7.847600 ms  DeleteObjects: 2.572100 ms)

Prepare: number of updated asset objects reloaded= 0
========================================================================
Received Import Request.
  Time since last request: 25491.738144 seconds.
  path: Assets/Resources/UI/TwoChoiceDialog.prefab
  artifactKey: Guid(c6feadd13c0c6614f9610b4c44178a3e) Importer(815301076,1909f56bfc062723c751e8b465ee728b)
Start importing Assets/Resources/UI/TwoChoiceDialog.prefab using Guid(c6feadd13c0c6614f9610b4c44178a3e) Importer(815301076,1909f56bfc062723c751e8b465ee728b) (PreviewImporter) -> (artifact id: 'd698c74cf1aa0dfe629a2b15b2477d51') in 0.1956012 seconds
Number of updated asset objects reloaded before import = 0Number of asset objects unloaded after import = 33

========================================================================
Received Import Request.
  Time since last request: 47.286591 seconds.
  path: Assets/CrowAssets/Assets
  artifactKey: Guid(a2c1653b6ccb66d41825d0c84c091217) Importer(815301076,1909f56bfc062723c751e8b465ee728b)
Start importing Assets/CrowAssets/Assets using Guid(a2c1653b6ccb66d41825d0c84c091217) Importer(815301076,1909f56bfc062723c751e8b465ee728b) (PreviewImporter) -> (artifact id: 'c386d447b079a87053b22efabecb01d9') in 0.0009338 seconds
Number of updated asset objects reloaded before import = 0Number of asset objects unloaded after import = 0

========================================================================
Received Import Request.
  Time since last request: 2.946590 seconds.
  path: Assets/CrowAssets/Assets/Low Poly Stylized Food
  artifactKey: Guid(60092af423194b4408ed78f92cf68cb8) Importer(815301076,1909f56bfc062723c751e8b465ee728b)
Start importing Assets/CrowAssets/Assets/Low Poly Stylized Food using Guid(60092af423194b4408ed78f92cf68cb8) Importer(815301076,1909f56bfc062723c751e8b465ee728b) (PreviewImporter) -> (artifact id: '7d0e80ff806c82cb7b14da8a150b57be') in 0.0018385 seconds
Number of updated asset objects reloaded before import = 0Number of asset objects unloaded after import = 0

========================================================================
Received Import Request.
  Time since last request: 1.895836 seconds.
  path: Assets/CrowAssets/Assets/Low Poly Stylized Food/BuiltIn
  artifactKey: Guid(7de607e46773e2c4397d3d75d72eb68e) Importer(815301076,1909f56bfc062723c751e8b465ee728b)
Start importing Assets/CrowAssets/Assets/Low Poly Stylized Food/BuiltIn using Guid(7de607e46773e2c4397d3d75d72eb68e) Importer(815301076,1909f56bfc062723c751e8b465ee728b) (PreviewImporter) -> (artifact id: '6df2fae5c753ec936cbf43ddd513b8b3') in 0.0006735 seconds
Number of updated asset objects reloaded before import = 0Number of asset objects unloaded after import = 0

========================================================================
Received Import Request.
  Time since last request: 1.159028 seconds.
  path: Assets/CrowAssets/Assets/Low Poly Stylized Food/BuiltIn/Prefabs
  artifactKey: Guid(0b581e7cbc1ad754894e09b9e5372e29) Importer(815301076,1909f56bfc062723c751e8b465ee728b)
Start importing Assets/CrowAssets/Assets/Low Poly Stylized Food/BuiltIn/Prefabs using Guid(0b581e7cbc1ad754894e09b9e5372e29) Importer(815301076,1909f56bfc062723c751e8b465ee728b) (PreviewImporter) -> (artifact id: '384ffd7379a31f1c271441339418a0d7') in 0.0008311 seconds
Number of updated asset objects reloaded before import = 0Number of asset objects unloaded after import = 0

========================================================================
Received Import Request.
  Time since last request: 0.037554 seconds.
  path: Assets/CrowAssets/Assets/Low Poly Stylized Food/BuiltIn/Prefabs/Bread.prefab
  artifactKey: Guid(b8575db621bbf884d87d3a6b4037f76d) Importer(815301076,1909f56bfc062723c751e8b465ee728b)
Start importing Assets/CrowAssets/Assets/Low Poly Stylized Food/BuiltIn/Prefabs/Bread.prefab using Guid(b8575db621bbf884d87d3a6b4037f76d) Importer(815301076,1909f56bfc062723c751e8b465ee728b) (PreviewImporter) -> (artifact id: '8bcc8c6907a7de66500faaf13a0d0f5d') in 0.3650291 seconds
Number of updated asset objects reloaded before import = 0Number of asset objects unloaded after import = 12

========================================================================
Received Import Request.
  Time since last request: 0.000022 seconds.
  path: Assets/CrowAssets/Assets/Low Poly Stylized Food/BuiltIn/Prefabs/Mustard.prefab
  artifactKey: Guid(8c87b22654e42a349aa76ec15fcb1f5a) Importer(815301076,1909f56bfc062723c751e8b465ee728b)
Start importing Assets/CrowAssets/Assets/Low Poly Stylized Food/BuiltIn/Prefabs/Mustard.prefab using Guid(8c87b22654e42a349aa76ec15fcb1f5a) Importer(815301076,1909f56bfc062723c751e8b465ee728b) (PreviewImporter) -> (artifact id: 'd946aa54f97243309caa0835e3daca1a') in 0.0272607 seconds
Number of updated asset objects reloaded before import = 0Number of asset objects unloaded after import = 12

========================================================================
Received Import Request.
  Time since last request: 0.000031 seconds.
  path: Assets/CrowAssets/Assets/Low Poly Stylized Food/BuiltIn/Prefabs/Tomato Slice.prefab
  artifactKey: Guid(8d1e7225c2f61a04e9841dad2cfdf599) Importer(815301076,1909f56bfc062723c751e8b465ee728b)
Start importing Assets/CrowAssets/Assets/Low Poly Stylized Food/BuiltIn/Prefabs/Tomato Slice.prefab using Guid(8d1e7225c2f61a04e9841dad2cfdf599) Importer(815301076,1909f56bfc062723c751e8b465ee728b) (PreviewImporter) -> (artifact id: '610afe32ece90634009d507058c634e3') in 0.031541 seconds
Number of updated asset objects reloaded before import = 0Number of asset objects unloaded after import = 12

========================================================================
Received Import Request.
  Time since last request: 0.000023 seconds.
  path: Assets/CrowAssets/Assets/Low Poly Stylized Food/BuiltIn/Prefabs/Can_01.prefab
  artifactKey: Guid(3b764896eeba22142927a79b6a42ab6e) Importer(815301076,1909f56bfc062723c751e8b465ee728b)
Start importing Assets/CrowAssets/Assets/Low Poly Stylized Food/BuiltIn/Prefabs/Can_01.prefab using Guid(3b764896eeba22142927a79b6a42ab6e) Importer(815301076,1909f56bfc062723c751e8b465ee728b) (PreviewImporter) -> (artifact id: '4f5a05521a7867e1bf048ab197772468') in 0.0305754 seconds
Number of updated asset objects reloaded before import = 0Number of asset objects unloaded after import = 12

========================================================================
Received Import Request.
  Time since last request: 0.000021 seconds.
  path: Assets/CrowAssets/Assets/Low Poly Stylized Food/BuiltIn/Prefabs/Cheese Thin.prefab
  artifactKey: Guid(e667e2dae7c92e444912cc375d765312) Importer(815301076,1909f56bfc062723c751e8b465ee728b)
Start importing Assets/CrowAssets/Assets/Low Poly Stylized Food/BuiltIn/Prefabs/Cheese Thin.prefab using Guid(e667e2dae7c92e444912cc375d765312) Importer(815301076,1909f56bfc062723c751e8b465ee728b) (PreviewImporter) -> (artifact id: '64b0514960c7af36014c2bf37adadb19') in 0.0324927 seconds
Number of updated asset objects reloaded before import = 0Number of asset objects unloaded after import = 12

========================================================================
Received Import Request.
  Time since last request: 0.000022 seconds.
  path: Assets/CrowAssets/Assets/Low Poly Stylized Food/BuiltIn/Prefabs/Chips.prefab
  artifactKey: Guid(744a450d5e2b6ff459003310331b7724) Importer(815301076,1909f56bfc062723c751e8b465ee728b)
Start importing Assets/CrowAssets/Assets/Low Poly Stylized Food/BuiltIn/Prefabs/Chips.prefab using Guid(744a450d5e2b6ff459003310331b7724) Importer(815301076,1909f56bfc062723c751e8b465ee728b) (PreviewImporter) -> (artifact id: '3afe15fcaf33b5f6d3f466d25e3c399a') in 0.024004 seconds
Number of updated asset objects reloaded before import = 0Number of asset objects unloaded after import = 12

========================================================================
Received Import Request.
  Time since last request: 0.000027 seconds.
  path: Assets/CrowAssets/Assets/Low Poly Stylized Food/BuiltIn/Prefabs/SodaCan_02.prefab
  artifactKey: Guid(2e9b0605cbe09dc409d46e1aa5e4490d) Importer(815301076,1909f56bfc062723c751e8b465ee728b)
Start importing Assets/CrowAssets/Assets/Low Poly Stylized Food/BuiltIn/Prefabs/SodaCan_02.prefab using Guid(2e9b0605cbe09dc409d46e1aa5e4490d) Importer(815301076,1909f56bfc062723c751e8b465ee728b) (PreviewImporter) -> (artifact id: 'a0fbb58e637d972c82215d905b544fc8') in 0.0595325 seconds
Number of updated asset objects reloaded before import = 0Number of asset objects unloaded after import = 17

========================================================================
Received Import Request.
  Time since last request: 0.000027 seconds.
  path: Assets/CrowAssets/Assets/Low Poly Stylized Food/BuiltIn/Prefabs/CrackedEgg.prefab
  artifactKey: Guid(f84be27a5e7560841b0beaf075064038) Importer(815301076,1909f56bfc062723c751e8b465ee728b)
Start importing Assets/CrowAssets/Assets/Low Poly Stylized Food/BuiltIn/Prefabs/CrackedEgg.prefab using Guid(f84be27a5e7560841b0beaf075064038) Importer(815301076,1909f56bfc062723c751e8b465ee728b) (PreviewImporter) -> (artifact id: 'bfa62e04670ff5e947c1e92cf1ec8369') in 0.0468371 seconds
Number of updated asset objects reloaded before import = 0Number of asset objects unloaded after import = 19

========================================================================
Received Import Request.
  Time since last request: 0.000031 seconds.
  path: Assets/CrowAssets/Assets/Low Poly Stylized Food/BuiltIn/Prefabs/SodaCan_03.prefab
  artifactKey: Guid(34c8cc3dcfdd4fd49a6094c518df09ce) Importer(815301076,1909f56bfc062723c751e8b465ee728b)
Start importing Assets/CrowAssets/Assets/Low Poly Stylized Food/BuiltIn/Prefabs/SodaCan_03.prefab using Guid(34c8cc3dcfdd4fd49a6094c518df09ce) Importer(815301076,1909f56bfc062723c751e8b465ee728b) (PreviewImporter) -> (artifact id: 'ff0de85d715fce274190339fd651e635') in 0.0306341 seconds
Number of updated asset objects reloaded before import = 0Number of asset objects unloaded after import = 17

========================================================================
Received Import Request.
  Time since last request: 0.000078 seconds.
  path: Assets/CrowAssets/Assets/Low Poly Stylized Food/BuiltIn/Prefabs/Can_01_Open.prefab
  artifactKey: Guid(0fce1e39ecfe32547a21e5b1f19619bc) Importer(815301076,1909f56bfc062723c751e8b465ee728b)
Start importing Assets/CrowAssets/Assets/Low Poly Stylized Food/BuiltIn/Prefabs/Can_01_Open.prefab using Guid(0fce1e39ecfe32547a21e5b1f19619bc) Importer(815301076,1909f56bfc062723c751e8b465ee728b) (PreviewImporter) -> (artifact id: '86f9f3b8a424c9930d341ac7d5e513c3') in 0.0321091 seconds
Number of updated asset objects reloaded before import = 0Number of asset objects unloaded after import = 17

========================================================================
Received Import Request.
  Time since last request: 0.000020 seconds.
  path: Assets/CrowAssets/Assets/Low Poly Stylized Food/BuiltIn/Prefabs/Lettuce.prefab
  artifactKey: Guid(d15542d6a27cbf1419346fd65aa4cb8a) Importer(815301076,1909f56bfc062723c751e8b465ee728b)
Start importing Assets/CrowAssets/Assets/Low Poly Stylized Food/BuiltIn/Prefabs/Lettuce.prefab using Guid(d15542d6a27cbf1419346fd65aa4cb8a) Importer(815301076,1909f56bfc062723c751e8b465ee728b) (PreviewImporter) -> (artifact id: '259508d988fbf2fd23421e57b40f1c40') in 0.0331265 seconds
Number of updated asset objects reloaded before import = 0Number of asset objects unloaded after import = 12

========================================================================
Received Import Request.
  Time since last request: 0.000026 seconds.
  path: Assets/CrowAssets/Assets/Low Poly Stylized Food/BuiltIn/Prefabs/Juice Box.prefab
  artifactKey: Guid(ec32937d1aa9c2441b9ccad69faa7dc8) Importer(815301076,1909f56bfc062723c751e8b465ee728b)
Start importing Assets/CrowAssets/Assets/Low Poly Stylized Food/BuiltIn/Prefabs/Juice Box.prefab using Guid(ec32937d1aa9c2441b9ccad69faa7dc8) Importer(815301076,1909f56bfc062723c751e8b465ee728b) (PreviewImporter) -> (artifact id: '572478e4da22475913807d5adb899494') in 0.0334926 seconds
Number of updated asset objects reloaded before import = 0Number of asset objects unloaded after import = 22

========================================================================
Received Import Request.
  Time since last request: 0.000022 seconds.
  path: Assets/CrowAssets/Assets/Low Poly Stylized Food/BuiltIn/Prefabs/Sardines.prefab
  artifactKey: Guid(fe0856fd57d9e4645b17fb344ac2b2c6) Importer(815301076,1909f56bfc062723c751e8b465ee728b)
Start importing Assets/CrowAssets/Assets/Low Poly Stylized Food/BuiltIn/Prefabs/Sardines.prefab using Guid(fe0856fd57d9e4645b17fb344ac2b2c6) Importer(815301076,1909f56bfc062723c751e8b465ee728b) (PreviewImporter) -> (artifact id: '48fd8ff04cefaeecc25b9807d72ef68c') in 0.0290661 seconds
Number of updated asset objects reloaded before import = 0Number of asset objects unloaded after import = 17

========================================================================
Received Import Request.
  Time since last request: 0.000022 seconds.
  path: Assets/CrowAssets/Assets/Low Poly Stylized Food/BuiltIn/Prefabs/Can Opener.prefab
  artifactKey: Guid(92a0baa4a47920945a6a4e9ff13d8ce4) Importer(815301076,1909f56bfc062723c751e8b465ee728b)
Start importing Assets/CrowAssets/Assets/Low Poly Stylized Food/BuiltIn/Prefabs/Can Opener.prefab using Guid(92a0baa4a47920945a6a4e9ff13d8ce4) Importer(815301076,1909f56bfc062723c751e8b465ee728b) (PreviewImporter) -> (artifact id: '26a0268e0c831892a9fb57cff10cdda2') in 0.0329417 seconds
Number of updated asset objects reloaded before import = 0Number of asset objects unloaded after import = 24

========================================================================
Received Import Request.
  Time since last request: 0.000038 seconds.
  path: Assets/CrowAssets/Assets/Low Poly Stylized Food/BuiltIn/Prefabs/CandyBar.prefab
  artifactKey: Guid(fb2099e4cb5f8d6438f9786911fd67dc) Importer(815301076,1909f56bfc062723c751e8b465ee728b)
Start importing Assets/CrowAssets/Assets/Low Poly Stylized Food/BuiltIn/Prefabs/CandyBar.prefab using Guid(fb2099e4cb5f8d6438f9786911fd67dc) Importer(815301076,1909f56bfc062723c751e8b465ee728b) (PreviewImporter) -> (artifact id: 'f2f7f124a752130777ecabb145b1bb98') in 0.0349043 seconds
Number of updated asset objects reloaded before import = 0Number of asset objects unloaded after import = 12

========================================================================
Received Import Request.
  Time since last request: 0.000060 seconds.
  path: Assets/CrowAssets/Assets/Low Poly Stylized Food/BuiltIn/Prefabs/Lunch Meat.prefab
  artifactKey: Guid(4d2454867aeda4f42ab6b7a0b32382d5) Importer(815301076,1909f56bfc062723c751e8b465ee728b)
Start importing Assets/CrowAssets/Assets/Low Poly Stylized Food/BuiltIn/Prefabs/Lunch Meat.prefab using Guid(4d2454867aeda4f42ab6b7a0b32382d5) Importer(815301076,1909f56bfc062723c751e8b465ee728b) (PreviewImporter) -> (artifact id: '2237d791f956bf428dc8c1ddb093c4a6') in 0.0254589 seconds
Number of updated asset objects reloaded before import = 0Number of asset objects unloaded after import = 12

========================================================================
Received Import Request.
  Time since last request: 0.000024 seconds.
  path: Assets/CrowAssets/Assets/Low Poly Stylized Food/BuiltIn/Prefabs/Milk.prefab
  artifactKey: Guid(89007df4c2aaffb4b894f5a3ca0af6bb) Importer(815301076,1909f56bfc062723c751e8b465ee728b)
Start importing Assets/CrowAssets/Assets/Low Poly Stylized Food/BuiltIn/Prefabs/Milk.prefab using Guid(89007df4c2aaffb4b894f5a3ca0af6bb) Importer(815301076,1909f56bfc062723c751e8b465ee728b) (PreviewImporter) -> (artifact id: 'bed938956432cffa1c8b5b69ff8df3d2') in 0.0302166 seconds
Number of updated asset objects reloaded before import = 0Number of asset objects unloaded after import = 17

========================================================================
Received Import Request.
  Time since last request: 0.000048 seconds.
  path: Assets/CrowAssets/Assets/Low Poly Stylized Food/BuiltIn/Prefabs/Egg.prefab
  artifactKey: Guid(b166ece98b9d9144e88cb6e438d2f820) Importer(815301076,1909f56bfc062723c751e8b465ee728b)
Start importing Assets/CrowAssets/Assets/Low Poly Stylized Food/BuiltIn/Prefabs/Egg.prefab using Guid(b166ece98b9d9144e88cb6e438d2f820) Importer(815301076,1909f56bfc062723c751e8b465ee728b) (PreviewImporter) -> (artifact id: 'de0391aacef1a58b6e4df8bb9fb40e17') in 0.0301602 seconds
Number of updated asset objects reloaded before import = 0Number of asset objects unloaded after import = 12

========================================================================
Received Import Request.
  Time since last request: 0.000022 seconds.
  path: Assets/CrowAssets/Assets/Low Poly Stylized Food/BuiltIn/Prefabs/SodaCan_01.prefab
  artifactKey: Guid(5ecb38baffcb3f94194f7f26ee723668) Importer(815301076,1909f56bfc062723c751e8b465ee728b)
Start importing Assets/CrowAssets/Assets/Low Poly Stylized Food/BuiltIn/Prefabs/SodaCan_01.prefab using Guid(5ecb38baffcb3f94194f7f26ee723668) Importer(815301076,1909f56bfc062723c751e8b465ee728b) (PreviewImporter) -> (artifact id: 'db4210bb66ad2d90eec607e5a545b203') in 0.0294292 seconds
Number of updated asset objects reloaded before import = 0Number of asset objects unloaded after import = 17

========================================================================
Received Import Request.
  Time since last request: 0.000057 seconds.
  path: Assets/CrowAssets/Assets/Low Poly Stylized Food/BuiltIn/Prefabs/Jar.prefab
  artifactKey: Guid(4835b836f2075924d9a5e9e1a81eb538) Importer(815301076,1909f56bfc062723c751e8b465ee728b)
Start importing Assets/CrowAssets/Assets/Low Poly Stylized Food/BuiltIn/Prefabs/Jar.prefab using Guid(4835b836f2075924d9a5e9e1a81eb538) Importer(815301076,1909f56bfc062723c751e8b465ee728b) (PreviewImporter) -> (artifact id: '640742f0ff089e2e843d1c2b4eedac25') in 0.2623284 seconds
Number of updated asset objects reloaded before import = 0Number of asset objects unloaded after import = 23

Editor requested this worker to shutdown with reason: Scaling down because of idle timeout
AssetImportWorker is now disconnected from the server
Process exiting
Exiting without the bug reporter. Application will terminate with return code 0