Using pre-set license
Built from '2023.2/staging' branch; Version is '2023.2.20f1 (0e25a174756c) revision 927137'; Using compiler version '193431935'; Build Type 'Release'
OS: 'Windows 10  (10.0.19045) 64bit CoreSingleLanguage' Language: 'en' Physical Memory: 15775 MB
BatchMode: 1, IsHumanControllingUs: 0, StartBugReporterOnCrash: 0, Is64bit: 1, IsPro: 1

COMMAND LINE ARGUMENTS:
C:\Program Files\Unity\Hub\Editor\2023.2.20f1\Editor\Unity.exe
-adb2
-batchMode
-noUpm
-name
AssetImportWorker9
-projectPath
C:/Users/ASUS/Documents/GitHub/GDENG01-GameJam-Home/GDENG-GameJam1
-logFile
Logs/AssetImportWorker9.log
-srvPort
54227
-job-worker-count
7
-background-job-worker-count
8
-asset-garbage-collectors
1
Successfully changed project path to: C:/Users/ASUS/Documents/GitHub/GDENG01-GameJam-Home/GDENG-GameJam1
C:/Users/ASUS/Documents/GitHub/GDENG01-GameJam-Home/GDENG-GameJam1
[UnityMemory] Configuration Parameters - Can be set up in boot.config
    "memorysetup-bucket-allocator-granularity=16"
    "memorysetup-bucket-allocator-bucket-count=8"
    "memorysetup-bucket-allocator-block-size=33554432"
    "memorysetup-bucket-allocator-block-count=8"
    "memorysetup-main-allocator-block-size=16777216"
    "memorysetup-thread-allocator-block-size=16777216"
    "memorysetup-gfx-main-allocator-block-size=16777216"
    "memorysetup-gfx-thread-allocator-block-size=16777216"
    "memorysetup-cache-allocator-block-size=4194304"
    "memorysetup-typetree-allocator-block-size=2097152"
    "memorysetup-profiler-bucket-allocator-granularity=16"
    "memorysetup-profiler-bucket-allocator-bucket-count=8"
    "memorysetup-profiler-bucket-allocator-block-size=33554432"
    "memorysetup-profiler-bucket-allocator-block-count=8"
    "memorysetup-profiler-allocator-block-size=16777216"
    "memorysetup-profiler-editor-allocator-block-size=1048576"
    "memorysetup-temp-allocator-size-main=16777216"
    "memorysetup-job-temp-allocator-block-size=2097152"
    "memorysetup-job-temp-allocator-block-size-background=1048576"
    "memorysetup-job-temp-allocator-reduction-small-platforms=262144"
    "memorysetup-allocator-temp-initial-block-size-main=262144"
    "memorysetup-allocator-temp-initial-block-size-worker=262144"
    "memorysetup-temp-allocator-size-background-worker=32768"
    "memorysetup-temp-allocator-size-job-worker=262144"
    "memorysetup-temp-allocator-size-preload-manager=33554432"
    "memorysetup-temp-allocator-size-nav-mesh-worker=65536"
    "memorysetup-temp-allocator-size-audio-worker=65536"
    "memorysetup-temp-allocator-size-cloud-worker=32768"
    "memorysetup-temp-allocator-size-gi-baking-worker=262144"
    "memorysetup-temp-allocator-size-gi-baking-worker=262144"
    "memorysetup-temp-allocator-size-gi-baking-worker=262144"
    "memorysetup-temp-allocator-size-gi-baking-worker=262144"
    "memorysetup-temp-allocator-size-gfx=262144"
Player connection [6252] Host "[IP] 192.168.18.9 [Port] 0 [Flags] 2 [Guid] 51158658 [EditorId] 51158658 [Version] 1048832 [Id] WindowsEditor(7,DESKTOP-LOCDEUQ) [Debug] 1 [PackageName] WindowsEditor [ProjectName] Editor" joined multi-casting on [225.0.0.222:54997]...
Player connection [6252] Host "[IP] 192.168.18.9 [Port] 0 [Flags] 2 [Guid] 51158658 [EditorId] 51158658 [Version] 1048832 [Id] WindowsEditor(7,DESKTOP-LOCDEUQ) [Debug] 1 [PackageName] WindowsEditor [ProjectName] Editor" joined alternative multi-casting on [225.0.0.222:34997]...
JobSystem: Creating JobQueue using job-worker-count value 7
[Physics::Module] Initialized MultithreadedJobDispatcher with 7 workers.
Library Redirect Path: Library/
Refreshing native plugins compatible for Editor in 1.70 ms, found 3 plugins.
Preloading 0 native plugins for Editor in 0.00 ms.
Initialize engine version: 2023.2.20f1 (0e25a174756c)
[Subsystems] Discovering subsystems at path C:/Program Files/Unity/Hub/Editor/2023.2.20f1/Editor/Data/Resources/UnitySubsystems
[Subsystems] Discovering subsystems at path C:/Users/ASUS/Documents/GitHub/GDENG01-GameJam-Home/GDENG-GameJam1/Assets
GfxDevice: creating device client; kGfxThreadingModeNonThreaded
Direct3D:
    Version:  Direct3D 11.0 [level 11.1]
    Renderer: NVIDIA GeForce RTX 3050 Laptop GPU (ID=0x25a2)
    Vendor:   NVIDIA
    VRAM:     3964 MB
    Driver:   32.0.15.6607
Initialize mono
Mono path[0] = 'C:/Program Files/Unity/Hub/Editor/2023.2.20f1/Editor/Data/Managed'
Mono path[1] = 'C:/Program Files/Unity/Hub/Editor/2023.2.20f1/Editor/Data/MonoBleedingEdge/lib/mono/unityjit-win32'
Mono config path = 'C:/Program Files/Unity/Hub/Editor/2023.2.20f1/Editor/Data/MonoBleedingEdge/etc'
Using monoOptions --debugger-agent=transport=dt_socket,embedding=1,server=y,suspend=n,address=127.0.0.1:56968
Begin MonoManager ReloadAssembly
Registering precompiled unity dll's ...
Register platform support module: C:/Program Files/Unity/Hub/Editor/2023.2.20f1/Editor/Data/PlaybackEngines/WindowsStandaloneSupport/UnityEditor.WindowsStandalone.Extensions.dll
Register platform support module: C:/Program Files/Unity/Hub/Editor/2023.2.20f1/Editor/Data/PlaybackEngines/AndroidPlayer/UnityEditor.Android.Extensions.dll
Registered in 0.005689 seconds.
- Loaded All Assemblies, in  0.655 seconds
Native extension for Android target not found
Android Extension - Scanning For ADB Devices 273 ms
Native extension for WindowsStandalone target not found
Mono: successfully reloaded assembly
- Finished resetting the current domain, in  0.621 seconds
Domain Reload Profiling: 1273ms
	BeginReloadAssembly (375ms)
		ExecutionOrderSort (0ms)
		DisableScriptedObjects (0ms)
		BackupInstance (0ms)
		ReleaseScriptingObjects (0ms)
		CreateAndSetChildDomain (1ms)
	RebuildCommonClasses (45ms)
	RebuildNativeTypeToScriptingClass (14ms)
	initialDomainReloadingComplete (60ms)
	LoadAllAssembliesAndSetupDomain (157ms)
		LoadAssemblies (371ms)
		RebuildTransferFunctionScriptingTraits (0ms)
		AnalyzeDomain (154ms)
			TypeCache.Refresh (152ms)
				TypeCache.ScanAssembly (136ms)
			BuildScriptInfoCaches (0ms)
			ResolveRequiredComponents (1ms)
	FinalizeReload (621ms)
		ReleaseScriptCaches (0ms)
		RebuildScriptCaches (0ms)
		SetupLoadedEditorAssemblies (574ms)
			LogAssemblyErrors (0ms)
			InitializePlatformSupportModulesInManaged (381ms)
			SetLoadedEditorAssemblies (5ms)
			BeforeProcessingInitializeOnLoad (5ms)
			ProcessInitializeOnLoadAttributes (135ms)
			ProcessInitializeOnLoadMethodAttributes (48ms)
			AfterProcessingInitializeOnLoad (0ms)
			EditorAssembliesLoaded (0ms)
		ExecutionOrderSort2 (0ms)
		AwakeInstancesAfterBackupRestoration (0ms)
========================================================================
Worker process is ready to serve import requests
Import Worker Mode flag is 0x00
Begin MonoManager ReloadAssembly
Symbol file LoadedFromMemory doesn't match image C:\Users\ASUS\Documents\GitHub\GDENG01-GameJam-Home\GDENG-GameJam1\Library\PackageCache\com.unity.visualscripting@1.8.0\Editor\VisualScripting.Core\Dependencies\YamlDotNet\Unity.VisualScripting.YamlDotNet.dll
Symbol file LoadedFromMemory doesn't match image C:\Users\ASUS\Documents\GitHub\GDENG01-GameJam-Home\GDENG-GameJam1\Library\PackageCache\com.unity.visualscripting@1.8.0\Editor\VisualScripting.Core\Dependencies\DotNetZip\Unity.VisualScripting.IonicZip.dll
- Loaded All Assemblies, in  1.216 seconds
Refreshing native plugins compatible for Editor in 0.83 ms, found 3 plugins.
Native extension for Android target not found
Native extension for WindowsStandalone target not found
Mono: successfully reloaded assembly
- Finished resetting the current domain, in  0.745 seconds
Domain Reload Profiling: 1954ms
	BeginReloadAssembly (510ms)
		ExecutionOrderSort (0ms)
		DisableScriptedObjects (7ms)
		BackupInstance (0ms)
		ReleaseScriptingObjects (0ms)
		CreateAndSetChildDomain (31ms)
	RebuildCommonClasses (37ms)
	RebuildNativeTypeToScriptingClass (12ms)
	initialDomainReloadingComplete (53ms)
	LoadAllAssembliesAndSetupDomain (597ms)
		LoadAssemblies (482ms)
		RebuildTransferFunctionScriptingTraits (0ms)
		AnalyzeDomain (229ms)
			TypeCache.Refresh (194ms)
				TypeCache.ScanAssembly (172ms)
			BuildScriptInfoCaches (25ms)
			ResolveRequiredComponents (6ms)
	FinalizeReload (745ms)
		ReleaseScriptCaches (0ms)
		RebuildScriptCaches (0ms)
		SetupLoadedEditorAssemblies (566ms)
			LogAssemblyErrors (0ms)
			InitializePlatformSupportModulesInManaged (17ms)
			SetLoadedEditorAssemblies (3ms)
			BeforeProcessingInitializeOnLoad (46ms)
			ProcessInitializeOnLoadAttributes (470ms)
			ProcessInitializeOnLoadMethodAttributes (21ms)
			AfterProcessingInitializeOnLoad (8ms)
			EditorAssembliesLoaded (0ms)
		ExecutionOrderSort2 (0ms)
		AwakeInstancesAfterBackupRestoration (8ms)
Launched and connected shader compiler UnityShaderCompiler.exe after 0.01 seconds
Refreshing native plugins compatible for Editor in 1.11 ms, found 3 plugins.
Preloading 0 native plugins for Editor in 0.00 ms.
Unloading 63 Unused Serialized files (Serialized files now loaded: 0)
Unloading 3675 unused Assets / (1.8 MB). Loaded Objects now: 4308.
Memory consumption went from 127.9 MB to 126.0 MB.
Total: 11.465400 ms (FindLiveObjects: 0.574400 ms CreateObjectMapping: 0.297400 ms MarkObjects: 7.969100 ms  DeleteObjects: 2.623400 ms)

========================================================================
Received Prepare
Begin MonoManager ReloadAssembly
Symbol file LoadedFromMemory doesn't match image C:\Users\ASUS\Documents\GitHub\GDENG01-GameJam-Home\GDENG-GameJam1\Library\PackageCache\com.unity.visualscripting@1.8.0\Editor\VisualScripting.Core\Dependencies\YamlDotNet\Unity.VisualScripting.YamlDotNet.dll
Symbol file LoadedFromMemory doesn't match image C:\Users\ASUS\Documents\GitHub\GDENG01-GameJam-Home\GDENG-GameJam1\Library\PackageCache\com.unity.visualscripting@1.8.0\Editor\VisualScripting.Core\Dependencies\DotNetZip\Unity.VisualScripting.IonicZip.dll
- Loaded All Assemblies, in  0.718 seconds
Refreshing native plugins compatible for Editor in 0.83 ms, found 3 plugins.
Native extension for Android target not found
Native extension for WindowsStandalone target not found
Mono: successfully reloaded assembly
- Finished resetting the current domain, in  0.747 seconds
Domain Reload Profiling: 1462ms
	BeginReloadAssembly (219ms)
		ExecutionOrderSort (0ms)
		DisableScriptedObjects (5ms)
		BackupInstance (0ms)
		ReleaseScriptingObjects (0ms)
		CreateAndSetChildDomain (54ms)
	RebuildCommonClasses (34ms)
	RebuildNativeTypeToScriptingClass (12ms)
	initialDomainReloadingComplete (30ms)
	LoadAllAssembliesAndSetupDomain (418ms)
		LoadAssemblies (382ms)
		RebuildTransferFunctionScriptingTraits (0ms)
		AnalyzeDomain (152ms)
			TypeCache.Refresh (66ms)
				TypeCache.ScanAssembly (57ms)
			BuildScriptInfoCaches (79ms)
			ResolveRequiredComponents (4ms)
	FinalizeReload (747ms)
		ReleaseScriptCaches (0ms)
		RebuildScriptCaches (0ms)
		SetupLoadedEditorAssemblies (553ms)
			LogAssemblyErrors (0ms)
			InitializePlatformSupportModulesInManaged (19ms)
			SetLoadedEditorAssemblies (3ms)
			BeforeProcessingInitializeOnLoad (48ms)
			ProcessInitializeOnLoadAttributes (456ms)
			ProcessInitializeOnLoadMethodAttributes (18ms)
			AfterProcessingInitializeOnLoad (9ms)
			EditorAssembliesLoaded (0ms)
		ExecutionOrderSort2 (0ms)
		AwakeInstancesAfterBackupRestoration (8ms)
Refreshing native plugins compatible for Editor in 1.03 ms, found 3 plugins.
Preloading 0 native plugins for Editor in 0.00 ms.
Unloading 3 Unused Serialized files (Serialized files now loaded: 0)
Unloading 3673 unused Assets / (1.5 MB). Loaded Objects now: 4308.
Memory consumption went from 115.7 MB to 114.2 MB.
Total: 7.735000 ms (FindLiveObjects: 0.500900 ms CreateObjectMapping: 0.203400 ms MarkObjects: 5.749400 ms  DeleteObjects: 1.280400 ms)

Prepare: number of updated asset objects reloaded= 0
========================================================================
Received Import Request.
  Time since last request: 1447858.476911 seconds.
  path: Assets/Standard Assets/Vehicles/Aircraft/Textures/AircraftFuselageOcclusion.png
  artifactKey: Guid(d378ff11c42566d46b0b11cd91eca3a3) Importer(815301076,1909f56bfc062723c751e8b465ee728b)
Start importing Assets/Standard Assets/Vehicles/Aircraft/Textures/AircraftFuselageOcclusion.png using Guid(d378ff11c42566d46b0b11cd91eca3a3) Importer(815301076,1909f56bfc062723c751e8b465ee728b) (PreviewImporter) -> (artifact id: 'dcdeaa3eddcbfb217f14a01c79b430a6') in 0.1082209 seconds
Number of updated asset objects reloaded before import = 0Number of asset objects unloaded after import = 2

========================================================================
Received Import Request.
  Time since last request: 0.000024 seconds.
  path: Assets/Standard Assets/Vehicles/Aircraft/Textures/AircraftPropellerBlur03GreyAlbedo.png
  artifactKey: Guid(2beb3362d4b99ed40890889c97d63cd4) Importer(815301076,1909f56bfc062723c751e8b465ee728b)
Start importing Assets/Standard Assets/Vehicles/Aircraft/Textures/AircraftPropellerBlur03GreyAlbedo.png using Guid(2beb3362d4b99ed40890889c97d63cd4) Importer(815301076,1909f56bfc062723c751e8b465ee728b) (PreviewImporter) -> (artifact id: 'd3c565a39822707a8a49875b2bc6ba19') in 0.0148902 seconds
Number of updated asset objects reloaded before import = 0Number of asset objects unloaded after import = 2

========================================================================
Received Import Request.
  Time since last request: 0.000022 seconds.
  path: Assets/Standard Assets/Vehicles/Aircraft/Textures/AircraftPropellerBlur01WhiteAlbedo.png
  artifactKey: Guid(a01d24876a1472b408ba8e5f0bf3a23f) Importer(815301076,1909f56bfc062723c751e8b465ee728b)
Start importing Assets/Standard Assets/Vehicles/Aircraft/Textures/AircraftPropellerBlur01WhiteAlbedo.png using Guid(a01d24876a1472b408ba8e5f0bf3a23f) Importer(815301076,1909f56bfc062723c751e8b465ee728b) (PreviewImporter) -> (artifact id: '34a682a59b174ce3e2675095c05a2e4b') in 0.0084762 seconds
Number of updated asset objects reloaded before import = 0Number of asset objects unloaded after import = 2

========================================================================
Received Import Request.
  Time since last request: 0.000029 seconds.
  path: Assets/Standard Assets/Vehicles/Aircraft/Textures/AircraftWingsJetOcclusion.png
  artifactKey: Guid(a2203213fc4dd244e90e1e9d1862c097) Importer(815301076,1909f56bfc062723c751e8b465ee728b)
Start importing Assets/Standard Assets/Vehicles/Aircraft/Textures/AircraftWingsJetOcclusion.png using Guid(a2203213fc4dd244e90e1e9d1862c097) Importer(815301076,1909f56bfc062723c751e8b465ee728b) (PreviewImporter) -> (artifact id: '4f1df8adab6f081a4eeaa12931a18295') in 0.0358639 seconds
Number of updated asset objects reloaded before import = 0Number of asset objects unloaded after import = 2

========================================================================
Received Import Request.
  Time since last request: 0.000021 seconds.
  path: Assets/Imported/PBS Materials Variety Pack/Asphalt/Textures/Asphalt 1 bump.png
  artifactKey: Guid(3faf6186027086d4fb7534b3fc372dc0) Importer(815301076,1909f56bfc062723c751e8b465ee728b)
Start importing Assets/Imported/PBS Materials Variety Pack/Asphalt/Textures/Asphalt 1 bump.png using Guid(3faf6186027086d4fb7534b3fc372dc0) Importer(815301076,1909f56bfc062723c751e8b465ee728b) (PreviewImporter) -> (artifact id: '766de30f2dffee037bb54d16c8e88e77') in 0.029901 seconds
Number of updated asset objects reloaded before import = 0Number of asset objects unloaded after import = 2

========================================================================
Received Import Request.
  Time since last request: 0.000024 seconds.
  path: Assets/Imported/PBS Materials Variety Pack/Bark/Textures/Bark 1 Displacement.png
  artifactKey: Guid(05f1af44b4b448d4e9b77d2c0608e6cf) Importer(815301076,1909f56bfc062723c751e8b465ee728b)
Start importing Assets/Imported/PBS Materials Variety Pack/Bark/Textures/Bark 1 Displacement.png using Guid(05f1af44b4b448d4e9b77d2c0608e6cf) Importer(815301076,1909f56bfc062723c751e8b465ee728b) (PreviewImporter) -> (artifact id: '8f5f161f60679c6b474c67f22c6ed460') in 0.0173841 seconds
Number of updated asset objects reloaded before import = 0Number of asset objects unloaded after import = 2

========================================================================
Received Import Request.
  Time since last request: 0.000028 seconds.
  path: Assets/Imported/PBS Materials Variety Pack/Bark/Textures/Bark 1 Normals2.png
  artifactKey: Guid(0db9d6e427e6b5b47a617264f10a6099) Importer(815301076,1909f56bfc062723c751e8b465ee728b)
Start importing Assets/Imported/PBS Materials Variety Pack/Bark/Textures/Bark 1 Normals2.png using Guid(0db9d6e427e6b5b47a617264f10a6099) Importer(815301076,1909f56bfc062723c751e8b465ee728b) (PreviewImporter) -> (artifact id: '60ff7bae6f881fccc45ccb5e90b3f0d6') in 0.020607 seconds
Number of updated asset objects reloaded before import = 0Number of asset objects unloaded after import = 2

========================================================================
Received Import Request.
  Time since last request: 0.000023 seconds.
  path: Assets/CrowAssets/Assets/Low Poly Stylized Food/Textures/Bread/Bread_tex.png
  artifactKey: Guid(e9254521dd12ffc479c5ee6f6a178791) Importer(815301076,1909f56bfc062723c751e8b465ee728b)
Start importing Assets/CrowAssets/Assets/Low Poly Stylized Food/Textures/Bread/Bread_tex.png using Guid(e9254521dd12ffc479c5ee6f6a178791) Importer(815301076,1909f56bfc062723c751e8b465ee728b) (PreviewImporter) -> (artifact id: '6cc3811fa75a441d102e2d38beb0da84') in 0.0167187 seconds
Number of updated asset objects reloaded before import = 0Number of asset objects unloaded after import = 2

========================================================================
Received Import Request.
  Time since last request: 0.000019 seconds.
  path: Assets/Imported/PBS Materials Variety Pack/Brick/Textures/Brick 1 AO.png
  artifactKey: Guid(bb03ef76aa8e1ee41a57d3c69ce82b9f) Importer(815301076,1909f56bfc062723c751e8b465ee728b)
Start importing Assets/Imported/PBS Materials Variety Pack/Brick/Textures/Brick 1 AO.png using Guid(bb03ef76aa8e1ee41a57d3c69ce82b9f) Importer(815301076,1909f56bfc062723c751e8b465ee728b) (PreviewImporter) -> (artifact id: '40353840b82499581f133c2643e657a4') in 0.0173972 seconds
Number of updated asset objects reloaded before import = 0Number of asset objects unloaded after import = 2

========================================================================
Received Import Request.
  Time since last request: 0.000020 seconds.
  path: Assets/Imported/PBS Materials Variety Pack/Brick/Textures/Brick 1 Normals.png
  artifactKey: Guid(f5f050de1a6b5bd4f942b0f5aafc8007) Importer(815301076,1909f56bfc062723c751e8b465ee728b)
Start importing Assets/Imported/PBS Materials Variety Pack/Brick/Textures/Brick 1 Normals.png using Guid(f5f050de1a6b5bd4f942b0f5aafc8007) Importer(815301076,1909f56bfc062723c751e8b465ee728b) (PreviewImporter) -> (artifact id: '8da936f419fc5a5df6420a0c0e6abddc') in 0.0232392 seconds
Number of updated asset objects reloaded before import = 0Number of asset objects unloaded after import = 2

========================================================================
Received Import Request.
  Time since last request: 0.000019 seconds.
  path: Assets/Imported/PBS Materials Variety Pack/Brick/Textures/Brick 2.png
  artifactKey: Guid(fbc38f8b171bb68438b42b19b33fa778) Importer(815301076,1909f56bfc062723c751e8b465ee728b)
Start importing Assets/Imported/PBS Materials Variety Pack/Brick/Textures/Brick 2.png using Guid(fbc38f8b171bb68438b42b19b33fa778) Importer(815301076,1909f56bfc062723c751e8b465ee728b) (PreviewImporter) -> (artifact id: 'd6e3c7c31c1b9c4565eac2a79320d717') in 0.0175074 seconds
Number of updated asset objects reloaded before import = 0Number of asset objects unloaded after import = 2

========================================================================
Received Import Request.
  Time since last request: 0.000020 seconds.
  path: Assets/Imported/PBS Materials Variety Pack/Brick/Textures/Brick 2 Displacement.png
  artifactKey: Guid(a74e66e1521621c4d9dd6b5d1d07ae4a) Importer(815301076,1909f56bfc062723c751e8b465ee728b)
Start importing Assets/Imported/PBS Materials Variety Pack/Brick/Textures/Brick 2 Displacement.png using Guid(a74e66e1521621c4d9dd6b5d1d07ae4a) Importer(815301076,1909f56bfc062723c751e8b465ee728b) (PreviewImporter) -> (artifact id: '287825a9a6eed6eda504c1431518ae2a') in 0.0172293 seconds
Number of updated asset objects reloaded before import = 0Number of asset objects unloaded after import = 2

========================================================================
Received Import Request.
  Time since last request: 0.000018 seconds.
  path: Assets/Imported/PBS Materials Variety Pack/Bark/Textures/Bark 2.png
  artifactKey: Guid(08513c01535d4b54b9cd9cadc440ccae) Importer(815301076,1909f56bfc062723c751e8b465ee728b)
Start importing Assets/Imported/PBS Materials Variety Pack/Bark/Textures/Bark 2.png using Guid(08513c01535d4b54b9cd9cadc440ccae) Importer(815301076,1909f56bfc062723c751e8b465ee728b) (PreviewImporter) -> (artifact id: '862eb3737dff6f5a0bff99e4ec45fda4') in 0.0180498 seconds
Number of updated asset objects reloaded before import = 0Number of asset objects unloaded after import = 2

========================================================================
Received Import Request.
  Time since last request: 0.000025 seconds.
  path: Assets/Imported/PBS Materials Variety Pack/Brick/Textures/Brick 3 Normals.png
  artifactKey: Guid(e277ed7ae19c6564b91cae11017d23e3) Importer(815301076,1909f56bfc062723c751e8b465ee728b)
Start importing Assets/Imported/PBS Materials Variety Pack/Brick/Textures/Brick 3 Normals.png using Guid(e277ed7ae19c6564b91cae11017d23e3) Importer(815301076,1909f56bfc062723c751e8b465ee728b) (PreviewImporter) -> (artifact id: 'd680b17163113e79dbbc4e61bf963844') in 0.023044 seconds
Number of updated asset objects reloaded before import = 0Number of asset objects unloaded after import = 2

========================================================================
Received Import Request.
  Time since last request: 0.000021 seconds.
  path: Assets/Standard Assets/Vehicles/Aircraft/Textures/AircraftWingsPropellerNormals.png
  artifactKey: Guid(5b834380674bf7e48ade2f253138543f) Importer(815301076,1909f56bfc062723c751e8b465ee728b)
Start importing Assets/Standard Assets/Vehicles/Aircraft/Textures/AircraftWingsPropellerNormals.png using Guid(5b834380674bf7e48ade2f253138543f) Importer(815301076,1909f56bfc062723c751e8b465ee728b) (PreviewImporter) -> (artifact id: '54ee0540cf3134ab8fa27f092c13f4ee') in 0.053301 seconds
Number of updated asset objects reloaded before import = 0Number of asset objects unloaded after import = 2

========================================================================
Received Import Request.
  Time since last request: 0.000023 seconds.
  path: Assets/Imported/PBS Materials Variety Pack/Brick/Textures/Brick 4 Occlusion.png
  artifactKey: Guid(9af99231c00a56447bb15cb667b674c1) Importer(815301076,1909f56bfc062723c751e8b465ee728b)
Start importing Assets/Imported/PBS Materials Variety Pack/Brick/Textures/Brick 4 Occlusion.png using Guid(9af99231c00a56447bb15cb667b674c1) Importer(815301076,1909f56bfc062723c751e8b465ee728b) (PreviewImporter) -> (artifact id: '404ddf22e70bc70e536d8be7fc259974') in 0.0215425 seconds
Number of updated asset objects reloaded before import = 0Number of asset objects unloaded after import = 2

========================================================================
Received Import Request.
  Time since last request: 0.000029 seconds.
  path: Assets/Imported/PBS Materials Variety Pack/Brick/Textures/Brick 5 Occlusion.png
  artifactKey: Guid(2365c4be2951ce446bb53bc74cb3057e) Importer(815301076,1909f56bfc062723c751e8b465ee728b)
Start importing Assets/Imported/PBS Materials Variety Pack/Brick/Textures/Brick 5 Occlusion.png using Guid(2365c4be2951ce446bb53bc74cb3057e) Importer(815301076,1909f56bfc062723c751e8b465ee728b) (PreviewImporter) -> (artifact id: '2d34353d64f8e91941a5b5738dd4a7d3') in 0.0173603 seconds
Number of updated asset objects reloaded before import = 0Number of asset objects unloaded after import = 2

========================================================================
Received Import Request.
  Time since last request: 0.000018 seconds.
  path: Assets/Imported/PBS Materials Variety Pack/Brick/Textures/Brick 6 Displacement.png
  artifactKey: Guid(52b7dcea62524bc42a0ede3404a3fd6c) Importer(815301076,1909f56bfc062723c751e8b465ee728b)
Start importing Assets/Imported/PBS Materials Variety Pack/Brick/Textures/Brick 6 Displacement.png using Guid(52b7dcea62524bc42a0ede3404a3fd6c) Importer(815301076,1909f56bfc062723c751e8b465ee728b) (PreviewImporter) -> (artifact id: 'e04840658e4cbf61b56dd99146a3a8df') in 0.0203052 seconds
Number of updated asset objects reloaded before import = 0Number of asset objects unloaded after import = 2

========================================================================
Received Import Request.
  Time since last request: 0.000020 seconds.
  path: Assets/Imported/PBS Materials Variety Pack/Brick/Textures/Brick 5 Normals.png
  artifactKey: Guid(af4530322bc184742a9654d62a88983a) Importer(815301076,1909f56bfc062723c751e8b465ee728b)
Start importing Assets/Imported/PBS Materials Variety Pack/Brick/Textures/Brick 5 Normals.png using Guid(af4530322bc184742a9654d62a88983a) Importer(815301076,1909f56bfc062723c751e8b465ee728b) (PreviewImporter) -> (artifact id: '15bb8b5f148b8244046b1d345c62a6c8') in 0.0210838 seconds
Number of updated asset objects reloaded before import = 0Number of asset objects unloaded after import = 2

========================================================================
Received Import Request.
  Time since last request: 0.000029 seconds.
  path: Assets/Imported/PBS Materials Variety Pack/Brick/Textures/Brick 7.png
  artifactKey: Guid(903cfb62b04103948911e4ed8b0080dd) Importer(815301076,1909f56bfc062723c751e8b465ee728b)
Start importing Assets/Imported/PBS Materials Variety Pack/Brick/Textures/Brick 7.png using Guid(903cfb62b04103948911e4ed8b0080dd) Importer(815301076,1909f56bfc062723c751e8b465ee728b) (PreviewImporter) -> (artifact id: '5756265ade815bf8a0e3806875d55381') in 0.0185498 seconds
Number of updated asset objects reloaded before import = 0Number of asset objects unloaded after import = 2

========================================================================
Received Import Request.
  Time since last request: 0.000019 seconds.
  path: Assets/Standard Assets/2D/Sprites/BackgroundNavyGridSprite.png
  artifactKey: Guid(1d0c184845252df44a655359de388cb8) Importer(815301076,1909f56bfc062723c751e8b465ee728b)
Start importing Assets/Standard Assets/2D/Sprites/BackgroundNavyGridSprite.png using Guid(1d0c184845252df44a655359de388cb8) Importer(815301076,1909f56bfc062723c751e8b465ee728b) (PreviewImporter) -> (artifact id: '618c534c2ec3a51d48cc88056ab069f9') in 0.031829 seconds
Number of updated asset objects reloaded before import = 0Number of asset objects unloaded after import = 3

========================================================================
Received Import Request.
  Time since last request: 0.000022 seconds.
  path: Assets/Imported/PBS Materials Variety Pack/Brick/Textures/Brick 8.png
  artifactKey: Guid(638dde4608a9424419d740bfc3bec9a1) Importer(815301076,1909f56bfc062723c751e8b465ee728b)
Start importing Assets/Imported/PBS Materials Variety Pack/Brick/Textures/Brick 8.png using Guid(638dde4608a9424419d740bfc3bec9a1) Importer(815301076,1909f56bfc062723c751e8b465ee728b) (PreviewImporter) -> (artifact id: 'd6b63a1c3544f4bfc9abcb99f14d8580') in 0.0211421 seconds
Number of updated asset objects reloaded before import = 0Number of asset objects unloaded after import = 2

========================================================================
Received Import Request.
  Time since last request: 0.000017 seconds.
  path: Assets/Imported/PBS Materials Variety Pack/Bark/Textures/Bark 1 Normals.png
  artifactKey: Guid(2e52fe0f7924e2b4f9777685674c4449) Importer(815301076,1909f56bfc062723c751e8b465ee728b)
Start importing Assets/Imported/PBS Materials Variety Pack/Bark/Textures/Bark 1 Normals.png using Guid(2e52fe0f7924e2b4f9777685674c4449) Importer(815301076,1909f56bfc062723c751e8b465ee728b) (PreviewImporter) -> (artifact id: '77aef3fb8b8d4db9274fc11c7e14e342') in 0.0238672 seconds
Number of updated asset objects reloaded before import = 0Number of asset objects unloaded after import = 2

========================================================================
Received Import Request.
  Time since last request: 0.000040 seconds.
  path: Assets/Imported/PBS Materials Variety Pack/Brick/Textures/Brick 8 Normals.png
  artifactKey: Guid(7a824fb85b3e07049b12c21c5e22db30) Importer(815301076,1909f56bfc062723c751e8b465ee728b)
Start importing Assets/Imported/PBS Materials Variety Pack/Brick/Textures/Brick 8 Normals.png using Guid(7a824fb85b3e07049b12c21c5e22db30) Importer(815301076,1909f56bfc062723c751e8b465ee728b) (PreviewImporter) -> (artifact id: '6bc0348d3efbb869a2a9356473fd8e61') in 0.0220647 seconds
Number of updated asset objects reloaded before import = 0Number of asset objects unloaded after import = 2

========================================================================
Received Import Request.
  Time since last request: 0.000030 seconds.
  path: Assets/Imported/PBS Materials Variety Pack/Brick/Textures/Brick 9 AO.png
  artifactKey: Guid(565c931294ec8c14096cdf4ef0589bc2) Importer(815301076,1909f56bfc062723c751e8b465ee728b)
Start importing Assets/Imported/PBS Materials Variety Pack/Brick/Textures/Brick 9 AO.png using Guid(565c931294ec8c14096cdf4ef0589bc2) Importer(815301076,1909f56bfc062723c751e8b465ee728b) (PreviewImporter) -> (artifact id: 'd1aa63b4379329f4e245c1734c8ccc63') in 0.0191073 seconds
Number of updated asset objects reloaded before import = 0Number of asset objects unloaded after import = 2

========================================================================
Received Import Request.
  Time since last request: 0.000025 seconds.
  path: Assets/Imported/PBS Materials Variety Pack/Brick/Textures/Brick 10 AO.png
  artifactKey: Guid(29a5908d01c302641a8b2d4926f5bff0) Importer(815301076,1909f56bfc062723c751e8b465ee728b)
Start importing Assets/Imported/PBS Materials Variety Pack/Brick/Textures/Brick 10 AO.png using Guid(29a5908d01c302641a8b2d4926f5bff0) Importer(815301076,1909f56bfc062723c751e8b465ee728b) (PreviewImporter) -> (artifact id: 'e164fdd8b88cd44d0a1d2a164ad1e1e8') in 0.0241192 seconds
Number of updated asset objects reloaded before import = 0Number of asset objects unloaded after import = 2

========================================================================
Received Import Request.
  Time since last request: 0.000035 seconds.
  path: Assets/Imported/PBS Materials Variety Pack/Brick/Textures/Brick 9 Normals.png
  artifactKey: Guid(0c78f09edafb30e45b0eb13dd521f333) Importer(815301076,1909f56bfc062723c751e8b465ee728b)
Start importing Assets/Imported/PBS Materials Variety Pack/Brick/Textures/Brick 9 Normals.png using Guid(0c78f09edafb30e45b0eb13dd521f333) Importer(815301076,1909f56bfc062723c751e8b465ee728b) (PreviewImporter) -> (artifact id: '00b6130ca1a4cc7ea382408402f35dae') in 0.0210531 seconds
Number of updated asset objects reloaded before import = 0Number of asset objects unloaded after import = 2

========================================================================
Received Import Request.
  Time since last request: 0.000029 seconds.
  path: Assets/Imported/PBS Materials Variety Pack/Brick/Textures/Brick9a.png
  artifactKey: Guid(e32cfc8fb7c17db4fa3194c5d18115e3) Importer(815301076,1909f56bfc062723c751e8b465ee728b)
Start importing Assets/Imported/PBS Materials Variety Pack/Brick/Textures/Brick9a.png using Guid(e32cfc8fb7c17db4fa3194c5d18115e3) Importer(815301076,1909f56bfc062723c751e8b465ee728b) (PreviewImporter) -> (artifact id: '33eb84d0779bcb12e57f18b7ee90e440') in 0.0214814 seconds
Number of updated asset objects reloaded before import = 0Number of asset objects unloaded after import = 2

========================================================================
Received Import Request.
  Time since last request: 0.000022 seconds.
  path: Assets/Imported/PBS Materials Variety Pack/Brick/Textures/Brick10.png
  artifactKey: Guid(219df7742933e1242be51f71b26ba221) Importer(815301076,1909f56bfc062723c751e8b465ee728b)
Start importing Assets/Imported/PBS Materials Variety Pack/Brick/Textures/Brick10.png using Guid(219df7742933e1242be51f71b26ba221) Importer(815301076,1909f56bfc062723c751e8b465ee728b) (PreviewImporter) -> (artifact id: '4e6ca4bbf3bfbe13e7ce256fcd6533e4') in 0.0317849 seconds
Number of updated asset objects reloaded before import = 0Number of asset objects unloaded after import = 2

========================================================================
Received Import Request.
  Time since last request: 0.000055 seconds.
  path: Assets/Low_poly_Kitchen_set/HDRP/materials/bottle_MaskMap.png
  artifactKey: Guid(56dfc4c4c0f5222478e8f19efe7d6f4e) Importer(815301076,1909f56bfc062723c751e8b465ee728b)
Start importing Assets/Low_poly_Kitchen_set/HDRP/materials/bottle_MaskMap.png using Guid(56dfc4c4c0f5222478e8f19efe7d6f4e) Importer(815301076,1909f56bfc062723c751e8b465ee728b) (PreviewImporter) -> (artifact id: '76e875c119f57b2347e3b0cbf6de4b3f') in 0.0210431 seconds
Number of updated asset objects reloaded before import = 0Number of asset objects unloaded after import = 2

========================================================================
Received Import Request.
  Time since last request: 0.000019 seconds.
  path: Assets/Imported/PBS Materials Variety Pack/Brick/Textures/Brick9b.png
  artifactKey: Guid(3b317dc56d944ab4baf3df88d2b1e729) Importer(815301076,1909f56bfc062723c751e8b465ee728b)
Start importing Assets/Imported/PBS Materials Variety Pack/Brick/Textures/Brick9b.png using Guid(3b317dc56d944ab4baf3df88d2b1e729) Importer(815301076,1909f56bfc062723c751e8b465ee728b) (PreviewImporter) -> (artifact id: 'e69e384cb90ab68cac9fec3ed05baf91') in 0.0258423 seconds
Number of updated asset objects reloaded before import = 0Number of asset objects unloaded after import = 2

========================================================================
Received Import Request.
  Time since last request: 0.000041 seconds.
  path: Assets/Imported/PBS Materials Variety Pack/Brick/Textures/Brick 4 Displacement.png
  artifactKey: Guid(55441b84928e5d2438640eb37533d66b) Importer(815301076,1909f56bfc062723c751e8b465ee728b)
Start importing Assets/Imported/PBS Materials Variety Pack/Brick/Textures/Brick 4 Displacement.png using Guid(55441b84928e5d2438640eb37533d66b) Importer(815301076,1909f56bfc062723c751e8b465ee728b) (PreviewImporter) -> (artifact id: '7c2da8d9b35451167443c4050a95d37c') in 0.0255187 seconds
Number of updated asset objects reloaded before import = 0Number of asset objects unloaded after import = 2

========================================================================
Received Import Request.
  Time since last request: 0.000050 seconds.
  path: Assets/Imported/PBS Materials Variety Pack/Brick/Textures/Brick 7a Specular.png
  artifactKey: Guid(0a28ebc2e08b1dc498a7485452ad2cfd) Importer(815301076,1909f56bfc062723c751e8b465ee728b)
Start importing Assets/Imported/PBS Materials Variety Pack/Brick/Textures/Brick 7a Specular.png using Guid(0a28ebc2e08b1dc498a7485452ad2cfd) Importer(815301076,1909f56bfc062723c751e8b465ee728b) (PreviewImporter) -> (artifact id: 'c958745691af610922491ceaad5e7a44') in 0.026211 seconds
Number of updated asset objects reloaded before import = 0Number of asset objects unloaded after import = 2

========================================================================
Received Import Request.
  Time since last request: 0.000027 seconds.
  path: Assets/Imported/PBS Materials Variety Pack/Brick/Textures/Brick 4.png
  artifactKey: Guid(9436f330baa107a468b67c60db52eb5b) Importer(815301076,1909f56bfc062723c751e8b465ee728b)
Start importing Assets/Imported/PBS Materials Variety Pack/Brick/Textures/Brick 4.png using Guid(9436f330baa107a468b67c60db52eb5b) Importer(815301076,1909f56bfc062723c751e8b465ee728b) (PreviewImporter) -> (artifact id: '7f7b870514d21b86651f90cadd33e2bc') in 0.0193629 seconds
Number of updated asset objects reloaded before import = 0Number of asset objects unloaded after import = 2

========================================================================
Received Import Request.
  Time since last request: 0.000018 seconds.
  path: Assets/Imported/PBS Materials Variety Pack/Bark/Textures/Bark 2 bump.png
  artifactKey: Guid(4b97c4a9045b18d41b5b1cdaa91068ad) Importer(815301076,1909f56bfc062723c751e8b465ee728b)
Start importing Assets/Imported/PBS Materials Variety Pack/Bark/Textures/Bark 2 bump.png using Guid(4b97c4a9045b18d41b5b1cdaa91068ad) Importer(815301076,1909f56bfc062723c751e8b465ee728b) (PreviewImporter) -> (artifact id: '45cc0528949d287e4d391de59a5fc5e2') in 0.0242276 seconds
Number of updated asset objects reloaded before import = 0Number of asset objects unloaded after import = 2

========================================================================
Received Import Request.
  Time since last request: 1.573236 seconds.
  path: Assets/Standard Assets/Environment/SpeedTree/Broadleaf/Broadleaf_Desktop_Atlas_Billboards.tga
  artifactKey: Guid(951aab9a19f551f4385d0ceafdaf19b4) Importer(815301076,1909f56bfc062723c751e8b465ee728b)
Start importing Assets/Standard Assets/Environment/SpeedTree/Broadleaf/Broadleaf_Desktop_Atlas_Billboards.tga using Guid(951aab9a19f551f4385d0ceafdaf19b4) Importer(815301076,1909f56bfc062723c751e8b465ee728b) (PreviewImporter) -> (artifact id: 'ed1637be90469b02f2d6b5adc35378a6') in 0.0209733 seconds
Number of updated asset objects reloaded before import = 0Number of asset objects unloaded after import = 2

========================================================================
Received Import Request.
  Time since last request: 0.002613 seconds.
  path: Assets/Standard Assets/Environment/SpeedTree/Broadleaf/Broadleaf_Desktop_Atlas_Normal.tga
  artifactKey: Guid(b552931caa1b3ea418b9ba90cbd1333e) Importer(815301076,1909f56bfc062723c751e8b465ee728b)
Start importing Assets/Standard Assets/Environment/SpeedTree/Broadleaf/Broadleaf_Desktop_Atlas_Normal.tga using Guid(b552931caa1b3ea418b9ba90cbd1333e) Importer(815301076,1909f56bfc062723c751e8b465ee728b) (PreviewImporter) -> (artifact id: 'f62342f2323f4508ebfcdc676866b78c') in 0.015583 seconds
Number of updated asset objects reloaded before import = 0Number of asset objects unloaded after import = 2

========================================================================
Received Import Request.
  Time since last request: 0.002464 seconds.
  path: Assets/Standard Assets/Environment/SpeedTree/Broadleaf/Broadleaf_Mobile_Atlas.tga
  artifactKey: Guid(2c116325e19b8a04d916864cc540ec2d) Importer(815301076,1909f56bfc062723c751e8b465ee728b)
Start importing Assets/Standard Assets/Environment/SpeedTree/Broadleaf/Broadleaf_Mobile_Atlas.tga using Guid(2c116325e19b8a04d916864cc540ec2d) Importer(815301076,1909f56bfc062723c751e8b465ee728b) (PreviewImporter) -> (artifact id: '66ff12f0c9437323eb0a6d20edc79487') in 0.0192847 seconds
Number of updated asset objects reloaded before import = 0Number of asset objects unloaded after import = 2

========================================================================
Received Import Request.
  Time since last request: 0.001193 seconds.
  path: Assets/Standard Assets/Environment/SpeedTree/Broadleaf/Broadleaf_Mobile_Atlas_Billboards_Normal.tga
  artifactKey: Guid(c9de3ae2361df6c469caeb2024321cbf) Importer(815301076,1909f56bfc062723c751e8b465ee728b)
Start importing Assets/Standard Assets/Environment/SpeedTree/Broadleaf/Broadleaf_Mobile_Atlas_Billboards_Normal.tga using Guid(c9de3ae2361df6c469caeb2024321cbf) Importer(815301076,1909f56bfc062723c751e8b465ee728b) (PreviewImporter) -> (artifact id: 'a5b509f910d3932ea95ece6096956454') in 0.0182746 seconds
Number of updated asset objects reloaded before import = 0Number of asset objects unloaded after import = 2

========================================================================
Received Import Request.
  Time since last request: 0.000034 seconds.
  path: Assets/Standard Assets/Environment/SpeedTree/Broadleaf/Broadleaf_Mobile_Atlas_Specular.tga
  artifactKey: Guid(45cab4c9b31009748999eec1556926b3) Importer(815301076,1909f56bfc062723c751e8b465ee728b)
Start importing Assets/Standard Assets/Environment/SpeedTree/Broadleaf/Broadleaf_Mobile_Atlas_Specular.tga using Guid(45cab4c9b31009748999eec1556926b3) Importer(815301076,1909f56bfc062723c751e8b465ee728b) (PreviewImporter) -> (artifact id: '3c9e53d4ed55f706042d106892a15ed1') in 0.0178287 seconds
Number of updated asset objects reloaded before import = 0Number of asset objects unloaded after import = 2

========================================================================
Received Import Request.
  Time since last request: 0.005004 seconds.
  path: Assets/Standard Assets/Environment/SpeedTree/Broadleaf/BroadleafBark_Normal.tga
  artifactKey: Guid(34f07406286974e4ca236867d8d58b51) Importer(815301076,1909f56bfc062723c751e8b465ee728b)
Start importing Assets/Standard Assets/Environment/SpeedTree/Broadleaf/BroadleafBark_Normal.tga using Guid(34f07406286974e4ca236867d8d58b51) Importer(815301076,1909f56bfc062723c751e8b465ee728b) (PreviewImporter) -> (artifact id: '971554825c7e01dabdad874b27b4f2fc') in 0.0238878 seconds
Number of updated asset objects reloaded before import = 0Number of asset objects unloaded after import = 2

========================================================================
Received Import Request.
  Time since last request: 0.439488 seconds.
  path: Assets/Standard Assets/Environment/SpeedTree/Broadleaf/Broadleaves_Card_Desktop_Normal.tga
  artifactKey: Guid(f0d8945c7972e4747aa776e16494fa37) Importer(815301076,1909f56bfc062723c751e8b465ee728b)
Start importing Assets/Standard Assets/Environment/SpeedTree/Broadleaf/Broadleaves_Card_Desktop_Normal.tga using Guid(f0d8945c7972e4747aa776e16494fa37) Importer(815301076,1909f56bfc062723c751e8b465ee728b) (PreviewImporter) -> (artifact id: '4807c5dea54e6d0ed5a2262611571db6') in 0.0162465 seconds
Number of updated asset objects reloaded before import = 0Number of asset objects unloaded after import = 2

========================================================================
Received Import Request.
  Time since last request: 0.000018 seconds.
  path: Assets/Standard Assets/Environment/SpeedTree/Broadleaf/Broadleaves_Desktop.tga
  artifactKey: Guid(306f8f570579fb3448d141a63029ef94) Importer(815301076,1909f56bfc062723c751e8b465ee728b)
Start importing Assets/Standard Assets/Environment/SpeedTree/Broadleaf/Broadleaves_Desktop.tga using Guid(306f8f570579fb3448d141a63029ef94) Importer(815301076,1909f56bfc062723c751e8b465ee728b) (PreviewImporter) -> (artifact id: '0a2c63b74cb8b7ff4842f42d38ff0d17') in 0.0159909 seconds
Number of updated asset objects reloaded before import = 0Number of asset objects unloaded after import = 2

========================================================================
Received Import Request.
  Time since last request: 0.000018 seconds.
  path: Assets/Standard Assets/Environment/SpeedTree/Broadleaf/Broadleaves_Desktop_Spec.tga
  artifactKey: Guid(30586af2d47849140b2d533bb6f75eaa) Importer(815301076,1909f56bfc062723c751e8b465ee728b)
Start importing Assets/Standard Assets/Environment/SpeedTree/Broadleaf/Broadleaves_Desktop_Spec.tga using Guid(30586af2d47849140b2d533bb6f75eaa) Importer(815301076,1909f56bfc062723c751e8b465ee728b) (PreviewImporter) -> (artifact id: '6a6c52f7deed71da35024b66697975b2') in 0.016781 seconds
Number of updated asset objects reloaded before import = 0Number of asset objects unloaded after import = 2

========================================================================
Received Import Request.
  Time since last request: 0.000016 seconds.
  path: Assets/Standard Assets/Environment/SpeedTree/Broadleaf/Broadleaves_Mobile_Normal.tga
  artifactKey: Guid(7bdd8cb386e0b554b84cb783663bb4fc) Importer(815301076,1909f56bfc062723c751e8b465ee728b)
Start importing Assets/Standard Assets/Environment/SpeedTree/Broadleaf/Broadleaves_Mobile_Normal.tga using Guid(7bdd8cb386e0b554b84cb783663bb4fc) Importer(815301076,1909f56bfc062723c751e8b465ee728b) (PreviewImporter) -> (artifact id: '9b23d06cf8375033f79d72e44d8457f2') in 0.0154596 seconds
Number of updated asset objects reloaded before import = 0Number of asset objects unloaded after import = 2

========================================================================
Received Import Request.
  Time since last request: 0.000017 seconds.
  path: Assets/Standard Assets/CrossPlatformInput/Sprites/ButtonAcceleratorOverSprite.png
  artifactKey: Guid(eb5f6e2757c821940b69cf1456f7865a) Importer(815301076,1909f56bfc062723c751e8b465ee728b)
Start importing Assets/Standard Assets/CrossPlatformInput/Sprites/ButtonAcceleratorOverSprite.png using Guid(eb5f6e2757c821940b69cf1456f7865a) Importer(815301076,1909f56bfc062723c751e8b465ee728b) (PreviewImporter) -> (artifact id: '8e36800d42c779131269bbbc3b9706ab') in 0.0167213 seconds
Number of updated asset objects reloaded before import = 0Number of asset objects unloaded after import = 3

========================================================================
Received Import Request.
  Time since last request: 0.000022 seconds.
  path: Assets/Standard Assets/CrossPlatformInput/Sprites/ButtonArrowOverSprite.png
  artifactKey: Guid(49b611e658efbf443b686a4036f74fe3) Importer(815301076,1909f56bfc062723c751e8b465ee728b)
Start importing Assets/Standard Assets/CrossPlatformInput/Sprites/ButtonArrowOverSprite.png using Guid(49b611e658efbf443b686a4036f74fe3) Importer(815301076,1909f56bfc062723c751e8b465ee728b) (PreviewImporter) -> (artifact id: '163d64117f59d8e1f7a7f4281c883ad3') in 0.0230454 seconds
Number of updated asset objects reloaded before import = 0Number of asset objects unloaded after import = 3

========================================================================
Received Import Request.
  Time since last request: 0.450217 seconds.
  path: Assets/Standard Assets/CrossPlatformInput/Sprites/ButtonBrakeOverSprite.png
  artifactKey: Guid(5b1a64ea234fb2343b8d0686c51280de) Importer(815301076,1909f56bfc062723c751e8b465ee728b)
Start importing Assets/Standard Assets/CrossPlatformInput/Sprites/ButtonBrakeOverSprite.png using Guid(5b1a64ea234fb2343b8d0686c51280de) Importer(815301076,1909f56bfc062723c751e8b465ee728b) (PreviewImporter) -> (artifact id: '9f94bf566b7bc30aa59686bed2c5ab57') in 0.0149633 seconds
Number of updated asset objects reloaded before import = 0Number of asset objects unloaded after import = 3

========================================================================
Received Import Request.
  Time since last request: 0.000019 seconds.
  path: Assets/Standard Assets/CrossPlatformInput/Sprites/ButtonCameraCycleUpSprite.png
  artifactKey: Guid(a3983c59ebf804b4abba687bd7c9e92f) Importer(815301076,1909f56bfc062723c751e8b465ee728b)
Start importing Assets/Standard Assets/CrossPlatformInput/Sprites/ButtonCameraCycleUpSprite.png using Guid(a3983c59ebf804b4abba687bd7c9e92f) Importer(815301076,1909f56bfc062723c751e8b465ee728b) (PreviewImporter) -> (artifact id: 'f09df4b732dbe045a3c3dbf7ba7d546b') in 0.016272 seconds
Number of updated asset objects reloaded before import = 0Number of asset objects unloaded after import = 3

========================================================================
Received Import Request.
  Time since last request: 0.000017 seconds.
  path: Assets/Standard Assets/CrossPlatformInput/Sprites/ButtonSpacebarSprite.png
  artifactKey: Guid(3d8675433a508ec47b8f895201eacf20) Importer(815301076,1909f56bfc062723c751e8b465ee728b)
Start importing Assets/Standard Assets/CrossPlatformInput/Sprites/ButtonSpacebarSprite.png using Guid(3d8675433a508ec47b8f895201eacf20) Importer(815301076,1909f56bfc062723c751e8b465ee728b) (PreviewImporter) -> (artifact id: '5d0a7f29f8999408d27bd6951169f0c8') in 0.0159031 seconds
Number of updated asset objects reloaded before import = 0Number of asset objects unloaded after import = 3

========================================================================
Received Import Request.
  Time since last request: 0.000016 seconds.
  path: Assets/Standard Assets/CrossPlatformInput/Sprites/ButtonThumbstickUpSprite.png
  artifactKey: Guid(9866a92691696b346901281f2b329034) Importer(815301076,1909f56bfc062723c751e8b465ee728b)
Start importing Assets/Standard Assets/CrossPlatformInput/Sprites/ButtonThumbstickUpSprite.png using Guid(9866a92691696b346901281f2b329034) Importer(815301076,1909f56bfc062723c751e8b465ee728b) (PreviewImporter) -> (artifact id: 'f0fa31203a49c487bf0806945d81d57b') in 0.0156076 seconds
Number of updated asset objects reloaded before import = 0Number of asset objects unloaded after import = 3

========================================================================
Received Import Request.
  Time since last request: 0.000022 seconds.
  path: Assets/CrowAssets/Assets/Low Poly Stylized Food/Textures/Can_01_Opened/Can_01_Open_rough.png
  artifactKey: Guid(55a9740ac0ebd8f4898587ab36134fd2) Importer(815301076,1909f56bfc062723c751e8b465ee728b)
Start importing Assets/CrowAssets/Assets/Low Poly Stylized Food/Textures/Can_01_Opened/Can_01_Open_rough.png using Guid(55a9740ac0ebd8f4898587ab36134fd2) Importer(815301076,1909f56bfc062723c751e8b465ee728b) (PreviewImporter) -> (artifact id: '332a5f03bd6afd3234f0c893c3100503') in 0.0239744 seconds
Number of updated asset objects reloaded before import = 0Number of asset objects unloaded after import = 2

========================================================================
Received Import Request.
  Time since last request: 0.000022 seconds.
  path: Assets/Standard Assets/CrossPlatformInput/Sprites/ButtonTimescaleSlowUpSprite.png
  artifactKey: Guid(9d7c6e4896067aa4fa512a00f692ac1c) Importer(815301076,1909f56bfc062723c751e8b465ee728b)
Start importing Assets/Standard Assets/CrossPlatformInput/Sprites/ButtonTimescaleSlowUpSprite.png using Guid(9d7c6e4896067aa4fa512a00f692ac1c) Importer(815301076,1909f56bfc062723c751e8b465ee728b) (PreviewImporter) -> (artifact id: '348e99ce6e45753163f34844aa3ddc75') in 0.0217743 seconds
Number of updated asset objects reloaded before import = 0Number of asset objects unloaded after import = 3

========================================================================
Received Import Request.
  Time since last request: 1.186092 seconds.
  path: Assets/CrowAssets/Assets/Low Poly Stylized Food/Textures/Candy Bar/Candybar_tex.png
  artifactKey: Guid(28cef1a8d5b71a8459773a291d31455e) Importer(815301076,1909f56bfc062723c751e8b465ee728b)
Start importing Assets/CrowAssets/Assets/Low Poly Stylized Food/Textures/Candy Bar/Candybar_tex.png using Guid(28cef1a8d5b71a8459773a291d31455e) Importer(815301076,1909f56bfc062723c751e8b465ee728b) (PreviewImporter) -> (artifact id: '8358677dfa6b02834269bbadeaaedd72') in 0.0206045 seconds
Number of updated asset objects reloaded before import = 0Number of asset objects unloaded after import = 2

========================================================================
Received Import Request.
  Time since last request: 0.000016 seconds.
  path: Assets/Standard Assets/Environment/SpeedTree/Broadleaf/Cap_01.tga
  artifactKey: Guid(c688b8230f338954e977969bd4457584) Importer(815301076,1909f56bfc062723c751e8b465ee728b)
Start importing Assets/Standard Assets/Environment/SpeedTree/Broadleaf/Cap_01.tga using Guid(c688b8230f338954e977969bd4457584) Importer(815301076,1909f56bfc062723c751e8b465ee728b) (PreviewImporter) -> (artifact id: 'eb773801a2e440bafc3af616c720558f') in 0.0149859 seconds
Number of updated asset objects reloaded before import = 0Number of asset objects unloaded after import = 2

========================================================================
Received Import Request.
  Time since last request: 0.000019 seconds.
  path: Assets/Standard Assets/Environment/SpeedTree/Broadleaf/Cap_02.tga
  artifactKey: Guid(ee07ea8cb1a00c844b4048d37dcfe712) Importer(815301076,1909f56bfc062723c751e8b465ee728b)
Start importing Assets/Standard Assets/Environment/SpeedTree/Broadleaf/Cap_02.tga using Guid(ee07ea8cb1a00c844b4048d37dcfe712) Importer(815301076,1909f56bfc062723c751e8b465ee728b) (PreviewImporter) -> (artifact id: '625c226118db373230f4cdb798fa3a77') in 0.0143544 seconds
Number of updated asset objects reloaded before import = 0Number of asset objects unloaded after import = 2

========================================================================
Received Import Request.
  Time since last request: 0.000020 seconds.
  path: Assets/Standard Assets/Environment/SpeedTree/Broadleaf/Cap_02_Normal.tga
  artifactKey: Guid(371fa5d370f67534696194100d17bfad) Importer(815301076,1909f56bfc062723c751e8b465ee728b)
Start importing Assets/Standard Assets/Environment/SpeedTree/Broadleaf/Cap_02_Normal.tga using Guid(371fa5d370f67534696194100d17bfad) Importer(815301076,1909f56bfc062723c751e8b465ee728b) (PreviewImporter) -> (artifact id: '756d7bfcd83953d100d3239cad248037') in 0.0185913 seconds
Number of updated asset objects reloaded before import = 0Number of asset objects unloaded after import = 2

========================================================================
Received Import Request.
  Time since last request: 0.000020 seconds.
  path: Assets/Imported/PBS Materials Variety Pack/Carpet/Textures/Carpet 1 bump.png
  artifactKey: Guid(de0db600fb4513f47b603581d54b4589) Importer(815301076,1909f56bfc062723c751e8b465ee728b)
Start importing Assets/Imported/PBS Materials Variety Pack/Carpet/Textures/Carpet 1 bump.png using Guid(de0db600fb4513f47b603581d54b4589) Importer(815301076,1909f56bfc062723c751e8b465ee728b) (PreviewImporter) -> (artifact id: '1586c27d7917176d3715dee88db6c4a0') in 0.0236066 seconds
Number of updated asset objects reloaded before import = 0Number of asset objects unloaded after import = 2

========================================================================
Received Import Request.
  Time since last request: 0.039891 seconds.
  path: Assets/CrowAssets/Assets/Low Poly Stylized Food/Textures/Cheese/Cheese_tex.png
  artifactKey: Guid(db098ca012256cb40aa18c6b09b13163) Importer(815301076,1909f56bfc062723c751e8b465ee728b)
Start importing Assets/CrowAssets/Assets/Low Poly Stylized Food/Textures/Cheese/Cheese_tex.png using Guid(db098ca012256cb40aa18c6b09b13163) Importer(815301076,1909f56bfc062723c751e8b465ee728b) (PreviewImporter) -> (artifact id: '3c5847162cc41496c6a31a8a06b83ccf') in 0.0146961 seconds
Number of updated asset objects reloaded before import = 0Number of asset objects unloaded after import = 2

========================================================================
Received Import Request.
  Time since last request: 0.000019 seconds.
  path: Assets/Standard Assets/Environment/TerrainAssets/SurfaceTextures/CliffAlbedoSpecular.psd
  artifactKey: Guid(18214e9d6af6248559d501391856f1c7) Importer(815301076,1909f56bfc062723c751e8b465ee728b)
Start importing Assets/Standard Assets/Environment/TerrainAssets/SurfaceTextures/CliffAlbedoSpecular.psd using Guid(18214e9d6af6248559d501391856f1c7) Importer(815301076,1909f56bfc062723c751e8b465ee728b) (PreviewImporter) -> (artifact id: '7bc5fa7bc20885a58c749a00060ff521') in 0.0175156 seconds
Number of updated asset objects reloaded before import = 0Number of asset objects unloaded after import = 2

========================================================================
Received Import Request.
  Time since last request: 0.000022 seconds.
  path: Assets/Standard Assets/Effects/TessellationShaders/Textures/CliffHeight.png
  artifactKey: Guid(17da6d53ec93a0444bd0f751b1d02477) Importer(815301076,1909f56bfc062723c751e8b465ee728b)
Start importing Assets/Standard Assets/Effects/TessellationShaders/Textures/CliffHeight.png using Guid(17da6d53ec93a0444bd0f751b1d02477) Importer(815301076,1909f56bfc062723c751e8b465ee728b) (PreviewImporter) -> (artifact id: '6b59f0990e2f0b6be71f919d73a35eb2') in 0.0202936 seconds
Number of updated asset objects reloaded before import = 0Number of asset objects unloaded after import = 2

========================================================================
Received Import Request.
  Time since last request: 1.696543 seconds.
  path: Assets/Imported/PBS Materials Variety Pack/Dirt/Textures/Dirt 1.png
  artifactKey: Guid(c0cd7af107bfa41438b87cbba972a0c4) Importer(815301076,1909f56bfc062723c751e8b465ee728b)
Start importing Assets/Imported/PBS Materials Variety Pack/Dirt/Textures/Dirt 1.png using Guid(c0cd7af107bfa41438b87cbba972a0c4) Importer(815301076,1909f56bfc062723c751e8b465ee728b) (PreviewImporter) -> (artifact id: 'e1b5747ea09b09605cf704377cb6a0db') in 0.0154214 seconds
Number of updated asset objects reloaded before import = 0Number of asset objects unloaded after import = 2

========================================================================
Received Import Request.
  Time since last request: 0.638803 seconds.
  path: Assets/CrowAssets/Assets/Low Poly Stylized Food/Textures/Eggs/Egg_White_tex.png
  artifactKey: Guid(a04af5921b882404d8db81078d160652) Importer(815301076,1909f56bfc062723c751e8b465ee728b)
Start importing Assets/CrowAssets/Assets/Low Poly Stylized Food/Textures/Eggs/Egg_White_tex.png using Guid(a04af5921b882404d8db81078d160652) Importer(815301076,1909f56bfc062723c751e8b465ee728b) (PreviewImporter) -> (artifact id: '02c5dd940a5ceaa6af280bbe929867bd') in 0.0209084 seconds
Number of updated asset objects reloaded before import = 0Number of asset objects unloaded after import = 2

========================================================================
Received Import Request.
  Time since last request: 0.033794 seconds.
  path: Assets/Imported/PBS Materials Variety Pack/Fabric/Textures/Fabric 1 Displacement.png
  artifactKey: Guid(683f5aba1b7e14645b552c0875f25a14) Importer(815301076,1909f56bfc062723c751e8b465ee728b)
Start importing Assets/Imported/PBS Materials Variety Pack/Fabric/Textures/Fabric 1 Displacement.png using Guid(683f5aba1b7e14645b552c0875f25a14) Importer(815301076,1909f56bfc062723c751e8b465ee728b) (PreviewImporter) -> (artifact id: '80924281f22e7ea519b8f3cb219a5a0c') in 0.0176529 seconds
Number of updated asset objects reloaded before import = 0Number of asset objects unloaded after import = 2

========================================================================
Received Import Request.
  Time since last request: 0.479883 seconds.
  path: Assets/Standard Assets/Fonts/OpenSans/OpenSansLight.ttf
  artifactKey: Guid(04a842e316b6f44bf8da702de26a8ed6) Importer(815301076,1909f56bfc062723c751e8b465ee728b)
Start importing Assets/Standard Assets/Fonts/OpenSans/OpenSansLight.ttf using Guid(04a842e316b6f44bf8da702de26a8ed6) Importer(815301076,1909f56bfc062723c751e8b465ee728b) (PreviewImporter) -> (artifact id: 'd5c7043cc311c172455e7a9f4e914925') in 0.0407819 seconds
Number of updated asset objects reloaded before import = 0Number of asset objects unloaded after import = 4

========================================================================
Received Import Request.
  Time since last request: 0.436719 seconds.
  path: Assets/CrowAssets/Assets/Low Poly Stylized Food/Textures/Jar/Jar_rough.png
  artifactKey: Guid(50e7c4f70924ef44daaa122bd965fa96) Importer(815301076,1909f56bfc062723c751e8b465ee728b)
Start importing Assets/CrowAssets/Assets/Low Poly Stylized Food/Textures/Jar/Jar_rough.png using Guid(50e7c4f70924ef44daaa122bd965fa96) Importer(815301076,1909f56bfc062723c751e8b465ee728b) (PreviewImporter) -> (artifact id: '0309eb30534a7a719477c01286d43061') in 0.0314977 seconds
Number of updated asset objects reloaded before import = 0Number of asset objects unloaded after import = 2

========================================================================
Received Import Request.
  Time since last request: 0.000026 seconds.
  path: Assets/CrowAssets/Assets/Low Poly Stylized Food/Textures/Juice Box/JuiceBox_tex.png
  artifactKey: Guid(8acadeef4fa662344930b14c673b0ccd) Importer(815301076,1909f56bfc062723c751e8b465ee728b)
Start importing Assets/CrowAssets/Assets/Low Poly Stylized Food/Textures/Juice Box/JuiceBox_tex.png using Guid(8acadeef4fa662344930b14c673b0ccd) Importer(815301076,1909f56bfc062723c751e8b465ee728b) (PreviewImporter) -> (artifact id: '9bd525ae8ad878eab18934d71ae00c76') in 0.0231427 seconds
Number of updated asset objects reloaded before import = 0Number of asset objects unloaded after import = 2

========================================================================
Received Import Request.
  Time since last request: 0.000032 seconds.
  path: Assets/Imported/PBS Materials Variety Pack/Leaves/Textures/Leaves 1.png
  artifactKey: Guid(6aeaa5c85c070b547b1f12948f2100d0) Importer(815301076,1909f56bfc062723c751e8b465ee728b)
Start importing Assets/Imported/PBS Materials Variety Pack/Leaves/Textures/Leaves 1.png using Guid(6aeaa5c85c070b547b1f12948f2100d0) Importer(815301076,1909f56bfc062723c751e8b465ee728b) (PreviewImporter) -> (artifact id: '4e017c02351ce0536776fc546466462c') in 0.0170504 seconds
Number of updated asset objects reloaded before import = 0Number of asset objects unloaded after import = 2

========================================================================
Received Import Request.
  Time since last request: 0.006898 seconds.
  path: Assets/CrowAssets/Assets/Low Poly Stylized Food/Textures/Lettuce/Lettuce_rough.png
  artifactKey: Guid(6df52faab589bc043bff0ff82c646fbd) Importer(815301076,1909f56bfc062723c751e8b465ee728b)
Start importing Assets/CrowAssets/Assets/Low Poly Stylized Food/Textures/Lettuce/Lettuce_rough.png using Guid(6df52faab589bc043bff0ff82c646fbd) Importer(815301076,1909f56bfc062723c751e8b465ee728b) (PreviewImporter) -> (artifact id: 'cb6ce97dcd8e9cfe5923e440c2936bbd') in 0.0191527 seconds
Number of updated asset objects reloaded before import = 0Number of asset objects unloaded after import = 2

========================================================================
Received Import Request.
  Time since last request: 0.000016 seconds.
  path: Assets/TextMesh Pro/Resources/Fonts & Materials/LiberationSans SDF.asset
  artifactKey: Guid(8f586378b4e144a9851e7b34d9b748ee) Importer(815301076,1909f56bfc062723c751e8b465ee728b)
Start importing Assets/TextMesh Pro/Resources/Fonts & Materials/LiberationSans SDF.asset using Guid(8f586378b4e144a9851e7b34d9b748ee) Importer(815301076,1909f56bfc062723c751e8b465ee728b) (PreviewImporter) -> (artifact id: 'fc5806af9f6b2cb88ec3315b447ddf06') in 0.0463382 seconds
Number of updated asset objects reloaded before import = 0Number of asset objects unloaded after import = 9

========================================================================
Received Import Request.
  Time since last request: 0.005823 seconds.
  path: Assets/Imported/PBS Materials Variety Pack/Metal/Textures/Metal 1 Normals.png
  artifactKey: Guid(46807f0a7c3985543935cf5c4f052cd1) Importer(815301076,1909f56bfc062723c751e8b465ee728b)
Start importing Assets/Imported/PBS Materials Variety Pack/Metal/Textures/Metal 1 Normals.png using Guid(46807f0a7c3985543935cf5c4f052cd1) Importer(815301076,1909f56bfc062723c751e8b465ee728b) (PreviewImporter) -> (artifact id: 'f11f174d5e533c44e6428052d9577790') in 0.0207149 seconds
Number of updated asset objects reloaded before import = 0Number of asset objects unloaded after import = 2

========================================================================
Received Import Request.
  Time since last request: 40.221414 seconds.
  path: Assets/Low_poly_Kitchen_set/textures/metals.png
  artifactKey: Guid(ca4bbb81ff0c54d4ba10214378cde566) Importer(815301076,1909f56bfc062723c751e8b465ee728b)
Start importing Assets/Low_poly_Kitchen_set/textures/metals.png using Guid(ca4bbb81ff0c54d4ba10214378cde566) Importer(815301076,1909f56bfc062723c751e8b465ee728b) (PreviewImporter) -> (artifact id: '409521ae8b05286ed36b511a039922c1') in 0.0171013 seconds
Number of updated asset objects reloaded before import = 0Number of asset objects unloaded after import = 2

Editor requested this worker to shutdown with reason: Scaling down because of idle timeout
AssetImportWorker is now disconnected from the server
Process exiting
Exiting without the bug reporter. Application will terminate with return code 0