Using pre-set license
Built from '2023.2/staging' branch; Version is '2023.2.20f1 (0e25a174756c) revision 927137'; Using compiler version '193431935'; Build Type 'Release'
OS: 'Windows 10  (10.0.19045) 64bit CoreSingleLanguage' Language: 'en' Physical Memory: 15775 MB
BatchMode: 1, IsHumanControllingUs: 0, StartBugReporterOnCrash: 0, Is64bit: 1, IsPro: 1

COMMAND LINE ARGUMENTS:
C:\Program Files\Unity\Hub\Editor\2023.2.20f1\Editor\Unity.exe
-adb2
-batchMode
-noUpm
-name
AssetImportWorker3
-projectPath
C:/Users/ASUS/Documents/GitHub/GDENG01-GameJam-Home/GDENG-GameJam1
-logFile
Logs/AssetImportWorker3.log
-srvPort
54227
-job-worker-count
7
-background-job-worker-count
8
-asset-garbage-collectors
1
Successfully changed project path to: C:/Users/ASUS/Documents/GitHub/GDENG01-GameJam-Home/GDENG-GameJam1
C:/Users/ASUS/Documents/GitHub/GDENG01-GameJam-Home/GDENG-GameJam1
[UnityMemory] Configuration Parameters - Can be set up in boot.config
    "memorysetup-bucket-allocator-granularity=16"
    "memorysetup-bucket-allocator-bucket-count=8"
    "memorysetup-bucket-allocator-block-size=33554432"
    "memorysetup-bucket-allocator-block-count=8"
    "memorysetup-main-allocator-block-size=16777216"
    "memorysetup-thread-allocator-block-size=16777216"
    "memorysetup-gfx-main-allocator-block-size=16777216"
    "memorysetup-gfx-thread-allocator-block-size=16777216"
    "memorysetup-cache-allocator-block-size=4194304"
    "memorysetup-typetree-allocator-block-size=2097152"
    "memorysetup-profiler-bucket-allocator-granularity=16"
    "memorysetup-profiler-bucket-allocator-bucket-count=8"
    "memorysetup-profiler-bucket-allocator-block-size=33554432"
    "memorysetup-profiler-bucket-allocator-block-count=8"
    "memorysetup-profiler-allocator-block-size=16777216"
    "memorysetup-profiler-editor-allocator-block-size=1048576"
    "memorysetup-temp-allocator-size-main=16777216"
    "memorysetup-job-temp-allocator-block-size=2097152"
    "memorysetup-job-temp-allocator-block-size-background=1048576"
    "memorysetup-job-temp-allocator-reduction-small-platforms=262144"
    "memorysetup-allocator-temp-initial-block-size-main=262144"
    "memorysetup-allocator-temp-initial-block-size-worker=262144"
    "memorysetup-temp-allocator-size-background-worker=32768"
    "memorysetup-temp-allocator-size-job-worker=262144"
    "memorysetup-temp-allocator-size-preload-manager=33554432"
    "memorysetup-temp-allocator-size-nav-mesh-worker=65536"
    "memorysetup-temp-allocator-size-audio-worker=65536"
    "memorysetup-temp-allocator-size-cloud-worker=32768"
    "memorysetup-temp-allocator-size-gi-baking-worker=262144"
    "memorysetup-temp-allocator-size-gi-baking-worker=262144"
    "memorysetup-temp-allocator-size-gi-baking-worker=262144"
    "memorysetup-temp-allocator-size-gi-baking-worker=262144"
    "memorysetup-temp-allocator-size-gfx=262144"
Player connection [34780] Host "[IP] 192.168.18.9 [Port] 0 [Flags] 2 [Guid] 1121915188 [EditorId] 1121915188 [Version] 1048832 [Id] WindowsEditor(7,DESKTOP-LOCDEUQ) [Debug] 1 [PackageName] WindowsEditor [ProjectName] Editor" joined multi-casting on [225.0.0.222:54997]...
Player connection [34780] Host "[IP] 192.168.18.9 [Port] 0 [Flags] 2 [Guid] 1121915188 [EditorId] 1121915188 [Version] 1048832 [Id] WindowsEditor(7,DESKTOP-LOCDEUQ) [Debug] 1 [PackageName] WindowsEditor [ProjectName] Editor" joined alternative multi-casting on [225.0.0.222:34997]...
JobSystem: Creating JobQueue using job-worker-count value 7
[Physics::Module] Initialized MultithreadedJobDispatcher with 7 workers.
Library Redirect Path: Library/
Refreshing native plugins compatible for Editor in 1.93 ms, found 3 plugins.
Preloading 0 native plugins for Editor in 0.00 ms.
Initialize engine version: 2023.2.20f1 (0e25a174756c)
[Subsystems] Discovering subsystems at path C:/Program Files/Unity/Hub/Editor/2023.2.20f1/Editor/Data/Resources/UnitySubsystems
[Subsystems] Discovering subsystems at path C:/Users/ASUS/Documents/GitHub/GDENG01-GameJam-Home/GDENG-GameJam1/Assets
GfxDevice: creating device client; kGfxThreadingModeNonThreaded
Direct3D:
    Version:  Direct3D 11.0 [level 11.1]
    Renderer: NVIDIA GeForce RTX 3050 Laptop GPU (ID=0x25a2)
    Vendor:   NVIDIA
    VRAM:     3964 MB
    Driver:   32.0.15.6607
Initialize mono
Mono path[0] = 'C:/Program Files/Unity/Hub/Editor/2023.2.20f1/Editor/Data/Managed'
Mono path[1] = 'C:/Program Files/Unity/Hub/Editor/2023.2.20f1/Editor/Data/MonoBleedingEdge/lib/mono/unityjit-win32'
Mono config path = 'C:/Program Files/Unity/Hub/Editor/2023.2.20f1/Editor/Data/MonoBleedingEdge/etc'
Using monoOptions --debugger-agent=transport=dt_socket,embedding=1,server=y,suspend=n,address=127.0.0.1:56256
Begin MonoManager ReloadAssembly
Registering precompiled unity dll's ...
Register platform support module: C:/Program Files/Unity/Hub/Editor/2023.2.20f1/Editor/Data/PlaybackEngines/WindowsStandaloneSupport/UnityEditor.WindowsStandalone.Extensions.dll
Register platform support module: C:/Program Files/Unity/Hub/Editor/2023.2.20f1/Editor/Data/PlaybackEngines/AndroidPlayer/UnityEditor.Android.Extensions.dll
Registered in 0.007090 seconds.
- Loaded All Assemblies, in  0.571 seconds
Native extension for Android target not found
Android Extension - Scanning For ADB Devices 291 ms
Native extension for WindowsStandalone target not found
Mono: successfully reloaded assembly
- Finished resetting the current domain, in  0.703 seconds
Domain Reload Profiling: 1269ms
	BeginReloadAssembly (201ms)
		ExecutionOrderSort (0ms)
		DisableScriptedObjects (0ms)
		BackupInstance (0ms)
		ReleaseScriptingObjects (0ms)
		CreateAndSetChildDomain (1ms)
	RebuildCommonClasses (48ms)
	RebuildNativeTypeToScriptingClass (14ms)
	initialDomainReloadingComplete (75ms)
	LoadAllAssembliesAndSetupDomain (228ms)
		LoadAssemblies (199ms)
		RebuildTransferFunctionScriptingTraits (0ms)
		AnalyzeDomain (223ms)
			TypeCache.Refresh (221ms)
				TypeCache.ScanAssembly (203ms)
			BuildScriptInfoCaches (0ms)
			ResolveRequiredComponents (1ms)
	FinalizeReload (703ms)
		ReleaseScriptCaches (0ms)
		RebuildScriptCaches (0ms)
		SetupLoadedEditorAssemblies (649ms)
			LogAssemblyErrors (0ms)
			InitializePlatformSupportModulesInManaged (420ms)
			SetLoadedEditorAssemblies (4ms)
			BeforeProcessingInitializeOnLoad (7ms)
			ProcessInitializeOnLoadAttributes (164ms)
			ProcessInitializeOnLoadMethodAttributes (54ms)
			AfterProcessingInitializeOnLoad (0ms)
			EditorAssembliesLoaded (0ms)
		ExecutionOrderSort2 (0ms)
		AwakeInstancesAfterBackupRestoration (0ms)
========================================================================
Worker process is ready to serve import requests
Import Worker Mode flag is 0x00
Begin MonoManager ReloadAssembly
Symbol file LoadedFromMemory doesn't match image C:\Users\ASUS\Documents\GitHub\GDENG01-GameJam-Home\GDENG-GameJam1\Library\PackageCache\com.unity.visualscripting@1.8.0\Editor\VisualScripting.Core\Dependencies\YamlDotNet\Unity.VisualScripting.YamlDotNet.dll
Symbol file LoadedFromMemory doesn't match image C:\Users\ASUS\Documents\GitHub\GDENG01-GameJam-Home\GDENG-GameJam1\Library\PackageCache\com.unity.visualscripting@1.8.0\Editor\VisualScripting.Core\Dependencies\DotNetZip\Unity.VisualScripting.IonicZip.dll
- Loaded All Assemblies, in  1.299 seconds
Refreshing native plugins compatible for Editor in 1.01 ms, found 3 plugins.
Native extension for Android target not found
Native extension for WindowsStandalone target not found
Mono: successfully reloaded assembly
- Finished resetting the current domain, in  0.766 seconds
Domain Reload Profiling: 2058ms
	BeginReloadAssembly (646ms)
		ExecutionOrderSort (0ms)
		DisableScriptedObjects (6ms)
		BackupInstance (0ms)
		ReleaseScriptingObjects (0ms)
		CreateAndSetChildDomain (43ms)
	RebuildCommonClasses (39ms)
	RebuildNativeTypeToScriptingClass (13ms)
	initialDomainReloadingComplete (43ms)
	LoadAllAssembliesAndSetupDomain (551ms)
		LoadAssemblies (494ms)
		RebuildTransferFunctionScriptingTraits (0ms)
		AnalyzeDomain (185ms)
			TypeCache.Refresh (156ms)
				TypeCache.ScanAssembly (141ms)
			BuildScriptInfoCaches (21ms)
			ResolveRequiredComponents (5ms)
	FinalizeReload (766ms)
		ReleaseScriptCaches (0ms)
		RebuildScriptCaches (0ms)
		SetupLoadedEditorAssemblies (576ms)
			LogAssemblyErrors (0ms)
			InitializePlatformSupportModulesInManaged (19ms)
			SetLoadedEditorAssemblies (3ms)
			BeforeProcessingInitializeOnLoad (43ms)
			ProcessInitializeOnLoadAttributes (483ms)
			ProcessInitializeOnLoadMethodAttributes (20ms)
			AfterProcessingInitializeOnLoad (7ms)
			EditorAssembliesLoaded (0ms)
		ExecutionOrderSort2 (0ms)
		AwakeInstancesAfterBackupRestoration (8ms)
Launched and connected shader compiler UnityShaderCompiler.exe after 0.01 seconds
Refreshing native plugins compatible for Editor in 1.20 ms, found 3 plugins.
Preloading 0 native plugins for Editor in 0.00 ms.
Unloading 63 Unused Serialized files (Serialized files now loaded: 0)
Unloading 3675 unused Assets / (1.8 MB). Loaded Objects now: 4308.
Memory consumption went from 128.1 MB to 126.3 MB.
Total: 9.269300 ms (FindLiveObjects: 0.588200 ms CreateObjectMapping: 0.617000 ms MarkObjects: 6.423400 ms  DeleteObjects: 1.639600 ms)

========================================================================
Received Import Request.
  Time since last request: 1420754.637618 seconds.
  path: Assets/Package04_Free_Kitchen/FreeKitchen/Prefabs/Version02/FreeCarpet.prefab
  artifactKey: Guid(d8c9f5958f08e4314bc2a13e2711ce45) Importer(815301076,1909f56bfc062723c751e8b465ee728b)
Start importing Assets/Package04_Free_Kitchen/FreeKitchen/Prefabs/Version02/FreeCarpet.prefab using Guid(d8c9f5958f08e4314bc2a13e2711ce45) Importer(815301076,1909f56bfc062723c751e8b465ee728b) (PreviewImporter) -> (artifact id: 'd08eab6f6f6321ea9d793813802562ac') in 0.215551 seconds
Number of updated asset objects reloaded before import = 0Number of asset objects unloaded after import = 12

========================================================================
Received Import Request.
  Time since last request: 0.000034 seconds.
  path: Assets/Package04_Free_Kitchen/FreeKitchen/Prefabs/Version02/FreeMirkowave.prefab
  artifactKey: Guid(cf83354aee1a94671a764d7daa176555) Importer(815301076,1909f56bfc062723c751e8b465ee728b)
Start importing Assets/Package04_Free_Kitchen/FreeKitchen/Prefabs/Version02/FreeMirkowave.prefab using Guid(cf83354aee1a94671a764d7daa176555) Importer(815301076,1909f56bfc062723c751e8b465ee728b) (PreviewImporter) -> (artifact id: '85e3d11f234b79c23fa1ffc0011cfcf4') in 0.0367129 seconds
Number of updated asset objects reloaded before import = 0Number of asset objects unloaded after import = 21

========================================================================
Received Import Request.
  Time since last request: 0.000046 seconds.
  path: Assets/Package04_Free_Kitchen/FreeKitchen/Prefabs/Version02/ShelfWithEquipment02.prefab
  artifactKey: Guid(6617f31a484b648878d478db800ec3ca) Importer(815301076,1909f56bfc062723c751e8b465ee728b)
Start importing Assets/Package04_Free_Kitchen/FreeKitchen/Prefabs/Version02/ShelfWithEquipment02.prefab using Guid(6617f31a484b648878d478db800ec3ca) Importer(815301076,1909f56bfc062723c751e8b465ee728b) (PreviewImporter) -> (artifact id: '3ce1c0ed29671c7b08c922928e53947d') in 0.0454061 seconds
Number of updated asset objects reloaded before import = 0Number of asset objects unloaded after import = 85

========================================================================
Received Import Request.
  Time since last request: 0.000027 seconds.
  path: Assets/Package04_Free_Kitchen/FreeKitchen/Prefabs/Version02/FreeSaltShaker.prefab
  artifactKey: Guid(ab8f00381e0414a4cbbe04bcfc5e165b) Importer(815301076,1909f56bfc062723c751e8b465ee728b)
Start importing Assets/Package04_Free_Kitchen/FreeKitchen/Prefabs/Version02/FreeSaltShaker.prefab using Guid(ab8f00381e0414a4cbbe04bcfc5e165b) Importer(815301076,1909f56bfc062723c751e8b465ee728b) (PreviewImporter) -> (artifact id: 'c6fd80e184931fcafdd39a06e399baea') in 0.0327004 seconds
Number of updated asset objects reloaded before import = 0Number of asset objects unloaded after import = 13

========================================================================
Received Import Request.
  Time since last request: 0.000034 seconds.
  path: Assets/Package04_Free_Kitchen/FreeKitchen/Prefabs/Version02/FreeShelf.prefab
  artifactKey: Guid(9b213fa4c0f4541099024ac0cc6e36e5) Importer(815301076,1909f56bfc062723c751e8b465ee728b)
Start importing Assets/Package04_Free_Kitchen/FreeKitchen/Prefabs/Version02/FreeShelf.prefab using Guid(9b213fa4c0f4541099024ac0cc6e36e5) Importer(815301076,1909f56bfc062723c751e8b465ee728b) (PreviewImporter) -> (artifact id: '3069e3d301daef3376eacabed0f33697') in 0.0319621 seconds
Number of updated asset objects reloaded before import = 0Number of asset objects unloaded after import = 13

========================================================================
Received Import Request.
  Time since last request: 0.000022 seconds.
  path: Assets/Package04_Free_Kitchen/FreeKitchen/Prefabs/Version02/FreeCup02.prefab
  artifactKey: Guid(5b64ffed52e684b8fafddec7967f146c) Importer(815301076,1909f56bfc062723c751e8b465ee728b)
Start importing Assets/Package04_Free_Kitchen/FreeKitchen/Prefabs/Version02/FreeCup02.prefab using Guid(5b64ffed52e684b8fafddec7967f146c) Importer(815301076,1909f56bfc062723c751e8b465ee728b) (PreviewImporter) -> (artifact id: '6f63dc6aadb636a8103ab7c26b491bcf') in 0.0310808 seconds
Number of updated asset objects reloaded before import = 0Number of asset objects unloaded after import = 13

========================================================================
Received Import Request.
  Time since last request: 0.000023 seconds.
  path: Assets/Package04_Free_Kitchen/FreeKitchen/Prefabs/Version02/FreeTable.prefab
  artifactKey: Guid(062fa67609d464b08bea3b3ea97bd365) Importer(815301076,1909f56bfc062723c751e8b465ee728b)
Start importing Assets/Package04_Free_Kitchen/FreeKitchen/Prefabs/Version02/FreeTable.prefab using Guid(062fa67609d464b08bea3b3ea97bd365) Importer(815301076,1909f56bfc062723c751e8b465ee728b) (PreviewImporter) -> (artifact id: 'da3ffce0c919bb7914d5a3473dab17a7') in 0.0296629 seconds
Number of updated asset objects reloaded before import = 0Number of asset objects unloaded after import = 13

========================================================================
Received Import Request.
  Time since last request: 0.000020 seconds.
  path: Assets/Package04_Free_Kitchen/FreeKitchen/Prefabs/Version02/FreePotSmall.prefab
  artifactKey: Guid(6f89576732e5744ae89cf5fea5d03780) Importer(815301076,1909f56bfc062723c751e8b465ee728b)
Start importing Assets/Package04_Free_Kitchen/FreeKitchen/Prefabs/Version02/FreePotSmall.prefab using Guid(6f89576732e5744ae89cf5fea5d03780) Importer(815301076,1909f56bfc062723c751e8b465ee728b) (PreviewImporter) -> (artifact id: '86ce6e788373d3a57ae7208914619b98') in 0.0301004 seconds
Number of updated asset objects reloaded before import = 0Number of asset objects unloaded after import = 13

========================================================================
Received Import Request.
  Time since last request: 0.000026 seconds.
  path: Assets/Package04_Free_Kitchen/FreeKitchen/Prefabs/Version02/FreeSpatula01.prefab
  artifactKey: Guid(e20dcf65266bb432292b91dedd1a18a6) Importer(815301076,1909f56bfc062723c751e8b465ee728b)
Start importing Assets/Package04_Free_Kitchen/FreeKitchen/Prefabs/Version02/FreeSpatula01.prefab using Guid(e20dcf65266bb432292b91dedd1a18a6) Importer(815301076,1909f56bfc062723c751e8b465ee728b) (PreviewImporter) -> (artifact id: 'b993b40ba75a5b13348a2020e67d4e20') in 0.0306342 seconds
Number of updated asset objects reloaded before import = 0Number of asset objects unloaded after import = 13

========================================================================
Received Import Request.
  Time since last request: 0.000026 seconds.
  path: Assets/Package04_Free_Kitchen/FreeKitchen/Prefabs/Version02/FreeLamp.prefab
  artifactKey: Guid(c19f073b000e3437f998d7104fc8df79) Importer(815301076,1909f56bfc062723c751e8b465ee728b)
Start importing Assets/Package04_Free_Kitchen/FreeKitchen/Prefabs/Version02/FreeLamp.prefab using Guid(c19f073b000e3437f998d7104fc8df79) Importer(815301076,1909f56bfc062723c751e8b465ee728b) (PreviewImporter) -> (artifact id: 'd290086fd6dfedd00b9cbd6fe5b3c942') in 0.0342755 seconds
Number of updated asset objects reloaded before import = 0Number of asset objects unloaded after import = 15

========================================================================
Received Import Request.
  Time since last request: 0.000030 seconds.
  path: Assets/Package04_Free_Kitchen/FreeKitchen/Prefabs/Version02/FreeCoffeeMaker.prefab
  artifactKey: Guid(ba10e96e1442b4a489af249d3a66caff) Importer(815301076,1909f56bfc062723c751e8b465ee728b)
Start importing Assets/Package04_Free_Kitchen/FreeKitchen/Prefabs/Version02/FreeCoffeeMaker.prefab using Guid(ba10e96e1442b4a489af249d3a66caff) Importer(815301076,1909f56bfc062723c751e8b465ee728b) (PreviewImporter) -> (artifact id: 'cf512da9aa3fc86603fb4f2c196563fd') in 0.0322399 seconds
Number of updated asset objects reloaded before import = 0Number of asset objects unloaded after import = 13

========================================================================
Received Import Request.
  Time since last request: 0.000064 seconds.
  path: Assets/Package04_Free_Kitchen/FreeKitchen/Prefabs/Version02/FreeSpoon.prefab
  artifactKey: Guid(32d65d4159c704dedbdf8e67de1d7303) Importer(815301076,1909f56bfc062723c751e8b465ee728b)
Start importing Assets/Package04_Free_Kitchen/FreeKitchen/Prefabs/Version02/FreeSpoon.prefab using Guid(32d65d4159c704dedbdf8e67de1d7303) Importer(815301076,1909f56bfc062723c751e8b465ee728b) (PreviewImporter) -> (artifact id: '53c9f269f6a9bd520d7df2f74cb79062') in 0.0363543 seconds
Number of updated asset objects reloaded before import = 0Number of asset objects unloaded after import = 13

========================================================================
Received Import Request.
  Time since last request: 0.000021 seconds.
  path: Assets/Package04_Free_Kitchen/FreeKitchen/Prefabs/Version02/FreeSpatula02.prefab
  artifactKey: Guid(7fc0976b465904e57a159c47a75dd051) Importer(815301076,1909f56bfc062723c751e8b465ee728b)
Start importing Assets/Package04_Free_Kitchen/FreeKitchen/Prefabs/Version02/FreeSpatula02.prefab using Guid(7fc0976b465904e57a159c47a75dd051) Importer(815301076,1909f56bfc062723c751e8b465ee728b) (PreviewImporter) -> (artifact id: '910557d986442e3ccecf8906a349cc5c') in 0.0386262 seconds
Number of updated asset objects reloaded before import = 0Number of asset objects unloaded after import = 13

========================================================================
Received Import Request.
  Time since last request: 0.000024 seconds.
  path: Assets/Package04_Free_Kitchen/FreeKitchen/Prefabs/Version02/FreeCup.prefab
  artifactKey: Guid(c3c90336d542b4e6abb01875a24f00b9) Importer(815301076,1909f56bfc062723c751e8b465ee728b)
Start importing Assets/Package04_Free_Kitchen/FreeKitchen/Prefabs/Version02/FreeCup.prefab using Guid(c3c90336d542b4e6abb01875a24f00b9) Importer(815301076,1909f56bfc062723c751e8b465ee728b) (PreviewImporter) -> (artifact id: 'e8b478cfa729435aaa06e257fcd7c7fa') in 0.0419332 seconds
Number of updated asset objects reloaded before import = 0Number of asset objects unloaded after import = 13

========================================================================
Received Import Request.
  Time since last request: 0.000056 seconds.
  path: Assets/Package04_Free_Kitchen/FreeKitchen/Prefabs/Version02/ShelfWithEquipment01.prefab
  artifactKey: Guid(5c80faee74c12463e8d89a51b01b1b7a) Importer(815301076,1909f56bfc062723c751e8b465ee728b)
Start importing Assets/Package04_Free_Kitchen/FreeKitchen/Prefabs/Version02/ShelfWithEquipment01.prefab using Guid(5c80faee74c12463e8d89a51b01b1b7a) Importer(815301076,1909f56bfc062723c751e8b465ee728b) (PreviewImporter) -> (artifact id: '24d464494aeff3f3d994116c25bafffc') in 0.0903265 seconds
Number of updated asset objects reloaded before import = 0Number of asset objects unloaded after import = 196

========================================================================
Received Import Request.
  Time since last request: 0.000047 seconds.
  path: Assets/Package04_Free_Kitchen/FreeKitchen/Prefabs/Version02/FreeToaster.prefab
  artifactKey: Guid(566155daf34764d3eb3f4170fef77f24) Importer(815301076,1909f56bfc062723c751e8b465ee728b)
Start importing Assets/Package04_Free_Kitchen/FreeKitchen/Prefabs/Version02/FreeToaster.prefab using Guid(566155daf34764d3eb3f4170fef77f24) Importer(815301076,1909f56bfc062723c751e8b465ee728b) (PreviewImporter) -> (artifact id: 'c754c4ac93f25458fe617bd2cf72618f') in 0.0348917 seconds
Number of updated asset objects reloaded before import = 0Number of asset objects unloaded after import = 13

========================================================================
Received Import Request.
  Time since last request: 0.000074 seconds.
  path: Assets/Package04_Free_Kitchen/FreeKitchen/Prefabs/Version02/FreePlate.prefab
  artifactKey: Guid(bf93e4f85312c47809f52b78bde0ff28) Importer(815301076,1909f56bfc062723c751e8b465ee728b)
Start importing Assets/Package04_Free_Kitchen/FreeKitchen/Prefabs/Version02/FreePlate.prefab using Guid(bf93e4f85312c47809f52b78bde0ff28) Importer(815301076,1909f56bfc062723c751e8b465ee728b) (PreviewImporter) -> (artifact id: 'cdd554e70a4fd9988891e42f8b381d6d') in 0.0348739 seconds
Number of updated asset objects reloaded before import = 0Number of asset objects unloaded after import = 13

========================================================================
Received Import Request.
  Time since last request: 0.512760 seconds.
  path: Assets/Package04_Free_Kitchen/FreeKitchen/Prefabs/Version02/Cabinet02WithEquipment.prefab
  artifactKey: Guid(d893035dcedac4979a71576df53f9dd8) Importer(815301076,1909f56bfc062723c751e8b465ee728b)
Start importing Assets/Package04_Free_Kitchen/FreeKitchen/Prefabs/Version02/Cabinet02WithEquipment.prefab using Guid(d893035dcedac4979a71576df53f9dd8) Importer(815301076,1909f56bfc062723c751e8b465ee728b) (PreviewImporter) -> (artifact id: '16a74ed6ef1fcc79306bdb4623857078') in 0.087644 seconds
Number of updated asset objects reloaded before import = 0Number of asset objects unloaded after import = 232

========================================================================
Received Import Request.
  Time since last request: 0.000023 seconds.
  path: Assets/Package04_Free_Kitchen/FreeKitchen/Prefabs/Version02/FreeCabinet02.prefab
  artifactKey: Guid(6efee525fdecf4cf3b59d6b733cc2609) Importer(815301076,1909f56bfc062723c751e8b465ee728b)
Start importing Assets/Package04_Free_Kitchen/FreeKitchen/Prefabs/Version02/FreeCabinet02.prefab using Guid(6efee525fdecf4cf3b59d6b733cc2609) Importer(815301076,1909f56bfc062723c751e8b465ee728b) (PreviewImporter) -> (artifact id: 'b453e6f8d4f4cfff3370f913b28c9083') in 0.0325392 seconds
Number of updated asset objects reloaded before import = 0Number of asset objects unloaded after import = 32

========================================================================
Received Import Request.
  Time since last request: 0.000027 seconds.
  path: Assets/Package04_Free_Kitchen/FreeKitchen/Prefabs/Version02/CoffeeMakerWithPlateCup.prefab
  artifactKey: Guid(f70a2109cab0142269e40146b9403157) Importer(815301076,1909f56bfc062723c751e8b465ee728b)
Start importing Assets/Package04_Free_Kitchen/FreeKitchen/Prefabs/Version02/CoffeeMakerWithPlateCup.prefab using Guid(f70a2109cab0142269e40146b9403157) Importer(815301076,1909f56bfc062723c751e8b465ee728b) (PreviewImporter) -> (artifact id: '26cee41c30a2bc4a168c7e22e7c58ff2') in 0.0554498 seconds
Number of updated asset objects reloaded before import = 0Number of asset objects unloaded after import = 53

========================================================================
Received Import Request.
  Time since last request: 0.000032 seconds.
  path: Assets/Package04_Free_Kitchen/FreeKitchen/Prefabs/Version02/FreeCabinet03.prefab
  artifactKey: Guid(dfa7877a09a8949199d86352f80adc8e) Importer(815301076,1909f56bfc062723c751e8b465ee728b)
Start importing Assets/Package04_Free_Kitchen/FreeKitchen/Prefabs/Version02/FreeCabinet03.prefab using Guid(dfa7877a09a8949199d86352f80adc8e) Importer(815301076,1909f56bfc062723c751e8b465ee728b) (PreviewImporter) -> (artifact id: '525070f4a0f9cf3c329ed2c5a50df19f') in 0.0457647 seconds
Number of updated asset objects reloaded before import = 0Number of asset objects unloaded after import = 57

========================================================================
Received Import Request.
  Time since last request: 0.000019 seconds.
  path: Assets/Package04_Free_Kitchen/FreeKitchen/Prefabs/Version02/FreeCabinet02_DrawerSmall.prefab
  artifactKey: Guid(04a7d5ccad5a04af580fcc157ac54f45) Importer(815301076,1909f56bfc062723c751e8b465ee728b)
Start importing Assets/Package04_Free_Kitchen/FreeKitchen/Prefabs/Version02/FreeCabinet02_DrawerSmall.prefab using Guid(04a7d5ccad5a04af580fcc157ac54f45) Importer(815301076,1909f56bfc062723c751e8b465ee728b) (PreviewImporter) -> (artifact id: '944eed8aafe6a57e929b48e7712d5430') in 0.0301676 seconds
Number of updated asset objects reloaded before import = 0Number of asset objects unloaded after import = 13

========================================================================
Received Import Request.
  Time since last request: 1.257275 seconds.
  path: Assets/Package04_Free_Kitchen/FreeKitchen/Prefabs/Version03/Cabinet02WithEquipment.prefab
  artifactKey: Guid(5d867ba3ec64743609a5096e821ef2c2) Importer(815301076,1909f56bfc062723c751e8b465ee728b)
Start importing Assets/Package04_Free_Kitchen/FreeKitchen/Prefabs/Version03/Cabinet02WithEquipment.prefab using Guid(5d867ba3ec64743609a5096e821ef2c2) Importer(815301076,1909f56bfc062723c751e8b465ee728b) (PreviewImporter) -> (artifact id: 'b93bd5b0c86b1287f0f720e4d4b67835') in 0.1034633 seconds
Number of updated asset objects reloaded before import = 0Number of asset objects unloaded after import = 232

========================================================================
Received Import Request.
  Time since last request: 0.000034 seconds.
  path: Assets/Package04_Free_Kitchen/FreeKitchen/Prefabs/Version03/FreeToaster.prefab
  artifactKey: Guid(3f7cb05e79d764c31b1eb68f91ab639e) Importer(815301076,1909f56bfc062723c751e8b465ee728b)
Start importing Assets/Package04_Free_Kitchen/FreeKitchen/Prefabs/Version03/FreeToaster.prefab using Guid(3f7cb05e79d764c31b1eb68f91ab639e) Importer(815301076,1909f56bfc062723c751e8b465ee728b) (PreviewImporter) -> (artifact id: 'b3013424f7c94cfa8af6e6b4a1f6eed8') in 0.043611 seconds
Number of updated asset objects reloaded before import = 0Number of asset objects unloaded after import = 13

========================================================================
Received Import Request.
  Time since last request: 0.000041 seconds.
  path: Assets/Package04_Free_Kitchen/FreeKitchen/Prefabs/Version03/FreeCarpet.prefab
  artifactKey: Guid(cd843efa35c674c83864516cd9ee737c) Importer(815301076,1909f56bfc062723c751e8b465ee728b)
Start importing Assets/Package04_Free_Kitchen/FreeKitchen/Prefabs/Version03/FreeCarpet.prefab using Guid(cd843efa35c674c83864516cd9ee737c) Importer(815301076,1909f56bfc062723c751e8b465ee728b) (PreviewImporter) -> (artifact id: '30df67021fc0bc0d5038c09f51003790') in 0.0391845 seconds
Number of updated asset objects reloaded before import = 0Number of asset objects unloaded after import = 12

========================================================================
Received Import Request.
  Time since last request: 0.000017 seconds.
  path: Assets/Package04_Free_Kitchen/FreeKitchen/Prefabs/Version03/FreeChair.prefab
  artifactKey: Guid(3be74bf6aaae94d259f7e9006154885d) Importer(815301076,1909f56bfc062723c751e8b465ee728b)
Start importing Assets/Package04_Free_Kitchen/FreeKitchen/Prefabs/Version03/FreeChair.prefab using Guid(3be74bf6aaae94d259f7e9006154885d) Importer(815301076,1909f56bfc062723c751e8b465ee728b) (PreviewImporter) -> (artifact id: '00fbaf0ec1d73c1ca56360b2d20cefeb') in 0.0325727 seconds
Number of updated asset objects reloaded before import = 0Number of asset objects unloaded after import = 13

========================================================================
Received Import Request.
  Time since last request: 0.000019 seconds.
  path: Assets/Package04_Free_Kitchen/FreeKitchen/Prefabs/Version03/FreeCup02.prefab
  artifactKey: Guid(1c18ad21c7ffe42d0ac6bd53d86cf4ad) Importer(815301076,1909f56bfc062723c751e8b465ee728b)
Start importing Assets/Package04_Free_Kitchen/FreeKitchen/Prefabs/Version03/FreeCup02.prefab using Guid(1c18ad21c7ffe42d0ac6bd53d86cf4ad) Importer(815301076,1909f56bfc062723c751e8b465ee728b) (PreviewImporter) -> (artifact id: '38ab1a4557db46237c1fab9521f4beef') in 0.0343266 seconds
Number of updated asset objects reloaded before import = 0Number of asset objects unloaded after import = 13

========================================================================
Received Import Request.
  Time since last request: 0.000018 seconds.
  path: Assets/Package04_Free_Kitchen/FreeKitchen/Prefabs/Version03/FreePotBig.prefab
  artifactKey: Guid(138c846e3db414a6895a25aea5b32562) Importer(815301076,1909f56bfc062723c751e8b465ee728b)
Start importing Assets/Package04_Free_Kitchen/FreeKitchen/Prefabs/Version03/FreePotBig.prefab using Guid(138c846e3db414a6895a25aea5b32562) Importer(815301076,1909f56bfc062723c751e8b465ee728b) (PreviewImporter) -> (artifact id: '3a1757811868ad0c97d0499ef2f7751e') in 0.0392033 seconds
Number of updated asset objects reloaded before import = 0Number of asset objects unloaded after import = 21

========================================================================
Received Import Request.
  Time since last request: 0.000021 seconds.
  path: Assets/Package04_Free_Kitchen/FreeKitchen/Prefabs/Version03/FreeCabinet03.prefab
  artifactKey: Guid(94e584b003b224cab88b8807f9fe052f) Importer(815301076,1909f56bfc062723c751e8b465ee728b)
Start importing Assets/Package04_Free_Kitchen/FreeKitchen/Prefabs/Version03/FreeCabinet03.prefab using Guid(94e584b003b224cab88b8807f9fe052f) Importer(815301076,1909f56bfc062723c751e8b465ee728b) (PreviewImporter) -> (artifact id: '51d4451618e06e73b569eb125d249eaf') in 0.0486296 seconds
Number of updated asset objects reloaded before import = 0Number of asset objects unloaded after import = 57

========================================================================
Received Import Request.
  Time since last request: 0.000029 seconds.
  path: Assets/Package04_Free_Kitchen/FreeKitchen/Prefabs/Version03/StoveWithExtractorHood.prefab
  artifactKey: Guid(e9f976d212d7840b3af11043b301da29) Importer(815301076,1909f56bfc062723c751e8b465ee728b)
Start importing Assets/Package04_Free_Kitchen/FreeKitchen/Prefabs/Version03/StoveWithExtractorHood.prefab using Guid(e9f976d212d7840b3af11043b301da29) Importer(815301076,1909f56bfc062723c751e8b465ee728b) (PreviewImporter) -> (artifact id: '5931dbc0ca274eaa767708960b0397d4') in 0.0396387 seconds
Number of updated asset objects reloaded before import = 0Number of asset objects unloaded after import = 50

========================================================================
Received Import Request.
  Time since last request: 0.000051 seconds.
  path: Assets/Package04_Free_Kitchen/FreeKitchen/Prefabs/Version03/FreeBowl01.prefab
  artifactKey: Guid(af2b0398b8d9140eb98924b1b6772b81) Importer(815301076,1909f56bfc062723c751e8b465ee728b)
Start importing Assets/Package04_Free_Kitchen/FreeKitchen/Prefabs/Version03/FreeBowl01.prefab using Guid(af2b0398b8d9140eb98924b1b6772b81) Importer(815301076,1909f56bfc062723c751e8b465ee728b) (PreviewImporter) -> (artifact id: 'dd70c52fd7d0ed4c339bd941662a7fd5') in 0.0358044 seconds
Number of updated asset objects reloaded before import = 0Number of asset objects unloaded after import = 13

========================================================================
Received Import Request.
  Time since last request: 0.000036 seconds.
  path: Assets/Package04_Free_Kitchen/FreeKitchen/Prefabs/Version03/FreeExtractorHood.prefab
  artifactKey: Guid(b5e6f6df147d44b2f8ceb51de1247009) Importer(815301076,1909f56bfc062723c751e8b465ee728b)
Start importing Assets/Package04_Free_Kitchen/FreeKitchen/Prefabs/Version03/FreeExtractorHood.prefab using Guid(b5e6f6df147d44b2f8ceb51de1247009) Importer(815301076,1909f56bfc062723c751e8b465ee728b) (PreviewImporter) -> (artifact id: 'd81e590c583566b1bca9930e9bda6334') in 0.0321275 seconds
Number of updated asset objects reloaded before import = 0Number of asset objects unloaded after import = 13

========================================================================
Received Import Request.
  Time since last request: 0.000020 seconds.
  path: Assets/Package04_Free_Kitchen/FreeKitchen/Prefabs/Version03/FreePepperShaker.prefab
  artifactKey: Guid(21f44143642eb4f81962afae078040b1) Importer(815301076,1909f56bfc062723c751e8b465ee728b)
Start importing Assets/Package04_Free_Kitchen/FreeKitchen/Prefabs/Version03/FreePepperShaker.prefab using Guid(21f44143642eb4f81962afae078040b1) Importer(815301076,1909f56bfc062723c751e8b465ee728b) (PreviewImporter) -> (artifact id: '7cf88fa040d2be7d5843593dcb7f1223') in 0.0320282 seconds
Number of updated asset objects reloaded before import = 0Number of asset objects unloaded after import = 13

========================================================================
Received Import Request.
  Time since last request: 0.000023 seconds.
  path: Assets/Package04_Free_Kitchen/FreeKitchen/Prefabs/Version03/FreeLampPart.prefab
  artifactKey: Guid(7f3144fefa636410f994e2c11cca9746) Importer(815301076,1909f56bfc062723c751e8b465ee728b)
Start importing Assets/Package04_Free_Kitchen/FreeKitchen/Prefabs/Version03/FreeLampPart.prefab using Guid(7f3144fefa636410f994e2c11cca9746) Importer(815301076,1909f56bfc062723c751e8b465ee728b) (PreviewImporter) -> (artifact id: '59b7c5e45757a06f8b0e578016de310a') in 0.0312526 seconds
Number of updated asset objects reloaded before import = 0Number of asset objects unloaded after import = 45

========================================================================
Received Import Request.
  Time since last request: 0.000022 seconds.
  path: Assets/Package04_Free_Kitchen/FreeKitchen/Prefabs/Version03/FreeTable.prefab
  artifactKey: Guid(5b91314bfbfb94a0fbda920dc4c05873) Importer(815301076,1909f56bfc062723c751e8b465ee728b)
Start importing Assets/Package04_Free_Kitchen/FreeKitchen/Prefabs/Version03/FreeTable.prefab using Guid(5b91314bfbfb94a0fbda920dc4c05873) Importer(815301076,1909f56bfc062723c751e8b465ee728b) (PreviewImporter) -> (artifact id: '2dc758e78bfccf9501e304e6aa43b7b9') in 0.0330525 seconds
Number of updated asset objects reloaded before import = 0Number of asset objects unloaded after import = 13

========================================================================
Received Import Request.
  Time since last request: 0.000019 seconds.
  path: Assets/Package04_Free_Kitchen/FreeKitchen/Prefabs/Version03/FreeCup.prefab
  artifactKey: Guid(671353b04473d497aa7ab540d5dfc38d) Importer(815301076,1909f56bfc062723c751e8b465ee728b)
Start importing Assets/Package04_Free_Kitchen/FreeKitchen/Prefabs/Version03/FreeCup.prefab using Guid(671353b04473d497aa7ab540d5dfc38d) Importer(815301076,1909f56bfc062723c751e8b465ee728b) (PreviewImporter) -> (artifact id: '289523a66d4699c2f775ebbe5eae27a2') in 0.0361936 seconds
Number of updated asset objects reloaded before import = 0Number of asset objects unloaded after import = 13

========================================================================
Received Import Request.
  Time since last request: 0.000034 seconds.
  path: Assets/Package04_Free_Kitchen/FreeKitchen/Prefabs/Version03/FreeCabinet02_DrawerSmall.prefab
  artifactKey: Guid(5d260932f991f4f21b954ee93ac7aa03) Importer(815301076,1909f56bfc062723c751e8b465ee728b)
Start importing Assets/Package04_Free_Kitchen/FreeKitchen/Prefabs/Version03/FreeCabinet02_DrawerSmall.prefab using Guid(5d260932f991f4f21b954ee93ac7aa03) Importer(815301076,1909f56bfc062723c751e8b465ee728b) (PreviewImporter) -> (artifact id: '848e6b8b339b97109fcf5b949bd0ada4') in 0.0334262 seconds
Number of updated asset objects reloaded before import = 0Number of asset objects unloaded after import = 13

========================================================================
Received Import Request.
  Time since last request: 0.000043 seconds.
  path: Assets/Package04_Free_Kitchen/FreeKitchen/Prefabs/Version03/FreeSpatula01.prefab
  artifactKey: Guid(b8afc32a2901449a09ae927ea48e6f6c) Importer(815301076,1909f56bfc062723c751e8b465ee728b)
Start importing Assets/Package04_Free_Kitchen/FreeKitchen/Prefabs/Version03/FreeSpatula01.prefab using Guid(b8afc32a2901449a09ae927ea48e6f6c) Importer(815301076,1909f56bfc062723c751e8b465ee728b) (PreviewImporter) -> (artifact id: 'b7f21e9efaf4c7f70ae33b99a3068860') in 0.0321436 seconds
Number of updated asset objects reloaded before import = 0Number of asset objects unloaded after import = 13

========================================================================
Received Import Request.
  Time since last request: 0.000027 seconds.
  path: Assets/Package04_Free_Kitchen/FreeKitchen/Prefabs/Version03/FreeCabinet01_DoorLeft.prefab
  artifactKey: Guid(38350be02830a4ac4be81d68c399fac8) Importer(815301076,1909f56bfc062723c751e8b465ee728b)
Start importing Assets/Package04_Free_Kitchen/FreeKitchen/Prefabs/Version03/FreeCabinet01_DoorLeft.prefab using Guid(38350be02830a4ac4be81d68c399fac8) Importer(815301076,1909f56bfc062723c751e8b465ee728b) (PreviewImporter) -> (artifact id: '8e4b77009cb613c712ad4d2cd614003b') in 0.0316976 seconds
Number of updated asset objects reloaded before import = 0Number of asset objects unloaded after import = 13

========================================================================
Received Import Request.
  Time since last request: 0.000067 seconds.
  path: Assets/Package04_Free_Kitchen/FreeKitchen/Prefabs/Version03/FreeLamp.prefab
  artifactKey: Guid(8f3b97f8b27c44ca590e09b3db3fad23) Importer(815301076,1909f56bfc062723c751e8b465ee728b)
Start importing Assets/Package04_Free_Kitchen/FreeKitchen/Prefabs/Version03/FreeLamp.prefab using Guid(8f3b97f8b27c44ca590e09b3db3fad23) Importer(815301076,1909f56bfc062723c751e8b465ee728b) (PreviewImporter) -> (artifact id: 'a1fdf3fbd5ac7562d1ce38e6260f2fee') in 0.0298382 seconds
Number of updated asset objects reloaded before import = 0Number of asset objects unloaded after import = 15

========================================================================
Received Import Request.
  Time since last request: 0.000037 seconds.
  path: Assets/Package04_Free_Kitchen/FreeKitchen/Prefabs/Version03/FreeRoom_Version03.prefab
  artifactKey: Guid(4324507d163af4f849523295e146c7bf) Importer(815301076,1909f56bfc062723c751e8b465ee728b)
Start importing Assets/Package04_Free_Kitchen/FreeKitchen/Prefabs/Version03/FreeRoom_Version03.prefab using Guid(4324507d163af4f849523295e146c7bf) Importer(815301076,1909f56bfc062723c751e8b465ee728b) (PreviewImporter) -> (artifact id: 'eb90fa24809c30fd5290ff1216a49bb6') in 0.2136254 seconds
Number of updated asset objects reloaded before import = 0Number of asset objects unloaded after import = 1216

========================================================================
Received Import Request.
  Time since last request: 432.990101 seconds.
  path: Assets/Low_poly_Kitchen_set/HDRP/prefeb/bottle_1.prefab
  artifactKey: Guid(cc497260f18f8084ab998d38c6e9999d) Importer(815301076,1909f56bfc062723c751e8b465ee728b)
Start importing Assets/Low_poly_Kitchen_set/HDRP/prefeb/bottle_1.prefab using Guid(cc497260f18f8084ab998d38c6e9999d) Importer(815301076,1909f56bfc062723c751e8b465ee728b) (PreviewImporter) -> (artifact id: '790328f6a61d2d43b35650669c6a7476') in 0.0224974 seconds
Number of updated asset objects reloaded before import = 0Number of asset objects unloaded after import = 37

========================================================================
Received Import Request.
  Time since last request: 0.000024 seconds.
  path: Assets/Low_poly_Kitchen_set/HDRP/prefeb/knife_stand.prefab
  artifactKey: Guid(6cdfb9241753b8f49bce890fb5f23e35) Importer(815301076,1909f56bfc062723c751e8b465ee728b)
Start importing Assets/Low_poly_Kitchen_set/HDRP/prefeb/knife_stand.prefab using Guid(6cdfb9241753b8f49bce890fb5f23e35) Importer(815301076,1909f56bfc062723c751e8b465ee728b) (PreviewImporter) -> (artifact id: '640ee97717f913b45b5765bc6850e4dc') in 0.0339481 seconds
Number of updated asset objects reloaded before import = 0Number of asset objects unloaded after import = 22

========================================================================
Received Import Request.
  Time since last request: 0.000023 seconds.
  path: Assets/Low_poly_Kitchen_set/HDRP/prefeb/tea_pot.prefab
  artifactKey: Guid(1a5263e8d71f37545a59db61f1a47069) Importer(815301076,1909f56bfc062723c751e8b465ee728b)
Start importing Assets/Low_poly_Kitchen_set/HDRP/prefeb/tea_pot.prefab using Guid(1a5263e8d71f37545a59db61f1a47069) Importer(815301076,1909f56bfc062723c751e8b465ee728b) (PreviewImporter) -> (artifact id: '5e51c94f54b9f032552f5a64bd764d9e') in 0.0192281 seconds
Number of updated asset objects reloaded before import = 0Number of asset objects unloaded after import = 36

========================================================================
Received Import Request.
  Time since last request: 0.000017 seconds.
  path: Assets/Low_poly_Kitchen_set/HDRP/prefeb/bottle_3.prefab
  artifactKey: Guid(c92a921b9229fec4aa79acaee88f3e68) Importer(815301076,1909f56bfc062723c751e8b465ee728b)
Start importing Assets/Low_poly_Kitchen_set/HDRP/prefeb/bottle_3.prefab using Guid(c92a921b9229fec4aa79acaee88f3e68) Importer(815301076,1909f56bfc062723c751e8b465ee728b) (PreviewImporter) -> (artifact id: 'acd307330db31f4264bd47f70a1be527') in 0.0323982 seconds
Number of updated asset objects reloaded before import = 0Number of asset objects unloaded after import = 37

========================================================================
Received Import Request.
  Time since last request: 0.000027 seconds.
  path: Assets/Low_poly_Kitchen_set/HDRP/prefeb/bread toaster.prefab
  artifactKey: Guid(05cea909a7f55194d8e9195e8b5bf705) Importer(815301076,1909f56bfc062723c751e8b465ee728b)
Start importing Assets/Low_poly_Kitchen_set/HDRP/prefeb/bread toaster.prefab using Guid(05cea909a7f55194d8e9195e8b5bf705) Importer(815301076,1909f56bfc062723c751e8b465ee728b) (PreviewImporter) -> (artifact id: 'dc6412a957a37bb141542d0f9b75dd6d') in 0.0251594 seconds
Number of updated asset objects reloaded before import = 0Number of asset objects unloaded after import = 13

========================================================================
Received Import Request.
  Time since last request: 0.000025 seconds.
  path: Assets/Low_poly_Kitchen_set/HDRP/prefeb/bottle_4.prefab
  artifactKey: Guid(609e775f9c0638946bc57f075b6f22f5) Importer(815301076,1909f56bfc062723c751e8b465ee728b)
Start importing Assets/Low_poly_Kitchen_set/HDRP/prefeb/bottle_4.prefab using Guid(609e775f9c0638946bc57f075b6f22f5) Importer(815301076,1909f56bfc062723c751e8b465ee728b) (PreviewImporter) -> (artifact id: 'c2dd41fbad90a35156f564d3b5eda1f0') in 0.0264511 seconds
Number of updated asset objects reloaded before import = 0Number of asset objects unloaded after import = 16

========================================================================
Received Import Request.
  Time since last request: 0.000024 seconds.
  path: Assets/Low_poly_Kitchen_set/HDRP/prefeb/glass_cup.prefab
  artifactKey: Guid(924f0aff208b0564bab8a1447b895323) Importer(815301076,1909f56bfc062723c751e8b465ee728b)
Start importing Assets/Low_poly_Kitchen_set/HDRP/prefeb/glass_cup.prefab using Guid(924f0aff208b0564bab8a1447b895323) Importer(815301076,1909f56bfc062723c751e8b465ee728b) (PreviewImporter) -> (artifact id: '4414f07dc35f8d80054ef4aeb2bb910a') in 0.0242671 seconds
Number of updated asset objects reloaded before import = 0Number of asset objects unloaded after import = 19

========================================================================
Received Import Request.
  Time since last request: 0.000039 seconds.
  path: Assets/Low_poly_Kitchen_set/HDRP/prefeb/mixer.prefab
  artifactKey: Guid(91179199502ceec4f881fe11a841b7f9) Importer(815301076,1909f56bfc062723c751e8b465ee728b)
Start importing Assets/Low_poly_Kitchen_set/HDRP/prefeb/mixer.prefab using Guid(91179199502ceec4f881fe11a841b7f9) Importer(815301076,1909f56bfc062723c751e8b465ee728b) (PreviewImporter) -> (artifact id: 'b8b997a339529991eee79af662fda5cb') in 0.0298819 seconds
Number of updated asset objects reloaded before import = 0Number of asset objects unloaded after import = 40

========================================================================
Received Import Request.
  Time since last request: 0.000027 seconds.
  path: Assets/Low_poly_Kitchen_set/HDRP/prefeb/pepper.prefab
  artifactKey: Guid(04e96815b4b42b44cbb777277d804205) Importer(815301076,1909f56bfc062723c751e8b465ee728b)
Start importing Assets/Low_poly_Kitchen_set/HDRP/prefeb/pepper.prefab using Guid(04e96815b4b42b44cbb777277d804205) Importer(815301076,1909f56bfc062723c751e8b465ee728b) (PreviewImporter) -> (artifact id: '00ab1656b612206e5e5be081dce51f41') in 0.0219616 seconds
Number of updated asset objects reloaded before import = 0Number of asset objects unloaded after import = 23

========================================================================
Received Import Request.
  Time since last request: 0.000023 seconds.
  path: Assets/Low_poly_Kitchen_set/HDRP/prefeb/pan_3.prefab
  artifactKey: Guid(9ba9e574c0e96684b8e253e1cb74982b) Importer(815301076,1909f56bfc062723c751e8b465ee728b)
Start importing Assets/Low_poly_Kitchen_set/HDRP/prefeb/pan_3.prefab using Guid(9ba9e574c0e96684b8e253e1cb74982b) Importer(815301076,1909f56bfc062723c751e8b465ee728b) (PreviewImporter) -> (artifact id: '452667dcac034e1c1431b855e83a7043') in 0.0226408 seconds
Number of updated asset objects reloaded before import = 0Number of asset objects unloaded after import = 22

========================================================================
Received Import Request.
  Time since last request: 0.000030 seconds.
  path: Assets/Low_poly_Kitchen_set/HDRP/prefeb/kitchen_cabinet.prefab
  artifactKey: Guid(dd6d9b6c74f92314199d780ad9d8cd86) Importer(815301076,1909f56bfc062723c751e8b465ee728b)
Start importing Assets/Low_poly_Kitchen_set/HDRP/prefeb/kitchen_cabinet.prefab using Guid(dd6d9b6c74f92314199d780ad9d8cd86) Importer(815301076,1909f56bfc062723c751e8b465ee728b) (PreviewImporter) -> (artifact id: 'fe85b84672ef936901a6371a2a7a97bf') in 0.0245883 seconds
Number of updated asset objects reloaded before import = 0Number of asset objects unloaded after import = 67

========================================================================
Received Import Request.
  Time since last request: 0.000025 seconds.
  path: Assets/Low_poly_Kitchen_set/HDRP/prefeb/chimney.prefab
  artifactKey: Guid(7c90681607c2a32459e7327ea8bc3fde) Importer(815301076,1909f56bfc062723c751e8b465ee728b)
Start importing Assets/Low_poly_Kitchen_set/HDRP/prefeb/chimney.prefab using Guid(7c90681607c2a32459e7327ea8bc3fde) Importer(815301076,1909f56bfc062723c751e8b465ee728b) (PreviewImporter) -> (artifact id: 'e531feeaaf2c5bc52159ac7f0ebb5768') in 0.0207695 seconds
Number of updated asset objects reloaded before import = 0Number of asset objects unloaded after import = 20

========================================================================
Received Import Request.
  Time since last request: 0.000024 seconds.
  path: Assets/Low_poly_Kitchen_set/HDRP/prefeb/clock.prefab
  artifactKey: Guid(e120ed998a2d0184a83b515f455de8d1) Importer(815301076,1909f56bfc062723c751e8b465ee728b)
Start importing Assets/Low_poly_Kitchen_set/HDRP/prefeb/clock.prefab using Guid(e120ed998a2d0184a83b515f455de8d1) Importer(815301076,1909f56bfc062723c751e8b465ee728b) (PreviewImporter) -> (artifact id: '352b5c106bcb486d670344104674eb1e') in 0.0217206 seconds
Number of updated asset objects reloaded before import = 0Number of asset objects unloaded after import = 22

========================================================================
Received Import Request.
  Time since last request: 0.000018 seconds.
  path: Assets/Low_poly_Kitchen_set/HDRP/prefeb/sponge.prefab
  artifactKey: Guid(c94ab7c9adecac94eb8ebf7af9c8f11d) Importer(815301076,1909f56bfc062723c751e8b465ee728b)
Start importing Assets/Low_poly_Kitchen_set/HDRP/prefeb/sponge.prefab using Guid(c94ab7c9adecac94eb8ebf7af9c8f11d) Importer(815301076,1909f56bfc062723c751e8b465ee728b) (PreviewImporter) -> (artifact id: 'dc419dbd3ae53b0d57fbe5ce1d3c6a41') in 0.0202015 seconds
Number of updated asset objects reloaded before import = 0Number of asset objects unloaded after import = 20

========================================================================
Received Import Request.
  Time since last request: 3.179652 seconds.
  path: Assets/Low_poly_Kitchen_set/Built_in/prefeb/bottle_1.prefab
  artifactKey: Guid(ae5b123fe4abd6c4aba1cd9c95468c51) Importer(815301076,1909f56bfc062723c751e8b465ee728b)
Start importing Assets/Low_poly_Kitchen_set/Built_in/prefeb/bottle_1.prefab using Guid(ae5b123fe4abd6c4aba1cd9c95468c51) Importer(815301076,1909f56bfc062723c751e8b465ee728b) (PreviewImporter) -> (artifact id: '59c8e4d412ac18138b7cb6e1e2a54a89') in 0.2492394 seconds
Number of updated asset objects reloaded before import = 0Number of asset objects unloaded after import = 36

========================================================================
Received Import Request.
  Time since last request: 0.000028 seconds.
  path: Assets/Low_poly_Kitchen_set/Built_in/prefeb/glass_cup.prefab
  artifactKey: Guid(aaf3f69cb24d35e4aa19edfa0bd4e12e) Importer(815301076,1909f56bfc062723c751e8b465ee728b)
Start importing Assets/Low_poly_Kitchen_set/Built_in/prefeb/glass_cup.prefab using Guid(aaf3f69cb24d35e4aa19edfa0bd4e12e) Importer(815301076,1909f56bfc062723c751e8b465ee728b) (PreviewImporter) -> (artifact id: '28727201966793ac5318515a50fb430f') in 0.1080347 seconds
Number of updated asset objects reloaded before import = 0Number of asset objects unloaded after import = 21

========================================================================
Received Import Request.
  Time since last request: 0.000030 seconds.
  path: Assets/Low_poly_Kitchen_set/Built_in/prefeb/bottle_4.prefab
  artifactKey: Guid(682744e20d5eec7488a83b2ed303942f) Importer(815301076,1909f56bfc062723c751e8b465ee728b)
Start importing Assets/Low_poly_Kitchen_set/Built_in/prefeb/bottle_4.prefab using Guid(682744e20d5eec7488a83b2ed303942f) Importer(815301076,1909f56bfc062723c751e8b465ee728b) (PreviewImporter) -> (artifact id: '297a762e09ff315daa59753b81962cab') in 0.0244566 seconds
Number of updated asset objects reloaded before import = 0Number of asset objects unloaded after import = 15

========================================================================
Received Import Request.
  Time since last request: 0.000027 seconds.
  path: Assets/Low_poly_Kitchen_set/Built_in/prefeb/tea_pot.prefab
  artifactKey: Guid(a87322ccee0e082409422aad382320b8) Importer(815301076,1909f56bfc062723c751e8b465ee728b)
Start importing Assets/Low_poly_Kitchen_set/Built_in/prefeb/tea_pot.prefab using Guid(a87322ccee0e082409422aad382320b8) Importer(815301076,1909f56bfc062723c751e8b465ee728b) (PreviewImporter) -> (artifact id: 'ea92edfda8e5bc17f3f0f1684e8a1437') in 0.0267929 seconds
Number of updated asset objects reloaded before import = 0Number of asset objects unloaded after import = 35

========================================================================
Received Import Request.
  Time since last request: 0.000027 seconds.
  path: Assets/Low_poly_Kitchen_set/Built_in/prefeb/tea_cup.prefab
  artifactKey: Guid(34f4a94d727b1024886aa1266c030169) Importer(815301076,1909f56bfc062723c751e8b465ee728b)
Start importing Assets/Low_poly_Kitchen_set/Built_in/prefeb/tea_cup.prefab using Guid(34f4a94d727b1024886aa1266c030169) Importer(815301076,1909f56bfc062723c751e8b465ee728b) (PreviewImporter) -> (artifact id: '320982862ec5a03bc12a73bb8a0f138b') in 0.0275723 seconds
Number of updated asset objects reloaded before import = 0Number of asset objects unloaded after import = 20

========================================================================
Received Import Request.
  Time since last request: 0.000031 seconds.
  path: Assets/Low_poly_Kitchen_set/Built_in/prefeb/Table.prefab
  artifactKey: Guid(b74f38cf30105f94fa2ba94703fa9c56) Importer(815301076,1909f56bfc062723c751e8b465ee728b)
Start importing Assets/Low_poly_Kitchen_set/Built_in/prefeb/Table.prefab using Guid(b74f38cf30105f94fa2ba94703fa9c56) Importer(815301076,1909f56bfc062723c751e8b465ee728b) (PreviewImporter) -> (artifact id: '51a0512a909a05b87058b3388a976ace') in 0.0214593 seconds
Number of updated asset objects reloaded before import = 0Number of asset objects unloaded after import = 20

========================================================================
Received Import Request.
  Time since last request: 0.000024 seconds.
  path: Assets/Low_poly_Kitchen_set/Built_in/prefeb/kitchen_set (1).prefab
  artifactKey: Guid(eaca212aa46b17c4d8276b0ab9e8a432) Importer(815301076,1909f56bfc062723c751e8b465ee728b)
Start importing Assets/Low_poly_Kitchen_set/Built_in/prefeb/kitchen_set (1).prefab using Guid(eaca212aa46b17c4d8276b0ab9e8a432) Importer(815301076,1909f56bfc062723c751e8b465ee728b) (PreviewImporter) -> (artifact id: 'd5038fc18df82aeca8387847181c4310') in 0.0311148 seconds
Number of updated asset objects reloaded before import = 0Number of asset objects unloaded after import = 169

========================================================================
Received Import Request.
  Time since last request: 0.000024 seconds.
  path: Assets/Low_poly_Kitchen_set/Built_in/prefeb/plate.prefab
  artifactKey: Guid(836253408a33acb4db3d15acebde831c) Importer(815301076,1909f56bfc062723c751e8b465ee728b)
Start importing Assets/Low_poly_Kitchen_set/Built_in/prefeb/plate.prefab using Guid(836253408a33acb4db3d15acebde831c) Importer(815301076,1909f56bfc062723c751e8b465ee728b) (PreviewImporter) -> (artifact id: 'dc3093652f76f517734e2e4d152865e3') in 0.0269139 seconds
Number of updated asset objects reloaded before import = 0Number of asset objects unloaded after import = 20

========================================================================
Received Import Request.
  Time since last request: 0.000029 seconds.
  path: Assets/Low_poly_Kitchen_set/Built_in/prefeb/knife_stand.prefab
  artifactKey: Guid(2aee29c8848091847869725aee8eecda) Importer(815301076,1909f56bfc062723c751e8b465ee728b)
Start importing Assets/Low_poly_Kitchen_set/Built_in/prefeb/knife_stand.prefab using Guid(2aee29c8848091847869725aee8eecda) Importer(815301076,1909f56bfc062723c751e8b465ee728b) (PreviewImporter) -> (artifact id: '078643f708a23054e517a96d6ccb75dd') in 0.0276963 seconds
Number of updated asset objects reloaded before import = 0Number of asset objects unloaded after import = 22

========================================================================
Received Import Request.
  Time since last request: 0.000026 seconds.
  path: Assets/Low_poly_Kitchen_set/Built_in/prefeb/microwave.prefab
  artifactKey: Guid(59af4851bc6dc314eb4858dff250cb51) Importer(815301076,1909f56bfc062723c751e8b465ee728b)
Start importing Assets/Low_poly_Kitchen_set/Built_in/prefeb/microwave.prefab using Guid(59af4851bc6dc314eb4858dff250cb51) Importer(815301076,1909f56bfc062723c751e8b465ee728b) (PreviewImporter) -> (artifact id: '353e967713958741d29235e22ab0bbf6') in 0.0257 seconds
Number of updated asset objects reloaded before import = 0Number of asset objects unloaded after import = 20

========================================================================
Received Import Request.
  Time since last request: 0.000055 seconds.
  path: Assets/Low_poly_Kitchen_set/Built_in/prefeb/pan.prefab
  artifactKey: Guid(06768d8f51b372e4d8e0792a48683ee7) Importer(815301076,1909f56bfc062723c751e8b465ee728b)
Start importing Assets/Low_poly_Kitchen_set/Built_in/prefeb/pan.prefab using Guid(06768d8f51b372e4d8e0792a48683ee7) Importer(815301076,1909f56bfc062723c751e8b465ee728b) (PreviewImporter) -> (artifact id: 'b42dbf590dc46dacf146b256b3e33c58') in 0.0285016 seconds
Number of updated asset objects reloaded before import = 0Number of asset objects unloaded after import = 22

========================================================================
Received Import Request.
  Time since last request: 0.000050 seconds.
  path: Assets/Low_poly_Kitchen_set/Built_in/prefeb/bottle_2.prefab
  artifactKey: Guid(5a49246d412985445a0c3c9acb36bdeb) Importer(815301076,1909f56bfc062723c751e8b465ee728b)
Start importing Assets/Low_poly_Kitchen_set/Built_in/prefeb/bottle_2.prefab using Guid(5a49246d412985445a0c3c9acb36bdeb) Importer(815301076,1909f56bfc062723c751e8b465ee728b) (PreviewImporter) -> (artifact id: 'efb638362410188bcccf65303f90051a') in 0.0295001 seconds
Number of updated asset objects reloaded before import = 0Number of asset objects unloaded after import = 36

========================================================================
Received Import Request.
  Time since last request: 0.000028 seconds.
  path: Assets/Low_poly_Kitchen_set/Built_in/prefeb/pan_3.prefab
  artifactKey: Guid(ce4fa140ae63c8d4b85ba0352918f80d) Importer(815301076,1909f56bfc062723c751e8b465ee728b)
Start importing Assets/Low_poly_Kitchen_set/Built_in/prefeb/pan_3.prefab using Guid(ce4fa140ae63c8d4b85ba0352918f80d) Importer(815301076,1909f56bfc062723c751e8b465ee728b) (PreviewImporter) -> (artifact id: 'b7bbed9a2da6fc9f856c2a43c1056c0d') in 0.0322766 seconds
Number of updated asset objects reloaded before import = 0Number of asset objects unloaded after import = 22

========================================================================
Received Prepare
Begin MonoManager ReloadAssembly
Symbol file LoadedFromMemory doesn't match image C:\Users\ASUS\Documents\GitHub\GDENG01-GameJam-Home\GDENG-GameJam1\Library\PackageCache\com.unity.visualscripting@1.8.0\Editor\VisualScripting.Core\Dependencies\YamlDotNet\Unity.VisualScripting.YamlDotNet.dll
Symbol file LoadedFromMemory doesn't match image C:\Users\ASUS\Documents\GitHub\GDENG01-GameJam-Home\GDENG-GameJam1\Library\PackageCache\com.unity.visualscripting@1.8.0\Editor\VisualScripting.Core\Dependencies\DotNetZip\Unity.VisualScripting.IonicZip.dll
- Loaded All Assemblies, in  0.707 seconds
Refreshing native plugins compatible for Editor in 1.01 ms, found 3 plugins.
Native extension for Android target not found
Native extension for WindowsStandalone target not found
Mono: successfully reloaded assembly
- Finished resetting the current domain, in  0.944 seconds
Domain Reload Profiling: 1646ms
	BeginReloadAssembly (208ms)
		ExecutionOrderSort (0ms)
		DisableScriptedObjects (5ms)
		BackupInstance (0ms)
		ReleaseScriptingObjects (0ms)
		CreateAndSetChildDomain (49ms)
	RebuildCommonClasses (38ms)
	RebuildNativeTypeToScriptingClass (14ms)
	initialDomainReloadingComplete (34ms)
	LoadAllAssembliesAndSetupDomain (408ms)
		LoadAssemblies (378ms)
		RebuildTransferFunctionScriptingTraits (0ms)
		AnalyzeDomain (140ms)
			TypeCache.Refresh (6ms)
				TypeCache.ScanAssembly (0ms)
			BuildScriptInfoCaches (126ms)
			ResolveRequiredComponents (5ms)
	FinalizeReload (944ms)
		ReleaseScriptCaches (0ms)
		RebuildScriptCaches (0ms)
		SetupLoadedEditorAssemblies (693ms)
			LogAssemblyErrors (0ms)
			InitializePlatformSupportModulesInManaged (22ms)
			SetLoadedEditorAssemblies (3ms)
			BeforeProcessingInitializeOnLoad (54ms)
			ProcessInitializeOnLoadAttributes (575ms)
			ProcessInitializeOnLoadMethodAttributes (28ms)
			AfterProcessingInitializeOnLoad (10ms)
			EditorAssembliesLoaded (0ms)
		ExecutionOrderSort2 (0ms)
		AwakeInstancesAfterBackupRestoration (12ms)
Refreshing native plugins compatible for Editor in 1.78 ms, found 3 plugins.
Preloading 0 native plugins for Editor in 0.00 ms.
Unloading 3 Unused Serialized files (Serialized files now loaded: 0)
Unloading 3674 unused Assets / (1.7 MB). Loaded Objects now: 4317.
Memory consumption went from 117.2 MB to 115.5 MB.
Total: 12.184200 ms (FindLiveObjects: 0.996000 ms CreateObjectMapping: 0.642900 ms MarkObjects: 7.953700 ms  DeleteObjects: 2.590300 ms)

Prepare: number of updated asset objects reloaded= 0
========================================================================
Received Import Request.
  Time since last request: 25545.299264 seconds.
  path: Assets/CrowAssets/Assets/Low Poly Stylized Food/BuiltIn/Prefabs/BreadLoaf.prefab
  artifactKey: Guid(d05e24d9a4202b04dab4362fa0707b98) Importer(815301076,1909f56bfc062723c751e8b465ee728b)
Start importing Assets/CrowAssets/Assets/Low Poly Stylized Food/BuiltIn/Prefabs/BreadLoaf.prefab using Guid(d05e24d9a4202b04dab4362fa0707b98) Importer(815301076,1909f56bfc062723c751e8b465ee728b) (PreviewImporter) -> (artifact id: 'd3eb796788e58bd8ed2e39ea5ce5665c') in 0.541582 seconds
Number of updated asset objects reloaded before import = 0Number of asset objects unloaded after import = 12

========================================================================
Received Import Request.
  Time since last request: 0.000088 seconds.
  path: Assets/CrowAssets/Assets/Low Poly Stylized Food/BuiltIn/Prefabs/Peanut Butter.prefab
  artifactKey: Guid(6811419bba212934ca0d055591356c6c) Importer(815301076,1909f56bfc062723c751e8b465ee728b)
Start importing Assets/CrowAssets/Assets/Low Poly Stylized Food/BuiltIn/Prefabs/Peanut Butter.prefab using Guid(6811419bba212934ca0d055591356c6c) Importer(815301076,1909f56bfc062723c751e8b465ee728b) (PreviewImporter) -> (artifact id: 'e19874ff0bf40924841d571a0e74dccb') in 0.0521633 seconds
Number of updated asset objects reloaded before import = 0Number of asset objects unloaded after import = 17

========================================================================
Received Import Request.
  Time since last request: 0.000060 seconds.
  path: Assets/CrowAssets/Assets/Low Poly Stylized Food/BuiltIn/Prefabs/Soda Bottle.prefab
  artifactKey: Guid(2a6494990ce35c641a72dcbe35f2450e) Importer(815301076,1909f56bfc062723c751e8b465ee728b)
Start importing Assets/CrowAssets/Assets/Low Poly Stylized Food/BuiltIn/Prefabs/Soda Bottle.prefab using Guid(2a6494990ce35c641a72dcbe35f2450e) Importer(815301076,1909f56bfc062723c751e8b465ee728b) (PreviewImporter) -> (artifact id: '1bc3ed575b2859da6eff38091c958e06') in 0.2768516 seconds
Number of updated asset objects reloaded before import = 0Number of asset objects unloaded after import = 23

========================================================================
Received Import Request.
  Time since last request: 0.000025 seconds.
  path: Assets/CrowAssets/Assets/Low Poly Stylized Food/BuiltIn/Prefabs/Cheese Wedge.prefab
  artifactKey: Guid(d26af0ab456ebbd49a85f8d73f94ae9d) Importer(815301076,1909f56bfc062723c751e8b465ee728b)
Start importing Assets/CrowAssets/Assets/Low Poly Stylized Food/BuiltIn/Prefabs/Cheese Wedge.prefab using Guid(d26af0ab456ebbd49a85f8d73f94ae9d) Importer(815301076,1909f56bfc062723c751e8b465ee728b) (PreviewImporter) -> (artifact id: '14e124b5e1b935db04484a2473787706') in 0.026489 seconds
Number of updated asset objects reloaded before import = 0Number of asset objects unloaded after import = 12

========================================================================
Received Import Request.
  Time since last request: 0.000048 seconds.
  path: Assets/CrowAssets/Assets/Low Poly Stylized Food/BuiltIn/Prefabs/Ketchup.prefab
  artifactKey: Guid(243e8ac118623dc47b308100e6558aef) Importer(815301076,1909f56bfc062723c751e8b465ee728b)
Start importing Assets/CrowAssets/Assets/Low Poly Stylized Food/BuiltIn/Prefabs/Ketchup.prefab using Guid(243e8ac118623dc47b308100e6558aef) Importer(815301076,1909f56bfc062723c751e8b465ee728b) (PreviewImporter) -> (artifact id: 'a60f4d39b3ec8ef1220a3a56bbcec990') in 0.0534972 seconds
Number of updated asset objects reloaded before import = 0Number of asset objects unloaded after import = 12

========================================================================
Received Import Request.
  Time since last request: 0.000040 seconds.
  path: Assets/CrowAssets/Assets/Low Poly Stylized Food/BuiltIn/Prefabs/Sandwich.prefab
  artifactKey: Guid(d51974cce5fc03c4db7a273eddd8d4ea) Importer(815301076,1909f56bfc062723c751e8b465ee728b)
Start importing Assets/CrowAssets/Assets/Low Poly Stylized Food/BuiltIn/Prefabs/Sandwich.prefab using Guid(d51974cce5fc03c4db7a273eddd8d4ea) Importer(815301076,1909f56bfc062723c751e8b465ee728b) (PreviewImporter) -> (artifact id: 'ddc561e4e471fc0e738bcfa738fab27d') in 0.123809 seconds
Number of updated asset objects reloaded before import = 0Number of asset objects unloaded after import = 74

========================================================================
Received Import Request.
  Time since last request: 0.000031 seconds.
  path: Assets/CrowAssets/Assets/Low Poly Stylized Food/BuiltIn/Prefabs/Jelly.prefab
  artifactKey: Guid(a4c0c02f27a85584ab5856f6999a8296) Importer(815301076,1909f56bfc062723c751e8b465ee728b)
Start importing Assets/CrowAssets/Assets/Low Poly Stylized Food/BuiltIn/Prefabs/Jelly.prefab using Guid(a4c0c02f27a85584ab5856f6999a8296) Importer(815301076,1909f56bfc062723c751e8b465ee728b) (PreviewImporter) -> (artifact id: 'bcf93b00eb2e97e29d764f478820b57c') in 0.0390185 seconds
Number of updated asset objects reloaded before import = 0Number of asset objects unloaded after import = 17

Editor requested this worker to shutdown with reason: Scaling down because of idle timeout
AssetImportWorker is now disconnected from the server
Process exiting
Exiting without the bug reporter. Application will terminate with return code 0