Using pre-set license
Built from '2023.2/staging' branch; Version is '2023.2.20f1 (0e25a174756c) revision 927137'; Using compiler version '193431935'; Build Type 'Release'
OS: 'Windows 10  (10.0.19045) 64bit CoreSingleLanguage' Language: 'en' Physical Memory: 15775 MB
BatchMode: 1, IsHumanControllingUs: 0, StartBugReporterOnCrash: 0, Is64bit: 1, IsPro: 1

COMMAND LINE ARGUMENTS:
C:\Program Files\Unity\Hub\Editor\2023.2.20f1\Editor\Unity.exe
-adb2
-batchMode
-noUpm
-name
AssetImportWorker10
-projectPath
C:/Users/ASUS/Documents/GitHub/GDENG01-GameJam-Home/GDENG-GameJam1
-logFile
Logs/AssetImportWorker10.log
-srvPort
54227
-job-worker-count
7
-background-job-worker-count
8
-asset-garbage-collectors
1
Successfully changed project path to: C:/Users/ASUS/Documents/GitHub/GDENG01-GameJam-Home/GDENG-GameJam1
C:/Users/ASUS/Documents/GitHub/GDENG01-GameJam-Home/GDENG-GameJam1
[UnityMemory] Configuration Parameters - Can be set up in boot.config
    "memorysetup-bucket-allocator-granularity=16"
    "memorysetup-bucket-allocator-bucket-count=8"
    "memorysetup-bucket-allocator-block-size=33554432"
    "memorysetup-bucket-allocator-block-count=8"
    "memorysetup-main-allocator-block-size=16777216"
    "memorysetup-thread-allocator-block-size=16777216"
    "memorysetup-gfx-main-allocator-block-size=16777216"
    "memorysetup-gfx-thread-allocator-block-size=16777216"
    "memorysetup-cache-allocator-block-size=4194304"
    "memorysetup-typetree-allocator-block-size=2097152"
    "memorysetup-profiler-bucket-allocator-granularity=16"
    "memorysetup-profiler-bucket-allocator-bucket-count=8"
    "memorysetup-profiler-bucket-allocator-block-size=33554432"
    "memorysetup-profiler-bucket-allocator-block-count=8"
    "memorysetup-profiler-allocator-block-size=16777216"
    "memorysetup-profiler-editor-allocator-block-size=1048576"
    "memorysetup-temp-allocator-size-main=16777216"
    "memorysetup-job-temp-allocator-block-size=2097152"
    "memorysetup-job-temp-allocator-block-size-background=1048576"
    "memorysetup-job-temp-allocator-reduction-small-platforms=262144"
    "memorysetup-allocator-temp-initial-block-size-main=262144"
    "memorysetup-allocator-temp-initial-block-size-worker=262144"
    "memorysetup-temp-allocator-size-background-worker=32768"
    "memorysetup-temp-allocator-size-job-worker=262144"
    "memorysetup-temp-allocator-size-preload-manager=33554432"
    "memorysetup-temp-allocator-size-nav-mesh-worker=65536"
    "memorysetup-temp-allocator-size-audio-worker=65536"
    "memorysetup-temp-allocator-size-cloud-worker=32768"
    "memorysetup-temp-allocator-size-gi-baking-worker=262144"
    "memorysetup-temp-allocator-size-gi-baking-worker=262144"
    "memorysetup-temp-allocator-size-gi-baking-worker=262144"
    "memorysetup-temp-allocator-size-gi-baking-worker=262144"
    "memorysetup-temp-allocator-size-gfx=262144"
Player connection [11664] Host "[IP] 192.168.18.9 [Port] 0 [Flags] 2 [Guid] 3629723939 [EditorId] 3629723939 [Version] 1048832 [Id] WindowsEditor(7,DESKTOP-LOCDEUQ) [Debug] 1 [PackageName] WindowsEditor [ProjectName] Editor" joined multi-casting on [225.0.0.222:54997]...
Player connection [11664] Host "[IP] 192.168.18.9 [Port] 0 [Flags] 2 [Guid] 3629723939 [EditorId] 3629723939 [Version] 1048832 [Id] WindowsEditor(7,DESKTOP-LOCDEUQ) [Debug] 1 [PackageName] WindowsEditor [ProjectName] Editor" joined alternative multi-casting on [225.0.0.222:34997]...
JobSystem: Creating JobQueue using job-worker-count value 7
[Physics::Module] Initialized MultithreadedJobDispatcher with 7 workers.
Library Redirect Path: Library/
Refreshing native plugins compatible for Editor in 1.43 ms, found 3 plugins.
Preloading 0 native plugins for Editor in 0.00 ms.
Initialize engine version: 2023.2.20f1 (0e25a174756c)
[Subsystems] Discovering subsystems at path C:/Program Files/Unity/Hub/Editor/2023.2.20f1/Editor/Data/Resources/UnitySubsystems
[Subsystems] Discovering subsystems at path C:/Users/ASUS/Documents/GitHub/GDENG01-GameJam-Home/GDENG-GameJam1/Assets
GfxDevice: creating device client; kGfxThreadingModeNonThreaded
Direct3D:
    Version:  Direct3D 11.0 [level 11.1]
    Renderer: NVIDIA GeForce RTX 3050 Laptop GPU (ID=0x25a2)
    Vendor:   NVIDIA
    VRAM:     3964 MB
    Driver:   32.0.15.6607
Initialize mono
Mono path[0] = 'C:/Program Files/Unity/Hub/Editor/2023.2.20f1/Editor/Data/Managed'
Mono path[1] = 'C:/Program Files/Unity/Hub/Editor/2023.2.20f1/Editor/Data/MonoBleedingEdge/lib/mono/unityjit-win32'
Mono config path = 'C:/Program Files/Unity/Hub/Editor/2023.2.20f1/Editor/Data/MonoBleedingEdge/etc'
Using monoOptions --debugger-agent=transport=dt_socket,embedding=1,server=y,suspend=n,address=127.0.0.1:56584
Begin MonoManager ReloadAssembly
Registering precompiled unity dll's ...
Register platform support module: C:/Program Files/Unity/Hub/Editor/2023.2.20f1/Editor/Data/PlaybackEngines/WindowsStandaloneSupport/UnityEditor.WindowsStandalone.Extensions.dll
Register platform support module: C:/Program Files/Unity/Hub/Editor/2023.2.20f1/Editor/Data/PlaybackEngines/AndroidPlayer/UnityEditor.Android.Extensions.dll
Registered in 0.005610 seconds.
- Loaded All Assemblies, in  0.458 seconds
Native extension for Android target not found
Android Extension - Scanning For ADB Devices 251 ms
Native extension for WindowsStandalone target not found
Mono: successfully reloaded assembly
- Finished resetting the current domain, in  0.597 seconds
Domain Reload Profiling: 1052ms
	BeginReloadAssembly (175ms)
		ExecutionOrderSort (0ms)
		DisableScriptedObjects (0ms)
		BackupInstance (0ms)
		ReleaseScriptingObjects (0ms)
		CreateAndSetChildDomain (1ms)
	RebuildCommonClasses (46ms)
	RebuildNativeTypeToScriptingClass (17ms)
	initialDomainReloadingComplete (62ms)
	LoadAllAssembliesAndSetupDomain (154ms)
		LoadAssemblies (173ms)
		RebuildTransferFunctionScriptingTraits (0ms)
		AnalyzeDomain (150ms)
			TypeCache.Refresh (148ms)
				TypeCache.ScanAssembly (135ms)
			BuildScriptInfoCaches (0ms)
			ResolveRequiredComponents (1ms)
	FinalizeReload (597ms)
		ReleaseScriptCaches (0ms)
		RebuildScriptCaches (0ms)
		SetupLoadedEditorAssemblies (545ms)
			LogAssemblyErrors (0ms)
			InitializePlatformSupportModulesInManaged (346ms)
			SetLoadedEditorAssemblies (3ms)
			BeforeProcessingInitializeOnLoad (8ms)
			ProcessInitializeOnLoadAttributes (142ms)
			ProcessInitializeOnLoadMethodAttributes (45ms)
			AfterProcessingInitializeOnLoad (0ms)
			EditorAssembliesLoaded (0ms)
		ExecutionOrderSort2 (0ms)
		AwakeInstancesAfterBackupRestoration (0ms)
========================================================================
Worker process is ready to serve import requests
Import Worker Mode flag is 0x00
Begin MonoManager ReloadAssembly
Symbol file LoadedFromMemory doesn't match image C:\Users\ASUS\Documents\GitHub\GDENG01-GameJam-Home\GDENG-GameJam1\Library\PackageCache\com.unity.visualscripting@1.8.0\Editor\VisualScripting.Core\Dependencies\YamlDotNet\Unity.VisualScripting.YamlDotNet.dll
Symbol file LoadedFromMemory doesn't match image C:\Users\ASUS\Documents\GitHub\GDENG01-GameJam-Home\GDENG-GameJam1\Library\PackageCache\com.unity.visualscripting@1.8.0\Editor\VisualScripting.Core\Dependencies\DotNetZip\Unity.VisualScripting.IonicZip.dll
- Loaded All Assemblies, in  0.919 seconds
Refreshing native plugins compatible for Editor in 0.77 ms, found 3 plugins.
Native extension for Android target not found
Native extension for WindowsStandalone target not found
Mono: successfully reloaded assembly
- Finished resetting the current domain, in  0.739 seconds
Domain Reload Profiling: 1652ms
	BeginReloadAssembly (350ms)
		ExecutionOrderSort (0ms)
		DisableScriptedObjects (5ms)
		BackupInstance (0ms)
		ReleaseScriptingObjects (0ms)
		CreateAndSetChildDomain (33ms)
	RebuildCommonClasses (33ms)
	RebuildNativeTypeToScriptingClass (11ms)
	initialDomainReloadingComplete (41ms)
	LoadAllAssembliesAndSetupDomain (477ms)
		LoadAssemblies (391ms)
		RebuildTransferFunctionScriptingTraits (0ms)
		AnalyzeDomain (189ms)
			TypeCache.Refresh (161ms)
				TypeCache.ScanAssembly (144ms)
			BuildScriptInfoCaches (20ms)
			ResolveRequiredComponents (4ms)
	FinalizeReload (740ms)
		ReleaseScriptCaches (0ms)
		RebuildScriptCaches (0ms)
		SetupLoadedEditorAssemblies (536ms)
			LogAssemblyErrors (0ms)
			InitializePlatformSupportModulesInManaged (20ms)
			SetLoadedEditorAssemblies (3ms)
			BeforeProcessingInitializeOnLoad (55ms)
			ProcessInitializeOnLoadAttributes (429ms)
			ProcessInitializeOnLoadMethodAttributes (21ms)
			AfterProcessingInitializeOnLoad (8ms)
			EditorAssembliesLoaded (0ms)
		ExecutionOrderSort2 (0ms)
		AwakeInstancesAfterBackupRestoration (8ms)
Launched and connected shader compiler UnityShaderCompiler.exe after 0.01 seconds
Refreshing native plugins compatible for Editor in 0.94 ms, found 3 plugins.
Preloading 0 native plugins for Editor in 0.00 ms.
Unloading 63 Unused Serialized files (Serialized files now loaded: 0)
Unloading 3675 unused Assets / (1.8 MB). Loaded Objects now: 4309.
Memory consumption went from 128.3 MB to 126.5 MB.
Total: 8.150500 ms (FindLiveObjects: 0.442400 ms CreateObjectMapping: 0.487300 ms MarkObjects: 5.442900 ms  DeleteObjects: 1.776900 ms)

========================================================================
Received Import Request.
  Time since last request: 1447863.418990 seconds.
  path: Assets/CrowAssets/Assets/Low Poly Stylized Food/Textures/Candy Bar/Candybar_rough.png
  artifactKey: Guid(e5a4812564025864ca77f7f7389b60d1) Importer(815301076,1909f56bfc062723c751e8b465ee728b)
Start importing Assets/CrowAssets/Assets/Low Poly Stylized Food/Textures/Candy Bar/Candybar_rough.png using Guid(e5a4812564025864ca77f7f7389b60d1) Importer(815301076,1909f56bfc062723c751e8b465ee728b) (PreviewImporter) -> (artifact id: 'dcf084ccd5f1b3d14bbf45724aca5bf3') in 0.080515 seconds
Number of updated asset objects reloaded before import = 0Number of asset objects unloaded after import = 2

========================================================================
Received Import Request.
  Time since last request: 0.043282 seconds.
  path: Assets/Imported/PBS Materials Variety Pack/Carpet/Textures/Carpet 2 Normals.png
  artifactKey: Guid(20a12efe5daa01a4481a774f2387c15f) Importer(815301076,1909f56bfc062723c751e8b465ee728b)
Start importing Assets/Imported/PBS Materials Variety Pack/Carpet/Textures/Carpet 2 Normals.png using Guid(20a12efe5daa01a4481a774f2387c15f) Importer(815301076,1909f56bfc062723c751e8b465ee728b) (PreviewImporter) -> (artifact id: 'ee88f0dc7698ec2ca889ddb4c5d1c456') in 0.0339155 seconds
Number of updated asset objects reloaded before import = 0Number of asset objects unloaded after import = 2

========================================================================
Received Import Request.
  Time since last request: 0.000024 seconds.
  path: Assets/CrowAssets/Assets/Low Poly Stylized Food/Textures/Cheese Slice/cheeseSlice_rough.png
  artifactKey: Guid(ab67bbb24e6fe6b46a700d3669c02b76) Importer(815301076,1909f56bfc062723c751e8b465ee728b)
Start importing Assets/CrowAssets/Assets/Low Poly Stylized Food/Textures/Cheese Slice/cheeseSlice_rough.png using Guid(ab67bbb24e6fe6b46a700d3669c02b76) Importer(815301076,1909f56bfc062723c751e8b465ee728b) (PreviewImporter) -> (artifact id: '36870ab0edfa98207902bb87b6a0fdc0') in 0.0189643 seconds
Number of updated asset objects reloaded before import = 0Number of asset objects unloaded after import = 2

========================================================================
Received Import Request.
  Time since last request: 0.004032 seconds.
  path: Assets/Standard Assets/Environment/SpeedTree/Broadleaf/ClippedFrond.tga
  artifactKey: Guid(f82badc465974aa4cbc424065780aa3d) Importer(815301076,1909f56bfc062723c751e8b465ee728b)
Start importing Assets/Standard Assets/Environment/SpeedTree/Broadleaf/ClippedFrond.tga using Guid(f82badc465974aa4cbc424065780aa3d) Importer(815301076,1909f56bfc062723c751e8b465ee728b) (PreviewImporter) -> (artifact id: '77a07851a8898005ff3296e94d5adac3') in 0.0133439 seconds
Number of updated asset objects reloaded before import = 0Number of asset objects unloaded after import = 2

========================================================================
Received Import Request.
  Time since last request: 0.052976 seconds.
  path: Assets/Imported/PBS Materials Variety Pack/Concrete/Textures/Concrete 1.png
  artifactKey: Guid(f25ebca7d22381545ae9e97cc7bc3684) Importer(815301076,1909f56bfc062723c751e8b465ee728b)
Start importing Assets/Imported/PBS Materials Variety Pack/Concrete/Textures/Concrete 1.png using Guid(f25ebca7d22381545ae9e97cc7bc3684) Importer(815301076,1909f56bfc062723c751e8b465ee728b) (PreviewImporter) -> (artifact id: '1a7db32b2ee499e6130720e6545a8530') in 0.0170309 seconds
Number of updated asset objects reloaded before import = 0Number of asset objects unloaded after import = 2

========================================================================
Received Import Request.
  Time since last request: 0.011461 seconds.
  path: Assets/Imported/PBS Materials Variety Pack/Concrete/Textures/Concrete 2 Displacement.png
  artifactKey: Guid(06b8143665c0cbb4c895e3f00d4edbe9) Importer(815301076,1909f56bfc062723c751e8b465ee728b)
Start importing Assets/Imported/PBS Materials Variety Pack/Concrete/Textures/Concrete 2 Displacement.png using Guid(06b8143665c0cbb4c895e3f00d4edbe9) Importer(815301076,1909f56bfc062723c751e8b465ee728b) (PreviewImporter) -> (artifact id: 'fb738a5344ce2beffb121da4ad0e6fbd') in 0.0195194 seconds
Number of updated asset objects reloaded before import = 0Number of asset objects unloaded after import = 2

========================================================================
Received Import Request.
  Time since last request: 0.653904 seconds.
  path: Assets/Standard Assets/Environment/SpeedTree/Conifer/Conifer_Desktop_Atlas.tga
  artifactKey: Guid(ea9799c461d3f6e4eb0be2264829282d) Importer(815301076,1909f56bfc062723c751e8b465ee728b)
Start importing Assets/Standard Assets/Environment/SpeedTree/Conifer/Conifer_Desktop_Atlas.tga using Guid(ea9799c461d3f6e4eb0be2264829282d) Importer(815301076,1909f56bfc062723c751e8b465ee728b) (PreviewImporter) -> (artifact id: 'e34ad561d25e1030c9d012780ed7e8fd') in 0.0146758 seconds
Number of updated asset objects reloaded before import = 0Number of asset objects unloaded after import = 2

========================================================================
Received Import Request.
  Time since last request: 0.007717 seconds.
  path: Assets/Standard Assets/Environment/SpeedTree/Conifer/Conifer_Desktop_Atlas_Normal.tga
  artifactKey: Guid(855926cb3532dc14c87b1e6d589334b2) Importer(815301076,1909f56bfc062723c751e8b465ee728b)
Start importing Assets/Standard Assets/Environment/SpeedTree/Conifer/Conifer_Desktop_Atlas_Normal.tga using Guid(855926cb3532dc14c87b1e6d589334b2) Importer(815301076,1909f56bfc062723c751e8b465ee728b) (PreviewImporter) -> (artifact id: '5ccf955704404a3fdf1d41edd2e399b0') in 0.0150387 seconds
Number of updated asset objects reloaded before import = 0Number of asset objects unloaded after import = 2

========================================================================
Received Import Request.
  Time since last request: 0.007258 seconds.
  path: Assets/Standard Assets/Environment/SpeedTree/Conifer/Conifer_Needles_Desktop.tga
  artifactKey: Guid(34d2758af9e0a2b4690fbcfcad0285d6) Importer(815301076,1909f56bfc062723c751e8b465ee728b)
Start importing Assets/Standard Assets/Environment/SpeedTree/Conifer/Conifer_Needles_Desktop.tga using Guid(34d2758af9e0a2b4690fbcfcad0285d6) Importer(815301076,1909f56bfc062723c751e8b465ee728b) (PreviewImporter) -> (artifact id: '12b0dc3d8194183cb8fb7bb15f142b96') in 0.0150337 seconds
Number of updated asset objects reloaded before import = 0Number of asset objects unloaded after import = 2

========================================================================
Received Import Request.
  Time since last request: 0.861965 seconds.
  path: Assets/Standard Assets/2D/Sprites/CratePinkGridSprite.png
  artifactKey: Guid(12ef7cbdfe0e143fa858a324456c8979) Importer(815301076,1909f56bfc062723c751e8b465ee728b)
Start importing Assets/Standard Assets/2D/Sprites/CratePinkGridSprite.png using Guid(12ef7cbdfe0e143fa858a324456c8979) Importer(815301076,1909f56bfc062723c751e8b465ee728b) (PreviewImporter) -> (artifact id: 'ec7afdeac2b55fb13425c329a40367be') in 0.0264439 seconds
Number of updated asset objects reloaded before import = 0Number of asset objects unloaded after import = 3

========================================================================
Received Import Request.
  Time since last request: 0.013567 seconds.
  path: Assets/Imported/PBS Materials Variety Pack/Dirt/Textures/Dirt 3.png
  artifactKey: Guid(9b9a4368feca8fa449515ae09c9d73e2) Importer(815301076,1909f56bfc062723c751e8b465ee728b)
Start importing Assets/Imported/PBS Materials Variety Pack/Dirt/Textures/Dirt 3.png using Guid(9b9a4368feca8fa449515ae09c9d73e2) Importer(815301076,1909f56bfc062723c751e8b465ee728b) (PreviewImporter) -> (artifact id: 'c046ce66f8ad5d191289a0dd98f51049') in 0.0152726 seconds
Number of updated asset objects reloaded before import = 0Number of asset objects unloaded after import = 2

========================================================================
Received Import Request.
  Time since last request: 0.007133 seconds.
  path: Assets/Imported/PBS Materials Variety Pack/Dirt/Textures/Dirt 3 Normals.png
  artifactKey: Guid(7d8e9222c263e9a449f907781b12209b) Importer(815301076,1909f56bfc062723c751e8b465ee728b)
Start importing Assets/Imported/PBS Materials Variety Pack/Dirt/Textures/Dirt 3 Normals.png using Guid(7d8e9222c263e9a449f907781b12209b) Importer(815301076,1909f56bfc062723c751e8b465ee728b) (PreviewImporter) -> (artifact id: '0daea64e51d00dbb4fed95723992361a') in 0.0175134 seconds
Number of updated asset objects reloaded before import = 0Number of asset objects unloaded after import = 2

========================================================================
Received Import Request.
  Time since last request: 0.053858 seconds.
  path: Assets/Imported/PBS Materials Variety Pack/Dirt/Textures/Dirt 4 Metallic.png
  artifactKey: Guid(788852088ad5de344a7fcd9cdc104b02) Importer(815301076,1909f56bfc062723c751e8b465ee728b)
Start importing Assets/Imported/PBS Materials Variety Pack/Dirt/Textures/Dirt 4 Metallic.png using Guid(788852088ad5de344a7fcd9cdc104b02) Importer(815301076,1909f56bfc062723c751e8b465ee728b) (PreviewImporter) -> (artifact id: 'd1430b1f90fd7282758bacdae8ae39d4') in 0.0163045 seconds
Number of updated asset objects reloaded before import = 0Number of asset objects unloaded after import = 2

========================================================================
Received Import Request.
  Time since last request: 0.008065 seconds.
  path: Assets/Imported/PBS Materials Variety Pack/Dirt/Textures/Dirt 5 Normals.png
  artifactKey: Guid(07be39d5e2e646144b506ec1930fe097) Importer(815301076,1909f56bfc062723c751e8b465ee728b)
Start importing Assets/Imported/PBS Materials Variety Pack/Dirt/Textures/Dirt 5 Normals.png using Guid(07be39d5e2e646144b506ec1930fe097) Importer(815301076,1909f56bfc062723c751e8b465ee728b) (PreviewImporter) -> (artifact id: 'ca2da89fe8f5f3fb335cf03381108761') in 0.020115 seconds
Number of updated asset objects reloaded before import = 0Number of asset objects unloaded after import = 2

========================================================================
Received Import Request.
  Time since last request: 0.007773 seconds.
  path: Assets/Imported/PBS Materials Variety Pack/Dirt/Textures/Dirt 6 Normals.png
  artifactKey: Guid(1c3d1bbc5e0841f4b8af8acc0cd299fd) Importer(815301076,1909f56bfc062723c751e8b465ee728b)
Start importing Assets/Imported/PBS Materials Variety Pack/Dirt/Textures/Dirt 6 Normals.png using Guid(1c3d1bbc5e0841f4b8af8acc0cd299fd) Importer(815301076,1909f56bfc062723c751e8b465ee728b) (PreviewImporter) -> (artifact id: '94dc444210ac60ea1cf3b35cd545639c') in 0.0214649 seconds
Number of updated asset objects reloaded before import = 0Number of asset objects unloaded after import = 2

========================================================================
Received Import Request.
  Time since last request: 0.007813 seconds.
  path: Assets/Imported/PBS Materials Variety Pack/Dirt/Textures/Dirt 7 Normals.png
  artifactKey: Guid(0d3dbdfce7362484790d50e9f9ecd912) Importer(815301076,1909f56bfc062723c751e8b465ee728b)
Start importing Assets/Imported/PBS Materials Variety Pack/Dirt/Textures/Dirt 7 Normals.png using Guid(0d3dbdfce7362484790d50e9f9ecd912) Importer(815301076,1909f56bfc062723c751e8b465ee728b) (PreviewImporter) -> (artifact id: '59ed9820afcc0e0bd79035f7654135d6') in 0.037969 seconds
Number of updated asset objects reloaded before import = 0Number of asset objects unloaded after import = 2

========================================================================
Received Import Request.
  Time since last request: 0.400312 seconds.
  path: Assets/CrowAssets/Assets/Low Poly Stylized Food/Textures/Eggs/Egg_rough.png
  artifactKey: Guid(a599c11dc8279224996b308ca52f114d) Importer(815301076,1909f56bfc062723c751e8b465ee728b)
Start importing Assets/CrowAssets/Assets/Low Poly Stylized Food/Textures/Eggs/Egg_rough.png using Guid(a599c11dc8279224996b308ca52f114d) Importer(815301076,1909f56bfc062723c751e8b465ee728b) (PreviewImporter) -> (artifact id: '5ffc2ba75224f2a59466d22732c42dea') in 0.0207329 seconds
Number of updated asset objects reloaded before import = 0Number of asset objects unloaded after import = 2

========================================================================
Received Import Request.
  Time since last request: 0.002093 seconds.
  path: Assets/Standard Assets/Characters/ThirdPersonCharacter/Textures/EthanOcclusion.png
  artifactKey: Guid(4e2f32e9a1fefc24092337ae061f3dbc) Importer(815301076,1909f56bfc062723c751e8b465ee728b)
Start importing Assets/Standard Assets/Characters/ThirdPersonCharacter/Textures/EthanOcclusion.png using Guid(4e2f32e9a1fefc24092337ae061f3dbc) Importer(815301076,1909f56bfc062723c751e8b465ee728b) (PreviewImporter) -> (artifact id: 'd737b8dc4483beef271a1a471acfe5d5') in 0.0506062 seconds
Number of updated asset objects reloaded before import = 0Number of asset objects unloaded after import = 2

========================================================================
Received Import Request.
  Time since last request: 0.008457 seconds.
  path: Assets/Standard Assets/Effects/Projectors/Textures/Falloff.psd
  artifactKey: Guid(23740055e2b119e40a939138ab8070f8) Importer(815301076,1909f56bfc062723c751e8b465ee728b)
Start importing Assets/Standard Assets/Effects/Projectors/Textures/Falloff.psd using Guid(23740055e2b119e40a939138ab8070f8) Importer(815301076,1909f56bfc062723c751e8b465ee728b) (PreviewImporter) -> (artifact id: '3462167c9810f1029f74ce35c536aac3') in 0.0306701 seconds
Number of updated asset objects reloaded before import = 0Number of asset objects unloaded after import = 2

========================================================================
Received Import Request.
  Time since last request: 0.380682 seconds.
  path: Assets/Standard Assets/Effects/LightCookies/Textures/FlashlightCookie.tif
  artifactKey: Guid(2c29c08dd1c0b6749b7cd0fcff7a29fd) Importer(815301076,1909f56bfc062723c751e8b465ee728b)
Start importing Assets/Standard Assets/Effects/LightCookies/Textures/FlashlightCookie.tif using Guid(2c29c08dd1c0b6749b7cd0fcff7a29fd) Importer(815301076,1909f56bfc062723c751e8b465ee728b) (PreviewImporter) -> (artifact id: '64f412847918d56a450201bdc49c2df3') in 0.014228 seconds
Number of updated asset objects reloaded before import = 0Number of asset objects unloaded after import = 2

========================================================================
Received Import Request.
  Time since last request: 0.033974 seconds.
  path: Assets/Standard Assets/Fonts/OpenSans/OpenSansRegular.ttf
  artifactKey: Guid(b51a3e520f9164da198dc59c8acfccd6) Importer(815301076,1909f56bfc062723c751e8b465ee728b)
Start importing Assets/Standard Assets/Fonts/OpenSans/OpenSansRegular.ttf using Guid(b51a3e520f9164da198dc59c8acfccd6) Importer(815301076,1909f56bfc062723c751e8b465ee728b) (PreviewImporter) -> (artifact id: 'f711c32f1a10a2a230696cbea3217f98') in 0.0365866 seconds
Number of updated asset objects reloaded before import = 0Number of asset objects unloaded after import = 4

========================================================================
Received Import Request.
  Time since last request: 0.057551 seconds.
  path: Assets/DOTween/Editor/Imgs/Footer.png
  artifactKey: Guid(c63ab05944dee134eae449070b840828) Importer(815301076,1909f56bfc062723c751e8b465ee728b)
Start importing Assets/DOTween/Editor/Imgs/Footer.png using Guid(c63ab05944dee134eae449070b840828) Importer(815301076,1909f56bfc062723c751e8b465ee728b) (PreviewImporter) -> (artifact id: '399e2f174a2112eb7542f20efe1b76b3') in 0.0152818 seconds
Number of updated asset objects reloaded before import = 0Number of asset objects unloaded after import = 3

========================================================================
Received Import Request.
  Time since last request: 0.008681 seconds.
  path: Assets/Imported/PBS Materials Variety Pack/Glass/Textures/Glass 1 bump.png
  artifactKey: Guid(7fbb68565a2743c4c930a29f8f29fbf2) Importer(815301076,1909f56bfc062723c751e8b465ee728b)
Start importing Assets/Imported/PBS Materials Variety Pack/Glass/Textures/Glass 1 bump.png using Guid(7fbb68565a2743c4c930a29f8f29fbf2) Importer(815301076,1909f56bfc062723c751e8b465ee728b) (PreviewImporter) -> (artifact id: '5cc8b8784d6f4e004406f0a941ebfdc5') in 0.0175395 seconds
Number of updated asset objects reloaded before import = 0Number of asset objects unloaded after import = 2

========================================================================
Received Import Request.
  Time since last request: 0.007889 seconds.
  path: Assets/Standard Assets/Effects/GlassRefraction/Textures/GlassStainedAlbedo.tif
  artifactKey: Guid(19555d7d9d114c7f1100f5ab44295342) Importer(815301076,1909f56bfc062723c751e8b465ee728b)
Start importing Assets/Standard Assets/Effects/GlassRefraction/Textures/GlassStainedAlbedo.tif using Guid(19555d7d9d114c7f1100f5ab44295342) Importer(815301076,1909f56bfc062723c751e8b465ee728b) (PreviewImporter) -> (artifact id: '45eb6cf1700879c97e21c60d60fb2c63') in 0.0135288 seconds
Number of updated asset objects reloaded before import = 0Number of asset objects unloaded after import = 2

========================================================================
Received Import Request.
  Time since last request: 0.008786 seconds.
  path: Assets/Imported/PBS Materials Variety Pack/Grass/Textures/Grass 1 Displacement.png
  artifactKey: Guid(03aa12d308c6ae14f9a9d4c88e1e8d93) Importer(815301076,1909f56bfc062723c751e8b465ee728b)
Start importing Assets/Imported/PBS Materials Variety Pack/Grass/Textures/Grass 1 Displacement.png using Guid(03aa12d308c6ae14f9a9d4c88e1e8d93) Importer(815301076,1909f56bfc062723c751e8b465ee728b) (PreviewImporter) -> (artifact id: '6ac6c13def14268ec84b067f5fbb4171') in 0.0152703 seconds
Number of updated asset objects reloaded before import = 0Number of asset objects unloaded after import = 2

========================================================================
Received Import Request.
  Time since last request: 0.007771 seconds.
  path: Assets/Imported/PBS Materials Variety Pack/Grass/Textures/Grass 2.png
  artifactKey: Guid(d6d77018ee74c1141b9fa95d54c892bc) Importer(815301076,1909f56bfc062723c751e8b465ee728b)
Start importing Assets/Imported/PBS Materials Variety Pack/Grass/Textures/Grass 2.png using Guid(d6d77018ee74c1141b9fa95d54c892bc) Importer(815301076,1909f56bfc062723c751e8b465ee728b) (PreviewImporter) -> (artifact id: '0ab64bdbdf4b8a0ce4e7b7fdbc66bcd8') in 0.0181562 seconds
Number of updated asset objects reloaded before import = 0Number of asset objects unloaded after import = 2

========================================================================
Received Import Request.
  Time since last request: 0.009526 seconds.
  path: Assets/Imported/PBS Materials Variety Pack/Grass/Textures/Grass 3.png
  artifactKey: Guid(2e0337bb7ad996e4db2d92f149dddee3) Importer(815301076,1909f56bfc062723c751e8b465ee728b)
Start importing Assets/Imported/PBS Materials Variety Pack/Grass/Textures/Grass 3.png using Guid(2e0337bb7ad996e4db2d92f149dddee3) Importer(815301076,1909f56bfc062723c751e8b465ee728b) (PreviewImporter) -> (artifact id: 'e6f287d9db5a5261b43da3880fc99132') in 0.016555 seconds
Number of updated asset objects reloaded before import = 0Number of asset objects unloaded after import = 2

========================================================================
Received Import Request.
  Time since last request: 0.031698 seconds.
  path: Assets/Imported/PBS Materials Variety Pack/Grass/Textures/Grass 4.png
  artifactKey: Guid(80fc12f6789822c4193692d1dd384dc8) Importer(815301076,1909f56bfc062723c751e8b465ee728b)
Start importing Assets/Imported/PBS Materials Variety Pack/Grass/Textures/Grass 4.png using Guid(80fc12f6789822c4193692d1dd384dc8) Importer(815301076,1909f56bfc062723c751e8b465ee728b) (PreviewImporter) -> (artifact id: '070545069058b83fe30c78b0d780592f') in 0.0182491 seconds
Number of updated asset objects reloaded before import = 0Number of asset objects unloaded after import = 2

========================================================================
Received Import Request.
  Time since last request: 0.019884 seconds.
  path: Assets/Imported/PBS Materials Variety Pack/Grass/Textures/Grass 5.png
  artifactKey: Guid(6802036817c6cbd4fbc6bf7219d0c272) Importer(815301076,1909f56bfc062723c751e8b465ee728b)
Start importing Assets/Imported/PBS Materials Variety Pack/Grass/Textures/Grass 5.png using Guid(6802036817c6cbd4fbc6bf7219d0c272) Importer(815301076,1909f56bfc062723c751e8b465ee728b) (PreviewImporter) -> (artifact id: '8e3c30243fcdda20e7db30846eb58ad8') in 0.01835 seconds
Number of updated asset objects reloaded before import = 0Number of asset objects unloaded after import = 2

========================================================================
Received Import Request.
  Time since last request: 0.007532 seconds.
  path: Assets/Imported/PBS Materials Variety Pack/Grass/Textures/Grass 5 Normals.png
  artifactKey: Guid(ff904c9592a24bc49af0cc0e9c980312) Importer(815301076,1909f56bfc062723c751e8b465ee728b)
Start importing Assets/Imported/PBS Materials Variety Pack/Grass/Textures/Grass 5 Normals.png using Guid(ff904c9592a24bc49af0cc0e9c980312) Importer(815301076,1909f56bfc062723c751e8b465ee728b) (PreviewImporter) -> (artifact id: '49a17eeefa1edc1bf9537ce12104ddf3') in 0.0217544 seconds
Number of updated asset objects reloaded before import = 0Number of asset objects unloaded after import = 2

========================================================================
Received Import Request.
  Time since last request: 0.005535 seconds.
  path: Assets/Imported/PBS Materials Variety Pack/Grass/Textures/Grass 6 Normals.png
  artifactKey: Guid(d6dc86b81d936c343b55b45bfca52e46) Importer(815301076,1909f56bfc062723c751e8b465ee728b)
Start importing Assets/Imported/PBS Materials Variety Pack/Grass/Textures/Grass 6 Normals.png using Guid(d6dc86b81d936c343b55b45bfca52e46) Importer(815301076,1909f56bfc062723c751e8b465ee728b) (PreviewImporter) -> (artifact id: '1a82e5913ea5e8b5a5cd95e292716fd5') in 0.0228622 seconds
Number of updated asset objects reloaded before import = 0Number of asset objects unloaded after import = 2

========================================================================
Received Import Request.
  Time since last request: 0.087594 seconds.
  path: Assets/Standard Assets/Prototyping/Textures/GridEmissive.png
  artifactKey: Guid(a196fd6788131ec459bfb26012466fc1) Importer(815301076,1909f56bfc062723c751e8b465ee728b)
Start importing Assets/Standard Assets/Prototyping/Textures/GridEmissive.png using Guid(a196fd6788131ec459bfb26012466fc1) Importer(815301076,1909f56bfc062723c751e8b465ee728b) (PreviewImporter) -> (artifact id: '45a5c340378416dd6b713d1945292eb7') in 0.0184592 seconds
Number of updated asset objects reloaded before import = 0Number of asset objects unloaded after import = 2

========================================================================
Received Import Request.
  Time since last request: 0.000025 seconds.
  path: Assets/CrowAssets/Assets/Low Poly Stylized Food/Textures/Juice Box/JuiceBox_rough.png
  artifactKey: Guid(7019185c5b65c8f4d8f38f51028fe6e0) Importer(815301076,1909f56bfc062723c751e8b465ee728b)
Start importing Assets/CrowAssets/Assets/Low Poly Stylized Food/Textures/Juice Box/JuiceBox_rough.png using Guid(7019185c5b65c8f4d8f38f51028fe6e0) Importer(815301076,1909f56bfc062723c751e8b465ee728b) (PreviewImporter) -> (artifact id: '1e480302412de5c3b0cd623f87eb5724') in 0.0334673 seconds
Number of updated asset objects reloaded before import = 0Number of asset objects unloaded after import = 2

========================================================================
Received Import Request.
  Time since last request: 0.000017 seconds.
  path: Assets/CrowAssets/Assets/Low Poly Stylized Food/Textures/Ketchup/Ketchup_tex.png
  artifactKey: Guid(bcc02d84981b4f9408ca6cc473ada773) Importer(815301076,1909f56bfc062723c751e8b465ee728b)
Start importing Assets/CrowAssets/Assets/Low Poly Stylized Food/Textures/Ketchup/Ketchup_tex.png using Guid(bcc02d84981b4f9408ca6cc473ada773) Importer(815301076,1909f56bfc062723c751e8b465ee728b) (PreviewImporter) -> (artifact id: '2933106eb4a5fe7d6ffc7df54eb82be8') in 0.0226081 seconds
Number of updated asset objects reloaded before import = 0Number of asset objects unloaded after import = 2

========================================================================
Received Import Request.
  Time since last request: 0.004358 seconds.
  path: Assets/Imported/PBS Materials Variety Pack/Leaves/Textures/Leaves 1 Normals.png
  artifactKey: Guid(4e40c694474442d47af61406e2793638) Importer(815301076,1909f56bfc062723c751e8b465ee728b)
Start importing Assets/Imported/PBS Materials Variety Pack/Leaves/Textures/Leaves 1 Normals.png using Guid(4e40c694474442d47af61406e2793638) Importer(815301076,1909f56bfc062723c751e8b465ee728b) (PreviewImporter) -> (artifact id: '418a0efe08f1ed06f8a54ac4c12de9cb') in 0.0173559 seconds
Number of updated asset objects reloaded before import = 0Number of asset objects unloaded after import = 2

========================================================================
Received Import Request.
  Time since last request: 0.000021 seconds.
  path: Assets/CrowAssets/Assets/Low Poly Stylized Food/Textures/Lettuce/Lettuce_tex.png
  artifactKey: Guid(ff074a2d88bcf4445af1b6ebde5d8d00) Importer(815301076,1909f56bfc062723c751e8b465ee728b)
Start importing Assets/CrowAssets/Assets/Low Poly Stylized Food/Textures/Lettuce/Lettuce_tex.png using Guid(ff074a2d88bcf4445af1b6ebde5d8d00) Importer(815301076,1909f56bfc062723c751e8b465ee728b) (PreviewImporter) -> (artifact id: '9539a0accb0e3c34d9ecbea44b5055e0') in 0.0169676 seconds
Number of updated asset objects reloaded before import = 0Number of asset objects unloaded after import = 2

========================================================================
Received Import Request.
  Time since last request: 0.000023 seconds.
  path: Assets/Standard Assets/Effects/LightCookies/Textures/LightSoftCookie.tif
  artifactKey: Guid(8caa437b19957a045866b84c6218a0db) Importer(815301076,1909f56bfc062723c751e8b465ee728b)
Start importing Assets/Standard Assets/Effects/LightCookies/Textures/LightSoftCookie.tif using Guid(8caa437b19957a045866b84c6218a0db) Importer(815301076,1909f56bfc062723c751e8b465ee728b) (PreviewImporter) -> (artifact id: 'f92b2e212b55938a86b2c9164401a08e') in 0.0236326 seconds
Number of updated asset objects reloaded before import = 0Number of asset objects unloaded after import = 2

========================================================================
Received Import Request.
  Time since last request: 0.008311 seconds.
  path: Assets/CrowAssets/Assets/Low Poly Stylized Food/Textures/Lunch Meat/meat_tex.png
  artifactKey: Guid(58b9b8188cabac549b844094b9f252fa) Importer(815301076,1909f56bfc062723c751e8b465ee728b)
Start importing Assets/CrowAssets/Assets/Low Poly Stylized Food/Textures/Lunch Meat/meat_tex.png using Guid(58b9b8188cabac549b844094b9f252fa) Importer(815301076,1909f56bfc062723c751e8b465ee728b) (PreviewImporter) -> (artifact id: 'd0eae511cd686f2dd2550e617601d9bc') in 0.0185466 seconds
Number of updated asset objects reloaded before import = 0Number of asset objects unloaded after import = 2

========================================================================
Received Import Request.
  Time since last request: 0.070558 seconds.
  path: Assets/Imported/PBS Materials Variety Pack/Metal/Textures/Metal 4.png
  artifactKey: Guid(bc3353e0b9ab0cb41a176bb915813706) Importer(815301076,1909f56bfc062723c751e8b465ee728b)
Start importing Assets/Imported/PBS Materials Variety Pack/Metal/Textures/Metal 4.png using Guid(bc3353e0b9ab0cb41a176bb915813706) Importer(815301076,1909f56bfc062723c751e8b465ee728b) (PreviewImporter) -> (artifact id: 'd77f035cce00de58073a433912ba0ede') in 0.0291416 seconds
Number of updated asset objects reloaded before import = 0Number of asset objects unloaded after import = 2

========================================================================
Received Import Request.
  Time since last request: 0.762008 seconds.
  path: Assets/Imported/PBS Materials Variety Pack/Metal/Textures/Metal 5.png
  artifactKey: Guid(c6509950a63cb40428783f8d6f60fd6f) Importer(815301076,1909f56bfc062723c751e8b465ee728b)
Start importing Assets/Imported/PBS Materials Variety Pack/Metal/Textures/Metal 5.png using Guid(c6509950a63cb40428783f8d6f60fd6f) Importer(815301076,1909f56bfc062723c751e8b465ee728b) (PreviewImporter) -> (artifact id: 'fcf87a0af4cffc0545ca5f6adc3fb05a') in 0.0192042 seconds
Number of updated asset objects reloaded before import = 0Number of asset objects unloaded after import = 2

========================================================================
Received Import Request.
  Time since last request: 0.019408 seconds.
  path: Assets/Imported/PBS Materials Variety Pack/Metal/Textures/Metal 6 Displacement.png
  artifactKey: Guid(24401568c3731394eb2b4aa90da40701) Importer(815301076,1909f56bfc062723c751e8b465ee728b)
Start importing Assets/Imported/PBS Materials Variety Pack/Metal/Textures/Metal 6 Displacement.png using Guid(24401568c3731394eb2b4aa90da40701) Importer(815301076,1909f56bfc062723c751e8b465ee728b) (PreviewImporter) -> (artifact id: '5b6f6050a865e1f206dfdbda61da7d04') in 0.0167358 seconds
Number of updated asset objects reloaded before import = 0Number of asset objects unloaded after import = 2

========================================================================
Received Import Request.
  Time since last request: 0.010344 seconds.
  path: Assets/Imported/PBS Materials Variety Pack/Metal/Textures/Metal 7 Displacement.png
  artifactKey: Guid(ee71a5fb908c9df4992e704ed65f5e07) Importer(815301076,1909f56bfc062723c751e8b465ee728b)
Start importing Assets/Imported/PBS Materials Variety Pack/Metal/Textures/Metal 7 Displacement.png using Guid(ee71a5fb908c9df4992e704ed65f5e07) Importer(815301076,1909f56bfc062723c751e8b465ee728b) (PreviewImporter) -> (artifact id: 'c1439968c9e27264692c561537a802ef') in 0.0094128 seconds
Number of updated asset objects reloaded before import = 0Number of asset objects unloaded after import = 2

========================================================================
Received Import Request.
  Time since last request: 0.079480 seconds.
  path: Assets/Imported/PBS Materials Variety Pack/Metal/Textures/Metal 10.png
  artifactKey: Guid(7cdd3fd82b7d67c4f925939cc16c7f42) Importer(815301076,1909f56bfc062723c751e8b465ee728b)
Start importing Assets/Imported/PBS Materials Variety Pack/Metal/Textures/Metal 10.png using Guid(7cdd3fd82b7d67c4f925939cc16c7f42) Importer(815301076,1909f56bfc062723c751e8b465ee728b) (PreviewImporter) -> (artifact id: '3a9027459087e95bd2488726997d301f') in 0.0190747 seconds
Number of updated asset objects reloaded before import = 0Number of asset objects unloaded after import = 2

========================================================================
Received Import Request.
  Time since last request: 0.021431 seconds.
  path: Assets/Imported/PBS Materials Variety Pack/Metal/Textures/Metal 11.png
  artifactKey: Guid(cf1a3f0058e3a8840a0745f00321cbd0) Importer(815301076,1909f56bfc062723c751e8b465ee728b)
Start importing Assets/Imported/PBS Materials Variety Pack/Metal/Textures/Metal 11.png using Guid(cf1a3f0058e3a8840a0745f00321cbd0) Importer(815301076,1909f56bfc062723c751e8b465ee728b) (PreviewImporter) -> (artifact id: 'b9818ed05f0a599b99c6f303ff3de14a') in 0.0177689 seconds
Number of updated asset objects reloaded before import = 0Number of asset objects unloaded after import = 2

========================================================================
Received Import Request.
  Time since last request: 0.018769 seconds.
  path: Assets/Imported/PBS Materials Variety Pack/Metal/Textures/Metal 12.png
  artifactKey: Guid(dc394a6d69ff7d546aa8d267f989ff35) Importer(815301076,1909f56bfc062723c751e8b465ee728b)
Start importing Assets/Imported/PBS Materials Variety Pack/Metal/Textures/Metal 12.png using Guid(dc394a6d69ff7d546aa8d267f989ff35) Importer(815301076,1909f56bfc062723c751e8b465ee728b) (PreviewImporter) -> (artifact id: 'bcb2e3b9591ca635265e7a085526b04c') in 0.0191992 seconds
Number of updated asset objects reloaded before import = 0Number of asset objects unloaded after import = 2

========================================================================
Received Import Request.
  Time since last request: 0.051930 seconds.
  path: Assets/Imported/PBS Materials Variety Pack/Metal/Textures/Metal 14 Displacement.png
  artifactKey: Guid(55900a20acb2ac440838dd862a98c929) Importer(815301076,1909f56bfc062723c751e8b465ee728b)
Start importing Assets/Imported/PBS Materials Variety Pack/Metal/Textures/Metal 14 Displacement.png using Guid(55900a20acb2ac440838dd862a98c929) Importer(815301076,1909f56bfc062723c751e8b465ee728b) (PreviewImporter) -> (artifact id: '83db3d70a478762145bc41c265cea6a4') in 0.0175872 seconds
Number of updated asset objects reloaded before import = 0Number of asset objects unloaded after import = 2

========================================================================
Received Import Request.
  Time since last request: 0.010464 seconds.
  path: Assets/Imported/PBS Materials Variety Pack/Metal/Textures/Metal 15.png
  artifactKey: Guid(38ece58511273114e9630bd0cf9617b9) Importer(815301076,1909f56bfc062723c751e8b465ee728b)
Start importing Assets/Imported/PBS Materials Variety Pack/Metal/Textures/Metal 15.png using Guid(38ece58511273114e9630bd0cf9617b9) Importer(815301076,1909f56bfc062723c751e8b465ee728b) (PreviewImporter) -> (artifact id: 'b8647d4bd7f55ecc4c211333611a3986') in 0.0191492 seconds
Number of updated asset objects reloaded before import = 0Number of asset objects unloaded after import = 2

========================================================================
Received Import Request.
  Time since last request: 0.007083 seconds.
  path: Assets/Imported/PBS Materials Variety Pack/Metal/Textures/Metal 15 Occlusion.png
  artifactKey: Guid(af59914b9d9bb2240b56b10815e12d57) Importer(815301076,1909f56bfc062723c751e8b465ee728b)
Start importing Assets/Imported/PBS Materials Variety Pack/Metal/Textures/Metal 15 Occlusion.png using Guid(af59914b9d9bb2240b56b10815e12d57) Importer(815301076,1909f56bfc062723c751e8b465ee728b) (PreviewImporter) -> (artifact id: '041ec0f4b2b7988b06d03469af6f5af8') in 0.0196232 seconds
Number of updated asset objects reloaded before import = 0Number of asset objects unloaded after import = 2

========================================================================
Received Import Request.
  Time since last request: 0.008840 seconds.
  path: Assets/Imported/PBS Materials Variety Pack/Metal/Textures/Metal 16 Normals.png
  artifactKey: Guid(2d0f7317720d4334388177296a93a372) Importer(815301076,1909f56bfc062723c751e8b465ee728b)
Start importing Assets/Imported/PBS Materials Variety Pack/Metal/Textures/Metal 16 Normals.png using Guid(2d0f7317720d4334388177296a93a372) Importer(815301076,1909f56bfc062723c751e8b465ee728b) (PreviewImporter) -> (artifact id: '7c74f1c54341a12f25344c9e2fe7b3ae') in 0.0191866 seconds
Number of updated asset objects reloaded before import = 0Number of asset objects unloaded after import = 2

========================================================================
Received Import Request.
  Time since last request: 0.007711 seconds.
  path: Assets/Imported/PBS Materials Variety Pack/Metal/Textures/Metal 17 Displacement.png
  artifactKey: Guid(3e0ee07e6a502e04292354bf404287d6) Importer(815301076,1909f56bfc062723c751e8b465ee728b)
Start importing Assets/Imported/PBS Materials Variety Pack/Metal/Textures/Metal 17 Displacement.png using Guid(3e0ee07e6a502e04292354bf404287d6) Importer(815301076,1909f56bfc062723c751e8b465ee728b) (PreviewImporter) -> (artifact id: '94373171ca56895cb6dc41975b066036') in 0.017958 seconds
Number of updated asset objects reloaded before import = 0Number of asset objects unloaded after import = 2

========================================================================
Received Import Request.
  Time since last request: 0.020157 seconds.
  path: Assets/Imported/PBS Materials Variety Pack/Metal/Textures/Metal Emission Mask.png
  artifactKey: Guid(a895c5afdc6a9544499c83da17247645) Importer(815301076,1909f56bfc062723c751e8b465ee728b)
Start importing Assets/Imported/PBS Materials Variety Pack/Metal/Textures/Metal Emission Mask.png using Guid(a895c5afdc6a9544499c83da17247645) Importer(815301076,1909f56bfc062723c751e8b465ee728b) (PreviewImporter) -> (artifact id: '95334ffb54cfd0ee901eb2a7348f7dcd') in 0.0178676 seconds
Number of updated asset objects reloaded before import = 0Number of asset objects unloaded after import = 2

========================================================================
Received Import Request.
  Time since last request: 38.859543 seconds.
  path: Assets/Imported/PBS Materials Variety Pack/Metal/Textures/Metal Rust 2 Normals.png
  artifactKey: Guid(578c9534299edcd47a91730be033d460) Importer(815301076,1909f56bfc062723c751e8b465ee728b)
Start importing Assets/Imported/PBS Materials Variety Pack/Metal/Textures/Metal Rust 2 Normals.png using Guid(578c9534299edcd47a91730be033d460) Importer(815301076,1909f56bfc062723c751e8b465ee728b) (PreviewImporter) -> (artifact id: '82e693b9e439116cf78fa57a93c49304') in 0.0166713 seconds
Number of updated asset objects reloaded before import = 0Number of asset objects unloaded after import = 2

========================================================================
Received Import Request.
  Time since last request: 0.011243 seconds.
  path: Assets/Imported/PBS Materials Variety Pack/Metal/Textures/Metal Rust Normals.png
  artifactKey: Guid(523185ac83753b249a110b4506f37970) Importer(815301076,1909f56bfc062723c751e8b465ee728b)
Start importing Assets/Imported/PBS Materials Variety Pack/Metal/Textures/Metal Rust Normals.png using Guid(523185ac83753b249a110b4506f37970) Importer(815301076,1909f56bfc062723c751e8b465ee728b) (PreviewImporter) -> (artifact id: '871fa12b4f8018f3fdf38dd1ddd921dd') in 0.0178948 seconds
Number of updated asset objects reloaded before import = 0Number of asset objects unloaded after import = 2

========================================================================
Received Import Request.
  Time since last request: 0.007596 seconds.
  path: Assets/Standard Assets/ParticleSystems/Textures/ParticleFlamesSheet.png
  artifactKey: Guid(cd102e47c908ab34781303c4d964f3df) Importer(815301076,1909f56bfc062723c751e8b465ee728b)
Start importing Assets/Standard Assets/ParticleSystems/Textures/ParticleFlamesSheet.png using Guid(cd102e47c908ab34781303c4d964f3df) Importer(815301076,1909f56bfc062723c751e8b465ee728b) (PreviewImporter) -> (artifact id: '71cb4c19728b66e724e8955a69151981') in 0.0131077 seconds
Number of updated asset objects reloaded before import = 0Number of asset objects unloaded after import = 2

========================================================================
Received Import Request.
  Time since last request: 0.021268 seconds.
  path: Assets/Imported/PBS Materials Variety Pack/Rocks/Textures/Rocks6_Displacement.png
  artifactKey: Guid(3ebd5a3752ce40a4dae580ca404cba57) Importer(815301076,1909f56bfc062723c751e8b465ee728b)
Start importing Assets/Imported/PBS Materials Variety Pack/Rocks/Textures/Rocks6_Displacement.png using Guid(3ebd5a3752ce40a4dae580ca404cba57) Importer(815301076,1909f56bfc062723c751e8b465ee728b) (PreviewImporter) -> (artifact id: 'd6117860bc34c26d4e715c83bf81a263') in 0.0176366 seconds
Number of updated asset objects reloaded before import = 0Number of asset objects unloaded after import = 2

========================================================================
Received Import Request.
  Time since last request: 0.007730 seconds.
  path: Assets/Imported/PBS Materials Variety Pack/Stone/Textures/Stone 1 Displacement.png
  artifactKey: Guid(b931549eb89b78b40a45187952c0aee8) Importer(815301076,1909f56bfc062723c751e8b465ee728b)
Start importing Assets/Imported/PBS Materials Variety Pack/Stone/Textures/Stone 1 Displacement.png using Guid(b931549eb89b78b40a45187952c0aee8) Importer(815301076,1909f56bfc062723c751e8b465ee728b) (PreviewImporter) -> (artifact id: '0305fb119b4cfbd5acab400792c6b400') in 0.0172062 seconds
Number of updated asset objects reloaded before import = 0Number of asset objects unloaded after import = 2

========================================================================
Received Import Request.
  Time since last request: 0.008557 seconds.
  path: Assets/Imported/PBS Materials Variety Pack/Tiles/Textures/Tile 1 Displacement.png
  artifactKey: Guid(3794f4b1a88236549a5a753f8b30a143) Importer(815301076,1909f56bfc062723c751e8b465ee728b)
Start importing Assets/Imported/PBS Materials Variety Pack/Tiles/Textures/Tile 1 Displacement.png using Guid(3794f4b1a88236549a5a753f8b30a143) Importer(815301076,1909f56bfc062723c751e8b465ee728b) (PreviewImporter) -> (artifact id: '04efcedbaaec082d59c9017974cb881e') in 0.0190004 seconds
Number of updated asset objects reloaded before import = 0Number of asset objects unloaded after import = 2

========================================================================
Received Import Request.
  Time since last request: 0.010093 seconds.
  path: Assets/Imported/PBS Materials Variety Pack/Tiles/Textures/Tile 2 Metallic.png
  artifactKey: Guid(88cdd02b45a8e2642a4e0db7b8e73670) Importer(815301076,1909f56bfc062723c751e8b465ee728b)
Start importing Assets/Imported/PBS Materials Variety Pack/Tiles/Textures/Tile 2 Metallic.png using Guid(88cdd02b45a8e2642a4e0db7b8e73670) Importer(815301076,1909f56bfc062723c751e8b465ee728b) (PreviewImporter) -> (artifact id: 'd7a5c032ca9bc1a2aac746befc93a08a') in 0.0150806 seconds
Number of updated asset objects reloaded before import = 0Number of asset objects unloaded after import = 2

========================================================================
Received Import Request.
  Time since last request: 0.014759 seconds.
  path: Assets/Imported/PBS Materials Variety Pack/Tiles/Textures/Tile 4 Displacement.png
  artifactKey: Guid(bfea26b3a79b8dd42856752de52b917d) Importer(815301076,1909f56bfc062723c751e8b465ee728b)
Start importing Assets/Imported/PBS Materials Variety Pack/Tiles/Textures/Tile 4 Displacement.png using Guid(bfea26b3a79b8dd42856752de52b917d) Importer(815301076,1909f56bfc062723c751e8b465ee728b) (PreviewImporter) -> (artifact id: '08a076f45ced068f983fa22ac21fe0c4') in 0.0175961 seconds
Number of updated asset objects reloaded before import = 0Number of asset objects unloaded after import = 2

========================================================================
Received Import Request.
  Time since last request: 0.048624 seconds.
  path: Assets/Imported/PBS Materials Variety Pack/Wooden Boards/Textures/Wooden Boards 6 Displacement.png
  artifactKey: Guid(650a35dc511099e4fbc98b9c6552def6) Importer(815301076,1909f56bfc062723c751e8b465ee728b)
Start importing Assets/Imported/PBS Materials Variety Pack/Wooden Boards/Textures/Wooden Boards 6 Displacement.png using Guid(650a35dc511099e4fbc98b9c6552def6) Importer(815301076,1909f56bfc062723c751e8b465ee728b) (PreviewImporter) -> (artifact id: 'deea17578ccf794468478545f925fdaa') in 0.0224404 seconds
Number of updated asset objects reloaded before import = 0Number of asset objects unloaded after import = 2

========================================================================
Received Prepare
Begin MonoManager ReloadAssembly
Symbol file LoadedFromMemory doesn't match image C:\Users\ASUS\Documents\GitHub\GDENG01-GameJam-Home\GDENG-GameJam1\Library\PackageCache\com.unity.visualscripting@1.8.0\Editor\VisualScripting.Core\Dependencies\YamlDotNet\Unity.VisualScripting.YamlDotNet.dll
Symbol file LoadedFromMemory doesn't match image C:\Users\ASUS\Documents\GitHub\GDENG01-GameJam-Home\GDENG-GameJam1\Library\PackageCache\com.unity.visualscripting@1.8.0\Editor\VisualScripting.Core\Dependencies\DotNetZip\Unity.VisualScripting.IonicZip.dll
- Loaded All Assemblies, in  0.734 seconds
Refreshing native plugins compatible for Editor in 1.09 ms, found 3 plugins.
Native extension for Android target not found
Native extension for WindowsStandalone target not found
Mono: successfully reloaded assembly
- Finished resetting the current domain, in  0.789 seconds
Domain Reload Profiling: 1519ms
	BeginReloadAssembly (209ms)
		ExecutionOrderSort (0ms)
		DisableScriptedObjects (5ms)
		BackupInstance (0ms)
		ReleaseScriptingObjects (0ms)
		CreateAndSetChildDomain (48ms)
	RebuildCommonClasses (38ms)
	RebuildNativeTypeToScriptingClass (14ms)
	initialDomainReloadingComplete (33ms)
	LoadAllAssembliesAndSetupDomain (434ms)
		LoadAssemblies (399ms)
		RebuildTransferFunctionScriptingTraits (0ms)
		AnalyzeDomain (147ms)
			TypeCache.Refresh (8ms)
				TypeCache.ScanAssembly (1ms)
			BuildScriptInfoCaches (130ms)
			ResolveRequiredComponents (5ms)
	FinalizeReload (790ms)
		ReleaseScriptCaches (0ms)
		RebuildScriptCaches (0ms)
		SetupLoadedEditorAssemblies (578ms)
			LogAssemblyErrors (0ms)
			InitializePlatformSupportModulesInManaged (20ms)
			SetLoadedEditorAssemblies (3ms)
			BeforeProcessingInitializeOnLoad (50ms)
			ProcessInitializeOnLoadAttributes (475ms)
			ProcessInitializeOnLoadMethodAttributes (20ms)
			AfterProcessingInitializeOnLoad (9ms)
			EditorAssembliesLoaded (0ms)
		ExecutionOrderSort2 (0ms)
		AwakeInstancesAfterBackupRestoration (8ms)
Refreshing native plugins compatible for Editor in 0.94 ms, found 3 plugins.
Preloading 0 native plugins for Editor in 0.00 ms.
Unloading 3 Unused Serialized files (Serialized files now loaded: 0)
Unloading 3676 unused Assets / (1.5 MB). Loaded Objects now: 4369.
Memory consumption went from 117.3 MB to 115.8 MB.
Total: 7.112000 ms (FindLiveObjects: 0.410500 ms CreateObjectMapping: 0.439500 ms MarkObjects: 5.015300 ms  DeleteObjects: 1.246200 ms)

Prepare: number of updated asset objects reloaded= 0
========================================================================
Received Prepare
Begin MonoManager ReloadAssembly
Symbol file LoadedFromMemory doesn't match image C:\Users\ASUS\Documents\GitHub\GDENG01-GameJam-Home\GDENG-GameJam1\Library\PackageCache\com.unity.visualscripting@1.8.0\Editor\VisualScripting.Core\Dependencies\YamlDotNet\Unity.VisualScripting.YamlDotNet.dll
Symbol file LoadedFromMemory doesn't match image C:\Users\ASUS\Documents\GitHub\GDENG01-GameJam-Home\GDENG-GameJam1\Library\PackageCache\com.unity.visualscripting@1.8.0\Editor\VisualScripting.Core\Dependencies\DotNetZip\Unity.VisualScripting.IonicZip.dll
- Loaded All Assemblies, in  0.712 seconds
Refreshing native plugins compatible for Editor in 1.03 ms, found 3 plugins.
Native extension for Android target not found
Native extension for WindowsStandalone target not found
Mono: successfully reloaded assembly
- Finished resetting the current domain, in  0.979 seconds
Domain Reload Profiling: 1686ms
	BeginReloadAssembly (216ms)
		ExecutionOrderSort (0ms)
		DisableScriptedObjects (6ms)
		BackupInstance (0ms)
		ReleaseScriptingObjects (0ms)
		CreateAndSetChildDomain (45ms)
	RebuildCommonClasses (40ms)
	RebuildNativeTypeToScriptingClass (15ms)
	initialDomainReloadingComplete (35ms)
	LoadAllAssembliesAndSetupDomain (402ms)
		LoadAssemblies (383ms)
		RebuildTransferFunctionScriptingTraits (0ms)
		AnalyzeDomain (138ms)
			TypeCache.Refresh (6ms)
				TypeCache.ScanAssembly (0ms)
			BuildScriptInfoCaches (123ms)
			ResolveRequiredComponents (5ms)
	FinalizeReload (979ms)
		ReleaseScriptCaches (0ms)
		RebuildScriptCaches (0ms)
		SetupLoadedEditorAssemblies (722ms)
			LogAssemblyErrors (0ms)
			InitializePlatformSupportModulesInManaged (26ms)
			SetLoadedEditorAssemblies (4ms)
			BeforeProcessingInitializeOnLoad (64ms)
			ProcessInitializeOnLoadAttributes (584ms)
			ProcessInitializeOnLoadMethodAttributes (33ms)
			AfterProcessingInitializeOnLoad (10ms)
			EditorAssembliesLoaded (0ms)
		ExecutionOrderSort2 (0ms)
		AwakeInstancesAfterBackupRestoration (11ms)
Refreshing native plugins compatible for Editor in 1.22 ms, found 3 plugins.
Preloading 0 native plugins for Editor in 0.00 ms.
Unloading 3 Unused Serialized files (Serialized files now loaded: 0)
Unloading 3676 unused Assets / (1.7 MB). Loaded Objects now: 4369.
Memory consumption went from 119.3 MB to 117.6 MB.
Total: 12.040700 ms (FindLiveObjects: 0.668600 ms CreateObjectMapping: 1.097300 ms MarkObjects: 7.746900 ms  DeleteObjects: 2.525200 ms)

Prepare: number of updated asset objects reloaded= 0
========================================================================
Received Prepare
Begin MonoManager ReloadAssembly
Symbol file LoadedFromMemory doesn't match image C:\Users\ASUS\Documents\GitHub\GDENG01-GameJam-Home\GDENG-GameJam1\Library\PackageCache\com.unity.visualscripting@1.8.0\Editor\VisualScripting.Core\Dependencies\YamlDotNet\Unity.VisualScripting.YamlDotNet.dll
Symbol file LoadedFromMemory doesn't match image C:\Users\ASUS\Documents\GitHub\GDENG01-GameJam-Home\GDENG-GameJam1\Library\PackageCache\com.unity.visualscripting@1.8.0\Editor\VisualScripting.Core\Dependencies\DotNetZip\Unity.VisualScripting.IonicZip.dll
- Loaded All Assemblies, in  0.820 seconds
Refreshing native plugins compatible for Editor in 1.26 ms, found 3 plugins.
Native extension for Android target not found
Native extension for WindowsStandalone target not found
Mono: successfully reloaded assembly
- Finished resetting the current domain, in  1.155 seconds
Domain Reload Profiling: 1971ms
	BeginReloadAssembly (245ms)
		ExecutionOrderSort (0ms)
		DisableScriptedObjects (7ms)
		BackupInstance (0ms)
		ReleaseScriptingObjects (0ms)
		CreateAndSetChildDomain (48ms)
	RebuildCommonClasses (45ms)
	RebuildNativeTypeToScriptingClass (17ms)
	initialDomainReloadingComplete (41ms)
	LoadAllAssembliesAndSetupDomain (467ms)
		LoadAssemblies (441ms)
		RebuildTransferFunctionScriptingTraits (0ms)
		AnalyzeDomain (167ms)
			TypeCache.Refresh (6ms)
				TypeCache.ScanAssembly (0ms)
			BuildScriptInfoCaches (151ms)
			ResolveRequiredComponents (6ms)
	FinalizeReload (1156ms)
		ReleaseScriptCaches (0ms)
		RebuildScriptCaches (0ms)
		SetupLoadedEditorAssemblies (852ms)
			LogAssemblyErrors (0ms)
			InitializePlatformSupportModulesInManaged (30ms)
			SetLoadedEditorAssemblies (4ms)
			BeforeProcessingInitializeOnLoad (73ms)
			ProcessInitializeOnLoadAttributes (699ms)
			ProcessInitializeOnLoadMethodAttributes (32ms)
			AfterProcessingInitializeOnLoad (14ms)
			EditorAssembliesLoaded (0ms)
		ExecutionOrderSort2 (0ms)
		AwakeInstancesAfterBackupRestoration (16ms)
Refreshing native plugins compatible for Editor in 1.53 ms, found 3 plugins.
Preloading 0 native plugins for Editor in 0.00 ms.
Unloading 3 Unused Serialized files (Serialized files now loaded: 0)
Unloading 3676 unused Assets / (1.8 MB). Loaded Objects now: 4369.
Memory consumption went from 121.2 MB to 119.4 MB.
Total: 11.473900 ms (FindLiveObjects: 0.623100 ms CreateObjectMapping: 0.709700 ms MarkObjects: 7.871700 ms  DeleteObjects: 2.268100 ms)

Prepare: number of updated asset objects reloaded= 0
========================================================================
Received Prepare
Begin MonoManager ReloadAssembly
Symbol file LoadedFromMemory doesn't match image C:\Users\ASUS\Documents\GitHub\GDENG01-GameJam-Home\GDENG-GameJam1\Library\PackageCache\com.unity.visualscripting@1.8.0\Editor\VisualScripting.Core\Dependencies\YamlDotNet\Unity.VisualScripting.YamlDotNet.dll
Symbol file LoadedFromMemory doesn't match image C:\Users\ASUS\Documents\GitHub\GDENG01-GameJam-Home\GDENG-GameJam1\Library\PackageCache\com.unity.visualscripting@1.8.0\Editor\VisualScripting.Core\Dependencies\DotNetZip\Unity.VisualScripting.IonicZip.dll
- Loaded All Assemblies, in  0.711 seconds
Refreshing native plugins compatible for Editor in 1.11 ms, found 3 plugins.
Native extension for Android target not found
Native extension for WindowsStandalone target not found
Mono: successfully reloaded assembly
- Finished resetting the current domain, in  0.956 seconds
Domain Reload Profiling: 1665ms
	BeginReloadAssembly (216ms)
		ExecutionOrderSort (0ms)
		DisableScriptedObjects (8ms)
		BackupInstance (0ms)
		ReleaseScriptingObjects (0ms)
		CreateAndSetChildDomain (52ms)
	RebuildCommonClasses (39ms)
	RebuildNativeTypeToScriptingClass (14ms)
	initialDomainReloadingComplete (34ms)
	LoadAllAssembliesAndSetupDomain (405ms)
		LoadAssemblies (372ms)
		RebuildTransferFunctionScriptingTraits (0ms)
		AnalyzeDomain (143ms)
			TypeCache.Refresh (5ms)
				TypeCache.ScanAssembly (0ms)
			BuildScriptInfoCaches (127ms)
			ResolveRequiredComponents (6ms)
	FinalizeReload (957ms)
		ReleaseScriptCaches (0ms)
		RebuildScriptCaches (0ms)
		SetupLoadedEditorAssemblies (708ms)
			LogAssemblyErrors (0ms)
			InitializePlatformSupportModulesInManaged (26ms)
			SetLoadedEditorAssemblies (4ms)
			BeforeProcessingInitializeOnLoad (64ms)
			ProcessInitializeOnLoadAttributes (577ms)
			ProcessInitializeOnLoadMethodAttributes (25ms)
			AfterProcessingInitializeOnLoad (12ms)
			EditorAssembliesLoaded (0ms)
		ExecutionOrderSort2 (0ms)
		AwakeInstancesAfterBackupRestoration (11ms)
Refreshing native plugins compatible for Editor in 1.25 ms, found 3 plugins.
Preloading 0 native plugins for Editor in 0.00 ms.
Unloading 3 Unused Serialized files (Serialized files now loaded: 0)
Unloading 3676 unused Assets / (1.6 MB). Loaded Objects now: 4369.
Memory consumption went from 123.2 MB to 121.5 MB.
Total: 10.409500 ms (FindLiveObjects: 0.460600 ms CreateObjectMapping: 0.531100 ms MarkObjects: 6.977200 ms  DeleteObjects: 2.439400 ms)

Prepare: number of updated asset objects reloaded= 0
========================================================================
Received Import Request.
  Time since last request: 512.241392 seconds.
  path: Assets/Free Wood Door Pack/Texture/Door_13/Door_1_Substance_Hig_Material _2576_MetallicSmoothness.tga
  artifactKey: Guid(39994fb47e93efa48b16b2c67b187d12) Importer(815301076,1909f56bfc062723c751e8b465ee728b)
Start importing Assets/Free Wood Door Pack/Texture/Door_13/Door_1_Substance_Hig_Material _2576_MetallicSmoothness.tga using Guid(39994fb47e93efa48b16b2c67b187d12) Importer(815301076,1909f56bfc062723c751e8b465ee728b) (PreviewImporter) -> (artifact id: '6e6b70fbff85b9c5cb840a11a3fdb75a') in 0.1143894 seconds
Number of updated asset objects reloaded before import = 0Number of asset objects unloaded after import = 2

========================================================================
Received Import Request.
  Time since last request: 60.028998 seconds.
  path: Assets/Free Wood Door Pack/Texture/Door_15/Door_15_Spec.tga
  artifactKey: Guid(6a5df21a4a00a284a954e87d411818d9) Importer(815301076,1909f56bfc062723c751e8b465ee728b)
Start importing Assets/Free Wood Door Pack/Texture/Door_15/Door_15_Spec.tga using Guid(6a5df21a4a00a284a954e87d411818d9) Importer(815301076,1909f56bfc062723c751e8b465ee728b) (PreviewImporter) -> (artifact id: 'd5ef336bf6e6186b0a4c34488801ae09') in 0.0277839 seconds
Number of updated asset objects reloaded before import = 0Number of asset objects unloaded after import = 2

========================================================================
Received Import Request.
  Time since last request: 0.630162 seconds.
  path: Assets/Free Wood Door Pack/Texture/Door_11/Door_11_Spec.tga
  artifactKey: Guid(5484aa2081f79b74489170c904cb880e) Importer(815301076,1909f56bfc062723c751e8b465ee728b)
Start importing Assets/Free Wood Door Pack/Texture/Door_11/Door_11_Spec.tga using Guid(5484aa2081f79b74489170c904cb880e) Importer(815301076,1909f56bfc062723c751e8b465ee728b) (PreviewImporter) -> (artifact id: '18de6fe3c733dabd32eb98274644dab1') in 0.0098521 seconds
Number of updated asset objects reloaded before import = 0Number of asset objects unloaded after import = 2

========================================================================
Received Import Request.
  Time since last request: 0.000023 seconds.
  path: Assets/Free Wood Door Pack/Texture/Door_12/Door_12_AO.tga
  artifactKey: Guid(a5dd181bf194a9543839bcad3d7b4332) Importer(815301076,1909f56bfc062723c751e8b465ee728b)
Start importing Assets/Free Wood Door Pack/Texture/Door_12/Door_12_AO.tga using Guid(a5dd181bf194a9543839bcad3d7b4332) Importer(815301076,1909f56bfc062723c751e8b465ee728b) (PreviewImporter) -> (artifact id: 'da4092489be1f166d0428936cea1a279') in 0.0195993 seconds
Number of updated asset objects reloaded before import = 0Number of asset objects unloaded after import = 2

========================================================================
Received Import Request.
  Time since last request: 0.000019 seconds.
  path: Assets/Free Wood Door Pack/Texture/Door_12/Door_12_Normal.tga
  artifactKey: Guid(00be283f537ca464fa507f6805b239d8) Importer(815301076,1909f56bfc062723c751e8b465ee728b)
Start importing Assets/Free Wood Door Pack/Texture/Door_12/Door_12_Normal.tga using Guid(00be283f537ca464fa507f6805b239d8) Importer(815301076,1909f56bfc062723c751e8b465ee728b) (PreviewImporter) -> (artifact id: 'f838ad8ef2caf3d46bb6219fb86f19a2') in 0.0264883 seconds
Number of updated asset objects reloaded before import = 0Number of asset objects unloaded after import = 2

========================================================================
Received Import Request.
  Time since last request: 0.000041 seconds.
  path: Assets/Free Wood Door Pack/Texture/Door_9/Door_9_Albedo.tga
  artifactKey: Guid(2d0a45feaff0d1e46bd7b927083c8f3d) Importer(815301076,1909f56bfc062723c751e8b465ee728b)
Start importing Assets/Free Wood Door Pack/Texture/Door_9/Door_9_Albedo.tga using Guid(2d0a45feaff0d1e46bd7b927083c8f3d) Importer(815301076,1909f56bfc062723c751e8b465ee728b) (PreviewImporter) -> (artifact id: '7d365d0aef8e213c8e14e6f968ed536c') in 0.0215245 seconds
Number of updated asset objects reloaded before import = 0Number of asset objects unloaded after import = 2

========================================================================
Received Import Request.
  Time since last request: 0.000039 seconds.
  path: Assets/Free Wood Door Pack/Texture/Door_11/Door_11_AO.tga
  artifactKey: Guid(3397a63d90d6d634cb7bdc3749002f8f) Importer(815301076,1909f56bfc062723c751e8b465ee728b)
Start importing Assets/Free Wood Door Pack/Texture/Door_11/Door_11_AO.tga using Guid(3397a63d90d6d634cb7bdc3749002f8f) Importer(815301076,1909f56bfc062723c751e8b465ee728b) (PreviewImporter) -> (artifact id: '3511dc798690497df5e9a5b49b2203cb') in 0.0184397 seconds
Number of updated asset objects reloaded before import = 0Number of asset objects unloaded after import = 2

========================================================================
Received Import Request.
  Time since last request: 0.000041 seconds.
  path: Assets/Free Wood Door Pack/Texture/Door_6/Door_6_Spec.tga
  artifactKey: Guid(1a36545627bb79142b69099d8a7bec7c) Importer(815301076,1909f56bfc062723c751e8b465ee728b)
Start importing Assets/Free Wood Door Pack/Texture/Door_6/Door_6_Spec.tga using Guid(1a36545627bb79142b69099d8a7bec7c) Importer(815301076,1909f56bfc062723c751e8b465ee728b) (PreviewImporter) -> (artifact id: 'd635a29a41f89ce9813d0e60117d8b14') in 0.0131 seconds
Number of updated asset objects reloaded before import = 0Number of asset objects unloaded after import = 2

========================================================================
Received Import Request.
  Time since last request: 0.000027 seconds.
  path: Assets/Free Wood Door Pack/Texture/Door_7/Door_7_AO.tga
  artifactKey: Guid(f4ae0a6d4f77d5f44903b32adf6e4283) Importer(815301076,1909f56bfc062723c751e8b465ee728b)
Start importing Assets/Free Wood Door Pack/Texture/Door_7/Door_7_AO.tga using Guid(f4ae0a6d4f77d5f44903b32adf6e4283) Importer(815301076,1909f56bfc062723c751e8b465ee728b) (PreviewImporter) -> (artifact id: '60a5dfd88925b044c8a08b1762529f09') in 0.0244657 seconds
Number of updated asset objects reloaded before import = 0Number of asset objects unloaded after import = 2

========================================================================
Received Import Request.
  Time since last request: 0.000019 seconds.
  path: Assets/Free Wood Door Pack/Texture/Door_10/Door_10_Spec.tga
  artifactKey: Guid(06e10be436ebe3743a8fafc55951db3d) Importer(815301076,1909f56bfc062723c751e8b465ee728b)
Start importing Assets/Free Wood Door Pack/Texture/Door_10/Door_10_Spec.tga using Guid(06e10be436ebe3743a8fafc55951db3d) Importer(815301076,1909f56bfc062723c751e8b465ee728b) (PreviewImporter) -> (artifact id: 'e0f88d332d0e794b19994f03fc4eb996') in 0.0113667 seconds
Number of updated asset objects reloaded before import = 0Number of asset objects unloaded after import = 2

========================================================================
Received Import Request.
  Time since last request: 0.000019 seconds.
  path: Assets/Free Wood Door Pack/Texture/Door_4/Door_4_Spec.tga
  artifactKey: Guid(63e17ffbb4808c24c80b589730401458) Importer(815301076,1909f56bfc062723c751e8b465ee728b)
Start importing Assets/Free Wood Door Pack/Texture/Door_4/Door_4_Spec.tga using Guid(63e17ffbb4808c24c80b589730401458) Importer(815301076,1909f56bfc062723c751e8b465ee728b) (PreviewImporter) -> (artifact id: '7e5a514235783fc3d18435d4352176c1') in 0.011344 seconds
Number of updated asset objects reloaded before import = 0Number of asset objects unloaded after import = 2

========================================================================
Received Import Request.
  Time since last request: 0.000034 seconds.
  path: Assets/Free Wood Door Pack/Texture/Door_4/Door_4_Normal.tga
  artifactKey: Guid(572d3b0e79f0dca46bdd21ea6dc7eb72) Importer(815301076,1909f56bfc062723c751e8b465ee728b)
Start importing Assets/Free Wood Door Pack/Texture/Door_4/Door_4_Normal.tga using Guid(572d3b0e79f0dca46bdd21ea6dc7eb72) Importer(815301076,1909f56bfc062723c751e8b465ee728b) (PreviewImporter) -> (artifact id: '14b7257432a74376f4ffa1617756ab0c') in 0.0232331 seconds
Number of updated asset objects reloaded before import = 0Number of asset objects unloaded after import = 2

========================================================================
Received Import Request.
  Time since last request: 0.000025 seconds.
  path: Assets/Free Wood Door Pack/Texture/Door_8/Door_8_Spec.tga
  artifactKey: Guid(e30fc7e460e5db94ea1a0aeada921824) Importer(815301076,1909f56bfc062723c751e8b465ee728b)
Start importing Assets/Free Wood Door Pack/Texture/Door_8/Door_8_Spec.tga using Guid(e30fc7e460e5db94ea1a0aeada921824) Importer(815301076,1909f56bfc062723c751e8b465ee728b) (PreviewImporter) -> (artifact id: '6f28d3ea24cd638dd61d4ec76a48fc49') in 0.0121546 seconds
Number of updated asset objects reloaded before import = 0Number of asset objects unloaded after import = 2

========================================================================
Received Import Request.
  Time since last request: 0.000030 seconds.
  path: Assets/Free Wood Door Pack/Texture/Door_5/Door_5_Normal.tga
  artifactKey: Guid(d421dfea93132764183e45f0cd33648a) Importer(815301076,1909f56bfc062723c751e8b465ee728b)
Start importing Assets/Free Wood Door Pack/Texture/Door_5/Door_5_Normal.tga using Guid(d421dfea93132764183e45f0cd33648a) Importer(815301076,1909f56bfc062723c751e8b465ee728b) (PreviewImporter) -> (artifact id: 'd0f55bcac3e74e79b755ae146b292c72') in 0.0246122 seconds
Number of updated asset objects reloaded before import = 0Number of asset objects unloaded after import = 2

========================================================================
Received Import Request.
  Time since last request: 0.000028 seconds.
  path: Assets/Free Wood Door Pack/Texture/Door_3/Door_3_Normal.tga
  artifactKey: Guid(7a7e9bd7ae46883409010795e700d1c4) Importer(815301076,1909f56bfc062723c751e8b465ee728b)
Start importing Assets/Free Wood Door Pack/Texture/Door_3/Door_3_Normal.tga using Guid(7a7e9bd7ae46883409010795e700d1c4) Importer(815301076,1909f56bfc062723c751e8b465ee728b) (PreviewImporter) -> (artifact id: '52c22c5cc8d2507f19508cc8a1aab848') in 0.0245961 seconds
Number of updated asset objects reloaded before import = 0Number of asset objects unloaded after import = 2

========================================================================
Received Import Request.
  Time since last request: 0.000018 seconds.
  path: Assets/Free Wood Door Pack/Texture/Door_5/Door_5_AO.tga
  artifactKey: Guid(890063677c335b04fb46b96d2b4d4ba8) Importer(815301076,1909f56bfc062723c751e8b465ee728b)
Start importing Assets/Free Wood Door Pack/Texture/Door_5/Door_5_AO.tga using Guid(890063677c335b04fb46b96d2b4d4ba8) Importer(815301076,1909f56bfc062723c751e8b465ee728b) (PreviewImporter) -> (artifact id: '68dd3c0796b27613d037276733ea5184') in 0.0198873 seconds
Number of updated asset objects reloaded before import = 0Number of asset objects unloaded after import = 2

========================================================================
Received Import Request.
  Time since last request: 0.000017 seconds.
  path: Assets/Free Wood Door Pack/Texture/Door_5/Door_5_Spec.tga
  artifactKey: Guid(4a3bff1f4e74166439542c2c0ad6889b) Importer(815301076,1909f56bfc062723c751e8b465ee728b)
Start importing Assets/Free Wood Door Pack/Texture/Door_5/Door_5_Spec.tga using Guid(4a3bff1f4e74166439542c2c0ad6889b) Importer(815301076,1909f56bfc062723c751e8b465ee728b) (PreviewImporter) -> (artifact id: '7580ee2763987ee0dffdc6c94ca84c76') in 0.0106789 seconds
Number of updated asset objects reloaded before import = 0Number of asset objects unloaded after import = 2

========================================================================
Received Import Request.
  Time since last request: 0.000019 seconds.
  path: Assets/Free Wood Door Pack/Texture/Door_8/Door_8_Albedo.tga
  artifactKey: Guid(840a7e4f6b66d8d488c5ad9be0e2fb18) Importer(815301076,1909f56bfc062723c751e8b465ee728b)
Start importing Assets/Free Wood Door Pack/Texture/Door_8/Door_8_Albedo.tga using Guid(840a7e4f6b66d8d488c5ad9be0e2fb18) Importer(815301076,1909f56bfc062723c751e8b465ee728b) (PreviewImporter) -> (artifact id: '2956faa580a2f5e626feb57c218ee118') in 0.0195964 seconds
Number of updated asset objects reloaded before import = 0Number of asset objects unloaded after import = 2

========================================================================
Received Import Request.
  Time since last request: 0.000023 seconds.
  path: Assets/Free Wood Door Pack/Texture/Door_2/Door_2_Spec.tga
  artifactKey: Guid(96762064c68aa32418a54ce133a843e3) Importer(815301076,1909f56bfc062723c751e8b465ee728b)
Start importing Assets/Free Wood Door Pack/Texture/Door_2/Door_2_Spec.tga using Guid(96762064c68aa32418a54ce133a843e3) Importer(815301076,1909f56bfc062723c751e8b465ee728b) (PreviewImporter) -> (artifact id: 'f73e9a5be2dc42f839466a792e8338c7') in 0.0128387 seconds
Number of updated asset objects reloaded before import = 0Number of asset objects unloaded after import = 2

========================================================================
Received Import Request.
  Time since last request: 0.000027 seconds.
  path: Assets/Free Wood Door Pack/Texture/Door_4/Door_4_AO.tga
  artifactKey: Guid(016a4659443b3f04c935cf22a1c9dfec) Importer(815301076,1909f56bfc062723c751e8b465ee728b)
Start importing Assets/Free Wood Door Pack/Texture/Door_4/Door_4_AO.tga using Guid(016a4659443b3f04c935cf22a1c9dfec) Importer(815301076,1909f56bfc062723c751e8b465ee728b) (PreviewImporter) -> (artifact id: '692f683b60d9a2298b5335e7c0af1290') in 0.0178843 seconds
Number of updated asset objects reloaded before import = 0Number of asset objects unloaded after import = 2

========================================================================
Received Import Request.
  Time since last request: 0.000020 seconds.
  path: Assets/Free Wood Door Pack/Texture/Door_1/Door_1_Normal.tga
  artifactKey: Guid(26be57ecef44e1541b727dd623149c1c) Importer(815301076,1909f56bfc062723c751e8b465ee728b)
Start importing Assets/Free Wood Door Pack/Texture/Door_1/Door_1_Normal.tga using Guid(26be57ecef44e1541b727dd623149c1c) Importer(815301076,1909f56bfc062723c751e8b465ee728b) (PreviewImporter) -> (artifact id: 'c03a3e8cf9d2dc6396cfa55a50a070d3') in 0.0245372 seconds
Number of updated asset objects reloaded before import = 0Number of asset objects unloaded after import = 2

========================================================================
Received Import Request.
  Time since last request: 0.000020 seconds.
  path: Assets/Free Wood Door Pack/Texture/Door_1/Door_1_Albedo.tga
  artifactKey: Guid(f822c2187a7a68e4ba9463850e328d0d) Importer(815301076,1909f56bfc062723c751e8b465ee728b)
Start importing Assets/Free Wood Door Pack/Texture/Door_1/Door_1_Albedo.tga using Guid(f822c2187a7a68e4ba9463850e328d0d) Importer(815301076,1909f56bfc062723c751e8b465ee728b) (PreviewImporter) -> (artifact id: 'cde08c65fbbaf739b3920fe6c3d2ed8a') in 0.0192797 seconds
Number of updated asset objects reloaded before import = 0Number of asset objects unloaded after import = 2

========================================================================
Received Import Request.
  Time since last request: 0.000021 seconds.
  path: Assets/Free Wood Door Pack/Texture/Door_1/Door_1_Spec.tga
  artifactKey: Guid(d4c212e8e8ebc324596480955a0edc93) Importer(815301076,1909f56bfc062723c751e8b465ee728b)
Start importing Assets/Free Wood Door Pack/Texture/Door_1/Door_1_Spec.tga using Guid(d4c212e8e8ebc324596480955a0edc93) Importer(815301076,1909f56bfc062723c751e8b465ee728b) (PreviewImporter) -> (artifact id: '0cbd8586da83305da7050931c1e37de5') in 0.0120819 seconds
Number of updated asset objects reloaded before import = 0Number of asset objects unloaded after import = 2

========================================================================
Received Import Request.
  Time since last request: 0.000025 seconds.
  path: Assets/Free Wood Door Pack/Texture/Door_12/Door_12_Spec.tga
  artifactKey: Guid(11bd45944f2e4314aae8043abd43e09c) Importer(815301076,1909f56bfc062723c751e8b465ee728b)
Start importing Assets/Free Wood Door Pack/Texture/Door_12/Door_12_Spec.tga using Guid(11bd45944f2e4314aae8043abd43e09c) Importer(815301076,1909f56bfc062723c751e8b465ee728b) (PreviewImporter) -> (artifact id: '970d156866b9daf20c170570e766b3d9') in 0.015307 seconds
Number of updated asset objects reloaded before import = 0Number of asset objects unloaded after import = 2

========================================================================
Received Import Request.
  Time since last request: 0.000028 seconds.
  path: Assets/Free Wood Door Pack/Texture/Door_11/Door_11_Albedo.tga
  artifactKey: Guid(74b5905cfa9d4e34aa782bbde93dc37c) Importer(815301076,1909f56bfc062723c751e8b465ee728b)
Start importing Assets/Free Wood Door Pack/Texture/Door_11/Door_11_Albedo.tga using Guid(74b5905cfa9d4e34aa782bbde93dc37c) Importer(815301076,1909f56bfc062723c751e8b465ee728b) (PreviewImporter) -> (artifact id: 'c07794f15e9dd58585bf5aa560790297') in 0.0226927 seconds
Number of updated asset objects reloaded before import = 0Number of asset objects unloaded after import = 2

========================================================================
Received Import Request.
  Time since last request: 0.000031 seconds.
  path: Assets/Free Wood Door Pack/Texture/Door_3/Door_3_AO.tga
  artifactKey: Guid(77c3a04c74beff9438fb489a06543e71) Importer(815301076,1909f56bfc062723c751e8b465ee728b)
Start importing Assets/Free Wood Door Pack/Texture/Door_3/Door_3_AO.tga using Guid(77c3a04c74beff9438fb489a06543e71) Importer(815301076,1909f56bfc062723c751e8b465ee728b) (PreviewImporter) -> (artifact id: '7bb37d97e2a4443f3e39bbf953fb9b44') in 0.0206142 seconds
Number of updated asset objects reloaded before import = 0Number of asset objects unloaded after import = 2

========================================================================
Received Import Request.
  Time since last request: 0.000026 seconds.
  path: Assets/Free Wood Door Pack/Texture/Door_1/Door_1_AO.tga
  artifactKey: Guid(a4c635dd499ad4b4db7ecd8c3e69b21b) Importer(815301076,1909f56bfc062723c751e8b465ee728b)
Start importing Assets/Free Wood Door Pack/Texture/Door_1/Door_1_AO.tga using Guid(a4c635dd499ad4b4db7ecd8c3e69b21b) Importer(815301076,1909f56bfc062723c751e8b465ee728b) (PreviewImporter) -> (artifact id: '99ac8bbb0c2e881382bd75e979c788b2') in 0.0237087 seconds
Number of updated asset objects reloaded before import = 0Number of asset objects unloaded after import = 2

========================================================================
Received Import Request.
  Time since last request: 0.000029 seconds.
  path: Assets/Free Wood Door Pack/Texture/Door_15/Door_15_Albedo.tga
  artifactKey: Guid(1b3c2f766a745d442a28be495406ff6d) Importer(815301076,1909f56bfc062723c751e8b465ee728b)
Start importing Assets/Free Wood Door Pack/Texture/Door_15/Door_15_Albedo.tga using Guid(1b3c2f766a745d442a28be495406ff6d) Importer(815301076,1909f56bfc062723c751e8b465ee728b) (PreviewImporter) -> (artifact id: '28ab404777b9f1aae7bdca6f8f186198') in 0.0231018 seconds
Number of updated asset objects reloaded before import = 0Number of asset objects unloaded after import = 2

========================================================================
Received Import Request.
  Time since last request: 0.000029 seconds.
  path: Assets/Free Wood Door Pack/Texture/Door_8/Door_8_Normal.tga
  artifactKey: Guid(a3a5b565f0a73914c8db7a08b71217ed) Importer(815301076,1909f56bfc062723c751e8b465ee728b)
Start importing Assets/Free Wood Door Pack/Texture/Door_8/Door_8_Normal.tga using Guid(a3a5b565f0a73914c8db7a08b71217ed) Importer(815301076,1909f56bfc062723c751e8b465ee728b) (PreviewImporter) -> (artifact id: 'f8446697f6da8c201fa4be293e41dac3') in 0.031081 seconds
Number of updated asset objects reloaded before import = 0Number of asset objects unloaded after import = 2

========================================================================
Received Import Request.
  Time since last request: 0.000044 seconds.
  path: Assets/Free Wood Door Pack/Texture/Door_9/Door_9_Normal.tga
  artifactKey: Guid(1ccb48405ed765644b4d0c5c398b570e) Importer(815301076,1909f56bfc062723c751e8b465ee728b)
Start importing Assets/Free Wood Door Pack/Texture/Door_9/Door_9_Normal.tga using Guid(1ccb48405ed765644b4d0c5c398b570e) Importer(815301076,1909f56bfc062723c751e8b465ee728b) (PreviewImporter) -> (artifact id: '1ca3c9622e5f7cbd8e52642c54deeffd') in 0.0216751 seconds
Number of updated asset objects reloaded before import = 0Number of asset objects unloaded after import = 2

Editor requested this worker to shutdown with reason: Scaling down because of idle timeout
AssetImportWorker is now disconnected from the server
Process exiting
Exiting without the bug reporter. Application will terminate with return code 0